#
# There is insufficient memory for the Java Runtime Environment to continue.
# Native memory allocation (malloc) failed to allocate 32744 bytes for ChunkPool::allocate
# Possible reasons:
#   The system is out of physical RAM or swap space
#   In 32 bit mode, the process size limit was hit
# Possible solutions:
#   Reduce memory load on the system
#   Increase physical memory or swap space
#   Check if swap backing store is full
#   Use 64 bit Java on a 64 bit OS
#   Decrease Java heap size (-Xmx/-Xms)
#   Decrease number of Java threads
#   Decrease Java thread stack sizes (-Xss)
#   Set larger code cache with -XX:ReservedCodeCacheSize=
# This output file may be truncated or incomplete.
#
#  Out of Memory Error (allocation.cpp:273), pid=652, tid=0x0000000000001790
#
# JRE version: Java(TM) SE Runtime Environment (8.0_144-b01) (build 1.8.0_144-b01)
# Java VM: Java HotSpot(TM) 64-Bit Server VM (25.144-b01 mixed mode windows-amd64 compressed oops)
# Failed to write core dump. Minidumps are not enabled by default on client versions of Windows
#

---------------  T H R E A D  ---------------

Current thread (0x000000001d48d800):  JavaThread "C1 CompilerThread2" daemon [_thread_in_native, id=6032, stack(0x000000001ddb0000,0x000000001deb0000)]

Stack: [0x000000001ddb0000,0x000000001deb0000]
[error occurred during error reporting (printing stack bounds), id 0xc0000005]

Native frames: (J=compiled Java code, j=interpreted, Vv=VM code, C=native code)


Current CompileTask:
C1:  54212 4438       3       sysu.consistency.classify.feature.DiffFeature::feature (1568 bytes)


---------------  P R O C E S S  ---------------

Java Threads: ( => current thread )
  0x000000001f4c6000 JavaThread "pool-2-thread-1" daemon [_thread_blocked, id=6540, stack(0x0000000025520000,0x0000000025620000)]
  0x000000001f1b5800 JavaThread "cluster-ClusterId{value='5ac3623adb611d028c3eb54a', description='null'}-192.168.1.61:27017" daemon [_thread_blocked, id=9288, stack(0x0000000025710000,0x0000000025810000)]
  0x000000001d4e4000 JavaThread "Service Thread" daemon [_thread_blocked, id=5228, stack(0x000000001e000000,0x000000001e100000)]
=>0x000000001d48d800 JavaThread "C1 CompilerThread2" daemon [_thread_in_native, id=6032, stack(0x000000001ddb0000,0x000000001deb0000)]
  0x000000001d470000 JavaThread "C2 CompilerThread1" daemon [_thread_in_native, id=10644, stack(0x000000001dc50000,0x000000001dd50000)]
  0x000000001d46a800 JavaThread "C2 CompilerThread0" daemon [_thread_blocked, id=8580, stack(0x000000001d230000,0x000000001d330000)]
  0x000000001d469000 JavaThread "Attach Listener" daemon [_thread_blocked, id=7580, stack(0x000000001da50000,0x000000001db50000)]
  0x000000001d465800 JavaThread "Signal Dispatcher" daemon [_thread_blocked, id=7680, stack(0x000000001d890000,0x000000001d990000)]
  0x000000001bdfc800 JavaThread "Finalizer" daemon [_thread_blocked, id=8400, stack(0x000000001d350000,0x000000001d450000)]
  0x000000001bdb5800 JavaThread "Reference Handler" daemon [_thread_blocked, id=10792, stack(0x000000001d0e0000,0x000000001d1e0000)]
  0x000000000245f800 JavaThread "main" [_thread_in_Java, id=7860, stack(0x00000000024d0000,0x00000000025d0000)]

Other Threads:
  0x000000001bdae000 VMThread [stack: 0x000000001cf40000,0x000000001d040000] [id=8392]
  0x000000001d52b000 WatcherThread [stack: 0x000000001e1f0000,0x000000001e2f0000] [id=7664]

VM state:not at safepoint (normal execution)

VM Mutex/Monitor currently owned by a thread: None

Heap:
 PSYoungGen      total 1356800K, used 588137K [0x000000076ab00000, 0x00000007bfa80000, 0x00000007c0000000)
  eden space 1324544K, 44% used [0x000000076ab00000,0x000000078e541380,0x00000007bb880000)
  from space 32256K, 13% used [0x00000007bdb00000,0x00000007bdf19308,0x00000007bfa80000)
  to   space 33792K, 0% used [0x00000007bb880000,0x00000007bb880000,0x00000007bd980000)
 ParOldGen       total 1398272K, used 80499K [0x00000006c0000000, 0x0000000715580000, 0x000000076ab00000)
  object space 1398272K, 5% used [0x00000006c0000000,0x00000006c4e9ced8,0x0000000715580000)
 Metaspace       used 21404K, capacity 22116K, committed 22400K, reserved 1069056K
  class space    used 2646K, capacity 2829K, committed 2944K, reserved 1048576K

Card table byte_map: [0x0000000011990000,0x00000000121a0000] byte_map_base: 0x000000000e390000

Marking Bits: (ParMarkBitMap*) 0x000000006c13d850
 Begin Bits: [0x0000000012c20000, 0x0000000016c20000)
 End Bits:   [0x0000000016c20000, 0x000000001ac20000)

Polling page: 0x0000000000530000

CodeCache: size=245760Kb used=14380Kb max_used=14831Kb free=231379Kb
 bounds [0x00000000025d0000, 0x00000000035f0000, 0x00000000115d0000]
 total_blobs=3879 nmethods=3468 adapters=323
 compilation: enabled

Compilation events (10 events):
Event: 49.289 Thread 0x000000001d46a800 nmethod 4434 0x0000000002f80850 code [0x0000000002f809a0, 0x0000000002f80a38]
Event: 49.289 Thread 0x000000001d46a800 4435       4       sun.invoke.util.ValueConversions::unboxInteger (27 bytes)
Event: 49.290 Thread 0x000000001d46a800 nmethod 4435 0x0000000002887350 code [0x0000000002887480, 0x00000000028874f8]
Event: 49.294 Thread 0x000000001d470000 nmethod 4433 0x0000000002ffb950 code [0x0000000002ffbac0, 0x0000000002ffbf38]
Event: 49.897 Thread 0x000000001d48d800 4436       1       com.mongodb.client.model.DBCollectionFindOptions::projection (7 bytes)
Event: 49.898 Thread 0x000000001d48d800 nmethod 4436 0x0000000003097fd0 code [0x0000000003098120, 0x0000000003098250]
Event: 53.938 Thread 0x000000001d46a800 4437       4       org.bson.io.OutputBuffer::writeCharacters (273 bytes)
Event: 53.961 Thread 0x000000001d46a800 nmethod 4437 0x0000000002e79210 code [0x0000000002e79460, 0x0000000002e7a648]
Event: 54.065 Thread 0x000000001d48d800 4438       3       sysu.consistency.classify.feature.DiffFeature::feature (1568 bytes)
Event: 54.083 Thread 0x000000001d470000 4439       4       java.lang.Integer::equals (29 bytes)

GC Heap History (10 events):
Event: 46.983 GC heap before
{Heap before GC invocations=27 (full 1):
 PSYoungGen      total 1347584K, used 1327456K [0x000000076ab00000, 0x00000007c0000000, 0x00000007c0000000)
  eden space 1306112K, 100% used [0x000000076ab00000,0x00000007ba680000,0x00000007ba680000)
  from space 41472K, 51% used [0x00000007ba680000,0x00000007bbb580c0,0x00000007bcf00000)
  to   space 42496K, 0% used [0x00000007bd680000,0x00000007bd680000,0x00000007c0000000)
 ParOldGen       total 1398272K, used 80315K [0x00000006c0000000, 0x0000000715580000, 0x000000076ab00000)
  object space 1398272K, 5% used [0x00000006c0000000,0x00000006c4e6eed8,0x0000000715580000)
 Metaspace       used 21404K, capacity 22116K, committed 22400K, reserved 1069056K
  class space    used 2646K, capacity 2829K, committed 2944K, reserved 1048576K
Event: 46.986 GC heap after
Heap after GC invocations=27 (full 1):
 PSYoungGen      total 1354240K, used 2784K [0x000000076ab00000, 0x00000007bfe00000, 0x00000007c0000000)
  eden space 1313792K, 0% used [0x000000076ab00000,0x000000076ab00000,0x00000007bae00000)
  from space 40448K, 6% used [0x00000007bd680000,0x00000007bd938010,0x00000007bfe00000)
  to   space 40960K, 0% used [0x00000007bae00000,0x00000007bae00000,0x00000007bd600000)
 ParOldGen       total 1398272K, used 80347K [0x00000006c0000000, 0x0000000715580000, 0x000000076ab00000)
  object space 1398272K, 5% used [0x00000006c0000000,0x00000006c4e76ed8,0x0000000715580000)
 Metaspace       used 21404K, capacity 22116K, committed 22400K, reserved 1069056K
  class space    used 2646K, capacity 2829K, committed 2944K, reserved 1048576K
}
Event: 48.498 GC heap before
{Heap before GC invocations=28 (full 1):
 PSYoungGen      total 1354240K, used 1316576K [0x000000076ab00000, 0x00000007bfe00000, 0x00000007c0000000)
  eden space 1313792K, 100% used [0x000000076ab00000,0x00000007bae00000,0x00000007bae00000)
  from space 40448K, 6% used [0x00000007bd680000,0x00000007bd938010,0x00000007bfe00000)
  to   space 40960K, 0% used [0x00000007bae00000,0x00000007bae00000,0x00000007bd600000)
 ParOldGen       total 1398272K, used 80347K [0x00000006c0000000, 0x0000000715580000, 0x000000076ab00000)
  object space 1398272K, 5% used [0x00000006c0000000,0x00000006c4e76ed8,0x0000000715580000)
 Metaspace       used 21404K, capacity 22116K, committed 22400K, reserved 1069056K
  class space    used 2646K, capacity 2829K, committed 2944K, reserved 1048576K
Event: 48.501 GC heap after
Heap after GC invocations=28 (full 1):
 PSYoungGen      total 1354752K, used 2624K [0x000000076ab00000, 0x00000007bfd80000, 0x00000007c0000000)
  eden space 1313792K, 0% used [0x000000076ab00000,0x000000076ab00000,0x00000007bae00000)
  from space 40960K, 6% used [0x00000007bae00000,0x00000007bb090010,0x00000007bd600000)
  to   space 39424K, 0% used [0x00000007bd700000,0x00000007bd700000,0x00000007bfd80000)
 ParOldGen       total 1398272K, used 80379K [0x00000006c0000000, 0x0000000715580000, 0x000000076ab00000)
  object space 1398272K, 5% used [0x00000006c0000000,0x00000006c4e7eed8,0x0000000715580000)
 Metaspace       used 21404K, capacity 22116K, committed 22400K, reserved 1069056K
  class space    used 2646K, capacity 2829K, committed 2944K, reserved 1048576K
}
Event: 49.784 GC heap before
{Heap before GC invocations=29 (full 1):
 PSYoungGen      total 1354752K, used 1316416K [0x000000076ab00000, 0x00000007bfd80000, 0x00000007c0000000)
  eden space 1313792K, 100% used [0x000000076ab00000,0x00000007bae00000,0x00000007bae00000)
  from space 40960K, 6% used [0x00000007bae00000,0x00000007bb090010,0x00000007bd600000)
  to   space 39424K, 0% used [0x00000007bd700000,0x00000007bd700000,0x00000007bfd80000)
 ParOldGen       total 1398272K, used 80379K [0x00000006c0000000, 0x0000000715580000, 0x000000076ab00000)
  object space 1398272K, 5% used [0x00000006c0000000,0x00000006c4e7eed8,0x0000000715580000)
 Metaspace       used 21404K, capacity 22116K, committed 22400K, reserved 1069056K
  class space    used 2646K, capacity 2829K, committed 2944K, reserved 1048576K
Event: 49.785 GC heap after
Heap after GC invocations=29 (full 1):
 PSYoungGen      total 1353728K, used 2656K [0x000000076ab00000, 0x00000007bfa80000, 0x00000007c0000000)
  eden space 1317376K, 0% used [0x000000076ab00000,0x000000076ab00000,0x00000007bb180000)
  from space 36352K, 7% used [0x00000007bd700000,0x00000007bd998010,0x00000007bfa80000)
  to   space 37376K, 0% used [0x00000007bb180000,0x00000007bb180000,0x00000007bd600000)
 ParOldGen       total 1398272K, used 80419K [0x00000006c0000000, 0x0000000715580000, 0x000000076ab00000)
  object space 1398272K, 5% used [0x00000006c0000000,0x00000006c4e88ed8,0x0000000715580000)
 Metaspace       used 21404K, capacity 22116K, committed 22400K, reserved 1069056K
  class space    used 2646K, capacity 2829K, committed 2944K, reserved 1048576K
}
Event: 51.477 GC heap before
{Heap before GC invocations=30 (full 1):
 PSYoungGen      total 1353728K, used 1320032K [0x000000076ab00000, 0x00000007bfa80000, 0x00000007c0000000)
  eden space 1317376K, 100% used [0x000000076ab00000,0x00000007bb180000,0x00000007bb180000)
  from space 36352K, 7% used [0x00000007bd700000,0x00000007bd998010,0x00000007bfa80000)
  to   space 37376K, 0% used [0x00000007bb180000,0x00000007bb180000,0x00000007bd600000)
 ParOldGen       total 1398272K, used 80419K [0x00000006c0000000, 0x0000000715580000, 0x000000076ab00000)
  object space 1398272K, 5% used [0x00000006c0000000,0x00000006c4e88ed8,0x0000000715580000)
 Metaspace       used 21404K, capacity 22116K, committed 22400K, reserved 1069056K
  class space    used 2646K, capacity 2829K, committed 2944K, reserved 1048576K
Event: 51.479 GC heap after
Heap after GC invocations=30 (full 1):
 PSYoungGen      total 1354752K, used 3008K [0x000000076ab00000, 0x00000007bfe00000, 0x00000007c0000000)
  eden space 1317376K, 0% used [0x000000076ab00000,0x000000076ab00000,0x00000007bb180000)
  from space 37376K, 8% used [0x00000007bb180000,0x00000007bb470010,0x00000007bd600000)
  to   space 35840K, 0% used [0x00000007bdb00000,0x00000007bdb00000,0x00000007bfe00000)
 ParOldGen       total 1398272K, used 80459K [0x00000006c0000000, 0x0000000715580000, 0x000000076ab00000)
  object space 1398272K, 5% used [0x00000006c0000000,0x00000006c4e92ed8,0x0000000715580000)
 Metaspace       used 21404K, capacity 22116K, committed 22400K, reserved 1069056K
  class space    used 2646K, capacity 2829K, committed 2944K, reserved 1048576K
}
Event: 53.129 GC heap before
{Heap before GC invocations=31 (full 1):
 PSYoungGen      total 1354752K, used 1320384K [0x000000076ab00000, 0x00000007bfe00000, 0x00000007c0000000)
  eden space 1317376K, 100% used [0x000000076ab00000,0x00000007bb180000,0x00000007bb180000)
  from space 37376K, 8% used [0x00000007bb180000,0x00000007bb470010,0x00000007bd600000)
  to   space 35840K, 0% used [0x00000007bdb00000,0x00000007bdb00000,0x00000007bfe00000)
 ParOldGen       total 1398272K, used 80459K [0x00000006c0000000, 0x0000000715580000, 0x000000076ab00000)
  object space 1398272K, 5% used [0x00000006c0000000,0x00000006c4e92ed8,0x0000000715580000)
 Metaspace       used 21404K, capacity 22116K, committed 22400K, reserved 1069056K
  class space    used 2646K, capacity 2829K, committed 2944K, reserved 1048576K
Event: 53.132 GC heap after
Heap after GC invocations=31 (full 1):
 PSYoungGen      total 1356800K, used 4196K [0x000000076ab00000, 0x00000007bfa80000, 0x00000007c0000000)
  eden space 1324544K, 0% used [0x000000076ab00000,0x000000076ab00000,0x00000007bb880000)
  from space 32256K, 13% used [0x00000007bdb00000,0x00000007bdf19308,0x00000007bfa80000)
  to   space 33792K, 0% used [0x00000007bb880000,0x00000007bb880000,0x00000007bd980000)
 ParOldGen       total 1398272K, used 80499K [0x00000006c0000000, 0x0000000715580000, 0x000000076ab00000)
  object space 1398272K, 5% used [0x00000006c0000000,0x00000006c4e9ced8,0x0000000715580000)
 Metaspace       used 21404K, capacity 22116K, committed 22400K, reserved 1069056K
  class space    used 2646K, capacity 2829K, committed 2944K, reserved 1048576K
}

Deoptimization events (10 events):
Event: 24.003 Thread 0x000000001f1b5800 Uncommon trap: reason=bimorphic action=maybe_recompile pc=0x00000000031fbe14 method=java.util.Collections$UnmodifiableCollection.size()I @ 4
Event: 25.836 Thread 0x000000000245f800 Uncommon trap: reason=unstable_if action=reinterpret pc=0x0000000002e42054 method=sysu.consistency.classify.feature.DiffFeature.feature(Lsysu/consistency/db/bean/CommentEntry;Lsysu/consistency/db/bean/CommentWord;Lsysu/consistency/db/bean/ClassMessage;)Lj
Event: 25.844 Thread 0x000000000245f800 Uncommon trap: reason=unstable_if action=reinterpret pc=0x00000000029afc34 method=sysu.consistency.classify.feature.DiffFeature.feature(Lsysu/consistency/db/bean/CommentEntry;Lsysu/consistency/db/bean/CommentWord;Lsysu/consistency/db/bean/ClassMessage;)Lj
Event: 28.683 Thread 0x000000000245f800 Uncommon trap: reason=unstable_if action=reinterpret pc=0x00000000034d46cc method=sysu.consistency.classify.feature.DiffFeature.feature(Lsysu/consistency/db/bean/CommentEntry;Lsysu/consistency/db/bean/CommentWord;Lsysu/consistency/db/bean/ClassMessage;)Lj
Event: 28.690 Thread 0x000000000245f800 Uncommon trap: reason=unstable_if action=reinterpret pc=0x00000000034b6fd0 method=sysu.consistency.classify.feature.DiffFeature.feature(Lsysu/consistency/db/bean/CommentEntry;Lsysu/consistency/db/bean/CommentWord;Lsysu/consistency/db/bean/ClassMessage;)Lj
Event: 29.867 Thread 0x000000000245f800 Uncommon trap: reason=unstable_if action=reinterpret pc=0x0000000003516998 method=sysu.consistency.classify.feature.DiffFeature.feature(Lsysu/consistency/db/bean/CommentEntry;Lsysu/consistency/db/bean/CommentWord;Lsysu/consistency/db/bean/ClassMessage;)Lj
Event: 29.879 Thread 0x000000000245f800 Uncommon trap: reason=unstable_if action=reinterpret pc=0x00000000029e8190 method=sysu.consistency.classify.feature.DiffFeature.feature(Lsysu/consistency/db/bean/CommentEntry;Lsysu/consistency/db/bean/CommentWord;Lsysu/consistency/db/bean/ClassMessage;)Lj
Event: 43.580 Thread 0x000000000245f800 Uncommon trap: reason=unstable_if action=reinterpret pc=0x000000000358ceec method=sysu.consistency.classify.feature.DiffFeature.feature(Lsysu/consistency/db/bean/CommentEntry;Lsysu/consistency/db/bean/CommentWord;Lsysu/consistency/db/bean/ClassMessage;)Lj
Event: 45.851 Thread 0x000000000245f800 Uncommon trap: reason=unstable_if action=reinterpret pc=0x000000000271fcfc method=java.lang.invoke.Invokers.maybeCustomize(Ljava/lang/invoke/MethodHandle;)V @ 9
Event: 54.065 Thread 0x000000000245f800 Uncommon trap: reason=unstable_if action=reinterpret pc=0x00000000035d45d4 method=sysu.consistency.classify.feature.DiffFeature.feature(Lsysu/consistency/db/bean/CommentEntry;Lsysu/consistency/db/bean/CommentWord;Lsysu/consistency/db/bean/ClassMessage;)Lj

Internal exceptions (10 events):
Event: 4.353 Thread 0x000000000245f800 Implicit null exception at 0x0000000002e51fb8 to 0x0000000002e5442d
Event: 4.356 Thread 0x000000000245f800 Exception <a 'java/lang/IllegalAccessError': class sysu.consistency.db.bean.CommentEntry_Instantiator_wiptb6 cannot access its superinterface org.springframework.data.convert.ClassGeneratingEntityInstantiator$ObjectInstantiator> (0x000000077cdfce00) throw
Event: 4.384 Thread 0x000000000245f800 Exception <a 'java/lang/IllegalAccessError': class sysu.consistency.db.bean.Token_Instantiator_keahlr cannot access its superinterface org.springframework.data.convert.ClassGeneratingEntityInstantiator$ObjectInstantiator> (0x000000077d0684c8) thrown at [C
Event: 4.399 Thread 0x000000000245f800 Exception <a 'java/lang/IllegalAccessError': class sysu.consistency.db.bean.DiffType_Instantiator_ep215a cannot access its superinterface org.springframework.data.convert.ClassGeneratingEntityInstantiator$ObjectInstantiator> (0x000000077d1194f8) thrown at
Event: 4.521 Thread 0x000000000245f800 Exception <a 'java/lang/IllegalAccessError': class sysu.consistency.db.bean.ClassMessage_Instantiator_d4b1ea cannot access its superinterface org.springframework.data.convert.ClassGeneratingEntityInstantiator$ObjectInstantiator> (0x000000077d6bbd10) throw
Event: 4.524 Thread 0x000000000245f800 Exception <a 'java/lang/IllegalAccessError': class sysu.consistency.db.bean.Line_Instantiator_9x3f2x cannot access its superinterface org.springframework.data.convert.ClassGeneratingEntityInstantiator$ObjectInstantiator> (0x000000077d7440b8) thrown at [C:
Event: 4.572 Thread 0x000000000245f800 Exception <a 'java/lang/IllegalAccessError': class sysu.consistency.db.bean.CodeComment_Instantiator_2c0hnr cannot access its superinterface org.springframework.data.convert.ClassGeneratingEntityInstantiator$ObjectInstantiator> (0x000000077dd5af98) thrown
Event: 4.620 Thread 0x000000000245f800 Exception <a 'java/lang/IllegalAccessError': class sysu.consistency.db.bean.CommentWord_Instantiator_xk8hzs cannot access its superinterface org.springframework.data.convert.ClassGeneratingEntityInstantiator$ObjectInstantiator> (0x000000077ddc4db0) thrown
Event: 21.200 Thread 0x000000000245f800 Implicit null exception at 0x00000000033f1848 to 0x00000000033f714d
Event: 21.206 Thread 0x000000000245f800 Implicit null exception at 0x00000000033b6b1a to 0x00000000033bad69

Events (10 events):
Event: 48.501 Executing VM operation: ParallelGCFailedAllocation done
Event: 49.784 Executing VM operation: ParallelGCFailedAllocation
Event: 49.785 Executing VM operation: ParallelGCFailedAllocation done
Event: 51.477 Executing VM operation: ParallelGCFailedAllocation
Event: 51.479 Executing VM operation: ParallelGCFailedAllocation done
Event: 53.129 Executing VM operation: ParallelGCFailedAllocation
Event: 53.132 Executing VM operation: ParallelGCFailedAllocation done
Event: 54.065 Thread 0x000000000245f800 Uncommon trap: trap_request=0xffffff65 fr.pc=0x00000000035d45d4
Event: 54.065 Thread 0x000000000245f800 DEOPT PACKING pc=0x00000000035d45d4 sp=0x00000000025cf290
Event: 54.065 Thread 0x000000000245f800 DEOPT UNPACKING pc=0x000000000261582a sp=0x00000000025cf300 mode 2


Dynamic libraries:
0x000000013f2e0000 - 0x000000013f317000 	C:\Program Files\Java\jre1.8.0_144\bin\javaw.exe
0x0000000077af0000 - 0x0000000077c9a000 	C:\Windows\SYSTEM32\ntdll.dll
0x00000000778d0000 - 0x00000000779ef000 	C:\Windows\system32\kernel32.dll
0x000007fefda40000 - 0x000007fefdaaa000 	C:\Windows\system32\KERNELBASE.dll
0x000007fefe560000 - 0x000007fefe63b000 	C:\Windows\system32\ADVAPI32.dll
0x000007fefdf10000 - 0x000007fefdfaf000 	C:\Windows\system32\msvcrt.dll
0x000007feff9b0000 - 0x000007feff9cf000 	C:\Windows\SYSTEM32\sechost.dll
0x000007feff6e0000 - 0x000007feff80d000 	C:\Windows\system32\RPCRT4.dll
0x00000000779f0000 - 0x0000000077aea000 	C:\Windows\system32\USER32.dll
0x000007feff940000 - 0x000007feff9a7000 	C:\Windows\system32\GDI32.dll
0x000007feff930000 - 0x000007feff93e000 	C:\Windows\system32\LPK.dll
0x000007fefe430000 - 0x000007fefe4fb000 	C:\Windows\system32\USP10.dll
0x000007fefbfe0000 - 0x000007fefc1d4000 	C:\Windows\WinSxS\amd64_microsoft.windows.common-controls_6595b64144ccf1df_6.0.7601.18837_none_fa3b1e3d17594757\COMCTL32.dll
0x000007feff8b0000 - 0x000007feff921000 	C:\Windows\system32\SHLWAPI.dll
0x000007feffae0000 - 0x000007feffb0e000 	C:\Windows\system32\IMM32.DLL
0x000007feff9d0000 - 0x000007feffad9000 	C:\Windows\system32\MSCTF.dll
0x000000006d780000 - 0x000000006d852000 	C:\Program Files\Java\jre1.8.0_144\bin\msvcr100.dll
0x000000006b920000 - 0x000000006c1bd000 	C:\Program Files\Java\jre1.8.0_144\bin\server\jvm.dll
0x000007fef8d40000 - 0x000007fef8d49000 	C:\Windows\system32\WSOCK32.dll
0x000007feff690000 - 0x000007feff6dd000 	C:\Windows\system32\WS2_32.dll
0x000007fefe420000 - 0x000007fefe428000 	C:\Windows\system32\NSI.dll
0x000007fefb430000 - 0x000007fefb46b000 	C:\Windows\system32\WINMM.dll
0x000007fefc900000 - 0x000007fefc90c000 	C:\Windows\system32\VERSION.dll
0x0000000077cc0000 - 0x0000000077cc7000 	C:\Windows\system32\PSAPI.DLL
0x0000000073e40000 - 0x0000000073e4f000 	C:\Program Files\Java\jre1.8.0_144\bin\verify.dll
0x0000000073900000 - 0x0000000073929000 	C:\Program Files\Java\jre1.8.0_144\bin\java.dll
0x0000000073c20000 - 0x0000000073c36000 	C:\Program Files\Java\jre1.8.0_144\bin\zip.dll
0x000007fefe820000 - 0x000007feff5ab000 	C:\Windows\system32\SHELL32.dll
0x000007fefdd10000 - 0x000007fefdf0c000 	C:\Windows\system32\ole32.dll
0x000007fefd840000 - 0x000007fefd84f000 	C:\Windows\system32\profapi.dll
0x0000000073b70000 - 0x0000000073b8a000 	C:\Program Files\Java\jre1.8.0_144\bin\net.dll
0x000007fefcfb0000 - 0x000007fefd005000 	C:\Windows\system32\mswsock.dll
0x000007fefcfa0000 - 0x000007fefcfa7000 	C:\Windows\System32\wship6.dll
0x0000000073710000 - 0x0000000073721000 	C:\Program Files\Java\jre1.8.0_144\bin\nio.dll
0x0000000073380000 - 0x00000000733a4000 	C:\Program Files\Java\jre1.8.0_144\bin\sunec.dll
0x000007fefae70000 - 0x000007fefae97000 	C:\Windows\system32\IPHLPAPI.DLL
0x000007fefae50000 - 0x000007fefae5b000 	C:\Windows\system32\WINNSI.DLL
0x000007feface0000 - 0x000007fefacf1000 	C:\Windows\system32\dhcpcsvc6.DLL
0x000007fefac60000 - 0x000007fefac78000 	C:\Windows\system32\dhcpcsvc.DLL
0x000007fefd2d0000 - 0x000007fefd2e8000 	C:\Windows\system32\CRYPTSP.dll
0x000007fefcd10000 - 0x000007fefcd57000 	C:\Windows\system32\rsaenh.dll
0x000007fefdbd0000 - 0x000007fefdbee000 	C:\Windows\system32\USERENV.dll
0x000007fefd6d0000 - 0x000007fefd6df000 	C:\Windows\system32\CRYPTBASE.dll
0x0000000073e30000 - 0x0000000073e3d000 	C:\Program Files\Java\jre1.8.0_144\bin\management.dll
0x000007fefb3d0000 - 0x000007fefb3e5000 	C:\Windows\system32\NLAapi.dll
0x000007fef8a50000 - 0x000007fef8a65000 	C:\Windows\system32\napinsp.dll
0x000007fef8a30000 - 0x000007fef8a49000 	C:\Windows\system32\pnrpnsp.dll
0x000007fefce30000 - 0x000007fefce8b000 	C:\Windows\system32\DNSAPI.dll
0x000007fef8a20000 - 0x000007fef8a2b000 	C:\Windows\System32\winrnr.dll
0x000007fefc9d0000 - 0x000007fefc9d7000 	C:\Windows\System32\wshtcpip.dll
0x000007fef8f20000 - 0x000007fef8f28000 	C:\Windows\system32\rasadhlp.dll
0x000007fefad10000 - 0x000007fefad63000 	C:\Windows\System32\fwpuclnt.dll

VM Arguments:
jvm_args: -Xms2048M -Xmx4096M -Dfile.encoding=GBK 
java_command: sysu.consistency.classify.data.NewDataSet
java_class_path (initial): C:\Users\Administrator\git\consistencyclassify\target\classes;D:\sts-bundle\sts-3.9.0.RELEASE\plugins\org.junit_4.12.0.v201504281640\junit.jar;D:\sts-bundle\sts-3.9.0.RELEASE\plugins\org.hamcrest.core_1.3.0.v201303031735.jar;C:\Users\Administrator\.m2\repository\org\springframework\spring-context\4.3.7.RELEASE\spring-context-4.3.7.RELEASE.jar;C:\Users\Administrator\.m2\repository\org\springframework\spring-beans\4.3.7.RELEASE\spring-beans-4.3.7.RELEASE.jar;C:\Users\Administrator\.m2\repository\org\springframework\spring-core\4.3.7.RELEASE\spring-core-4.3.7.RELEASE.jar;C:\Users\Administrator\.m2\repository\commons-logging\commons-logging\1.2\commons-logging-1.2.jar;C:\Users\Administrator\.m2\repository\org\springframework\spring-expression\4.3.7.RELEASE\spring-expression-4.3.7.RELEASE.jar;C:\Users\Administrator\.m2\repository\org\springframework\spring-aop\4.3.7.RELEASE\spring-aop-4.3.7.RELEASE.jar;C:\Users\Administrator\.m2\repository\org\aspectj\aspectjweaver\1.8.10\aspectjweaver-1.8.10.jar;C:\Users\Administrator\.m2\repository\edu\mit\jwi\2.2.3\jwi-2.2.3.jar;C:\Users\Administrator\.m2\repository\jws\jws11\11\jws11-11.jar;C:\Users\Administrator\.m2\repository\org\mongodb\mongo-java-driver\3.4.2\mongo-java-driver-3.4.2.jar;C:\Users\Administrator\.m2\repository\weka\weka\3\weka-3.jar;C:\Users\Administrator\.m2\repository\nz\ac\waikato\cms\weka\SMOTE\1.0.3\SMOTE-1.0.3.jar;C:\Users\Administrator\.m2\repository\nz\ac\waikato\cms\weka\weka-dev\3.9.1\weka-dev-3.9.1.jar;C:\Users\Administrator\.m2\repository\nz\ac\waikato\cms\weka\thirdparty\java-cup-11b\2015.03.26\java-cup-11b-2015.03.26.jar;C:\Users\Administrator\.m2\repository\nz\ac\waikato\cms\weka\thirdparty\java-cup-11b-runtime\2015.03.26\java-cup-11b-runtime-2015.03.26.jar;C:\Users\Administrator\.m2\repository\nz\ac\waikato\cms\weka\thirdparty\bounce\0.18\bounce-0.18.jar;C:\Users\Administrator\.m2\repository\com\googlecode\matrix-toolkits-java\mtj\1.0.4\mtj-1.0.4.jar;C:\Users\Administrato
Launcher Type: SUN_STANDARD

Environment Variables:
JAVA_HOME=C:\Program Files\Java\jdk1.8.0_144
PATH=C:/Program Files/Java/jre1.8.0_144/bin/server;C:/Program Files/Java/jre1.8.0_144/bin;C:/Program Files/Java/jre1.8.0_144/lib/amd64;C:\Python27\;C:\ProgramData\Oracle\Java\javapath;C:\Windows\system32;C:\Windows;C:\Windows\System32\Wbem;C:\Windows\System32\WindowsPowerShell\v1.0\;C:\Program Files\Java\jdk1.8.0_144/bin;C:\Program Files\Java\jdk1.8.0_144/jre/bin;C:\Program Files\MongoDB\Server\3.4\bin;C:\Program Files\MiKTeX 2.9\miktex\bin\x64\;C:\Python27\Scripts;C:\Program Files\PuTTY\;C:\Program Files\apache-maven-3.5.2\bin;C:\Program Files\Git\cmd;C:\MinGW\bin;C:\Users\Administrator\AppData\Roaming\MiKTeX\2.9\miktex\bin\x64\;D:\sts-bundle\sts-3.9.0.RELEASE;
USERNAME=Administrator
OS=Windows_NT
PROCESSOR_IDENTIFIER=Intel64 Family 6 Model 158 Stepping 9, GenuineIntel



---------------  S Y S T E M  ---------------

OS: Windows 7 , 64 bit Build 7601 (6.1.7601.23807)

CPU:total 4 (initial active 4) (4 cores per cpu, 1 threads per core) family 6 model 158 stepping 9, cmov, cx8, fxsr, mmx, sse, sse2, sse3, ssse3, sse4.1, sse4.2, popcnt, avx, avx2, aes, clmul, erms, 3dnowpref, lzcnt, tsc, tscinvbit, bmi1, bmi2, adx

Memory: 4k page, physical 8273668k(1666628k free), swap 10368960k(6364k free)

vm_info: Java HotSpot(TM) 64-Bit Server VM (25.144-b01) for windows-amd64 JRE (1.8.0_144-b01), built on Jul 21 2017 21:57:33 by "java_re" with MS VC++ 10.0 (VS2010)

time: Tue Apr 03 19:15:56 2018
elapsed time: 54 seconds (0d 0h 0m 54s)

