#
# There is insufficient memory for the Java Runtime Environment to continue.
# Native memory allocation (malloc) failed to allocate 841616 bytes for Chunk::new
# Possible reasons:
#   The system is out of physical RAM or swap space
#   In 32 bit mode, the process size limit was hit
# Possible solutions:
#   Reduce memory load on the system
#   Increase physical memory or swap space
#   Check if swap backing store is full
#   Use 64 bit Java on a 64 bit OS
#   Decrease Java heap size (-Xmx/-Xms)
#   Decrease number of Java threads
#   Decrease Java thread stack sizes (-Xss)
#   Set larger code cache with -XX:ReservedCodeCacheSize=
# This output file may be truncated or incomplete.
#
#  Out of Memory Error (allocation.cpp:390), pid=11304, tid=0x000000000000294c
#
# JRE version: Java(TM) SE Runtime Environment (8.0_144-b01) (build 1.8.0_144-b01)
# Java VM: Java HotSpot(TM) 64-Bit Server VM (25.144-b01 mixed mode windows-amd64 compressed oops)
# Failed to write core dump. Minidumps are not enabled by default on client versions of Windows
#

---------------  T H R E A D  ---------------

Current thread (0x0000000058856800):  JavaThread "C2 CompilerThread1" daemon [_thread_in_native, id=10572, stack(0x0000000059360000,0x0000000059460000)]

Stack: [0x0000000059360000,0x0000000059460000]
[error occurred during error reporting (printing stack bounds), id 0xc0000005]

Native frames: (J=compiled Java code, j=interpreted, Vv=VM code, C=native code)


Current CompileTask:
C2:1671707 3766   !   4       sysu.consistency.tools.splitword.WordSpliter::split (478 bytes)


---------------  P R O C E S S  ---------------

Java Threads: ( => current thread )
  0x000000005a955000 JavaThread "pool-2-thread-1" daemon [_thread_blocked, id=10356, stack(0x000000005f070000,0x000000005f170000)]
  0x000000005a954800 JavaThread "cluster-ClusterId{value='59e46ffadb611d2c2891e6f2', description='null'}-192.168.2.168:27017" daemon [_thread_blocked, id=2944, stack(0x0000000060710000,0x0000000060810000)]
  0x000000005885c800 JavaThread "Service Thread" daemon [_thread_blocked, id=11864, stack(0x0000000058e00000,0x0000000058f00000)]
  0x0000000058857800 JavaThread "C1 CompilerThread2" daemon [_thread_blocked, id=11504, stack(0x0000000059050000,0x0000000059150000)]
=>0x0000000058856800 JavaThread "C2 CompilerThread1" daemon [_thread_in_native, id=10572, stack(0x0000000059360000,0x0000000059460000)]
  0x00000000587f7800 JavaThread "C2 CompilerThread0" daemon [_thread_blocked, id=8672, stack(0x0000000059160000,0x0000000059260000)]
  0x00000000587f6800 JavaThread "Attach Listener" daemon [_thread_blocked, id=8044, stack(0x0000000058f40000,0x0000000059040000)]
  0x0000000057384000 JavaThread "Signal Dispatcher" daemon [_thread_blocked, id=12284, stack(0x0000000058cb0000,0x0000000058db0000)]
  0x0000000057367000 JavaThread "Finalizer" daemon [_thread_blocked, id=12168, stack(0x00000000586e0000,0x00000000587e0000)]
  0x0000000057325800 JavaThread "Reference Handler" daemon [_thread_blocked, id=11208, stack(0x0000000058390000,0x0000000058490000)]
  0x000000000246f800 JavaThread "main" [_thread_in_native, id=11256, stack(0x00000000026e0000,0x00000000027e0000)]

Other Threads:
  0x000000005731d800 VMThread [stack: 0x00000000584f0000,0x00000000585f0000] [id=11348]
  0x0000000058863800 WatcherThread [stack: 0x00000000595d0000,0x00000000596d0000] [id=12104]

VM state:not at safepoint (normal execution)

VM Mutex/Monitor currently owned by a thread: None

Heap:
 PSYoungGen      total 175104K, used 171164K [0x00000000d5f00000, 0x00000000fa180000, 0x0000000100000000)
  eden space 173056K, 98% used [0x00000000d5f00000,0x00000000e049f340,0x00000000e0800000)
  from space 2048K, 76% used [0x00000000f9f80000,0x00000000fa108000,0x00000000fa180000)
  to   space 6144K, 0% used [0x00000000f9580000,0x00000000f9580000,0x00000000f9b80000)
 ParOldGen       total 65024K, used 34705K [0x0000000081c00000, 0x0000000085b80000, 0x00000000d5f00000)
  object space 65024K, 53% used [0x0000000081c00000,0x0000000083de45a8,0x0000000085b80000)
 Metaspace       used 21020K, capacity 21466K, committed 21760K, reserved 1069056K
  class space    used 2611K, capacity 2758K, committed 2816K, reserved 1048576K

Card table byte_map: [0x0000000011ba0000,0x0000000011fa0000] byte_map_base: 0x0000000011792000

Marking Bits: (ParMarkBitMap*) 0x0000000066bdd850
 Begin Bits: [0x0000000012670000, 0x0000000014600000)
 End Bits:   [0x0000000014600000, 0x0000000016590000)

Polling page: 0x0000000000420000

CodeCache: size=245760Kb used=10916Kb max_used=11914Kb free=234843Kb
 bounds [0x00000000027e0000, 0x0000000003440000, 0x00000000117e0000]
 total_blobs=3443 nmethods=3032 adapters=323
 compilation: enabled

Compilation events (10 events):
Event: 1622.654 Thread 0x00000000587f7800 nmethod 3760 0x000000000297c890 code [0x000000000297cb20, 0x000000000297dff0]
Event: 1645.217 Thread 0x0000000058857800 3761       3       org.bson.BsonBinaryWriter$Context::getParentContext (5 bytes)
Event: 1645.217 Thread 0x0000000058857800 nmethod 3761 0x00000000032e4050 code [0x00000000032e41c0, 0x00000000032e4470]
Event: 1651.189 Thread 0x0000000058856800 3762       4       java.util.TreeMap::put (247 bytes)
Event: 1651.228 Thread 0x0000000058856800 nmethod 3762 0x0000000002b0de10 code [0x0000000002b0e000, 0x0000000002b0ed50]
Event: 1667.673 Thread 0x00000000587f7800 3764       4       edu.mit.jwi.morph.WordnetStemmer::findStems (267 bytes)
Event: 1667.673 Thread 0x0000000058856800 3765       4       edu.mit.jwi.CachingDictionary::getExceptionEntry (65 bytes)
Event: 1667.709 Thread 0x0000000058856800 nmethod 3765 0x00000000030fbb90 code [0x00000000030fbe20, 0x00000000030fd5a0]
Event: 1667.751 Thread 0x00000000587f7800 nmethod 3764 0x00000000031a64d0 code [0x00000000031a69c0, 0x00000000031aa130]
Event: 1670.897 Thread 0x0000000058856800 3766   !   4       sysu.consistency.tools.splitword.WordSpliter::split (478 bytes)

GC Heap History (10 events):
Event: 1431.216 GC heap before
{Heap before GC invocations=51 (full 1):
 PSYoungGen      total 215040K, used 214720K [0x00000000d5f00000, 0x00000000fb180000, 0x0000000100000000)
  eden space 212992K, 100% used [0x00000000d5f00000,0x00000000e2f00000,0x00000000e2f00000)
  from space 2048K, 84% used [0x00000000fa600000,0x00000000fa7b0000,0x00000000fa800000)
  to   space 6656K, 0% used [0x00000000fab00000,0x00000000fab00000,0x00000000fb180000)
 ParOldGen       total 65024K, used 34697K [0x0000000081c00000, 0x0000000085b80000, 0x00000000d5f00000)
  object space 65024K, 53% used [0x0000000081c00000,0x0000000083de25a8,0x0000000085b80000)
 Metaspace       used 21017K, capacity 21466K, committed 21760K, reserved 1069056K
  class space    used 2611K, capacity 2758K, committed 2816K, reserved 1048576K
Event: 1431.221 GC heap after
Heap after GC invocations=51 (full 1):
 PSYoungGen      total 206336K, used 1664K [0x00000000d5f00000, 0x00000000fad00000, 0x0000000100000000)
  eden space 204288K, 0% used [0x00000000d5f00000,0x00000000d5f00000,0x00000000e2680000)
  from space 2048K, 81% used [0x00000000fab00000,0x00000000faca0000,0x00000000fad00000)
  to   space 6656K, 0% used [0x00000000fa000000,0x00000000fa000000,0x00000000fa680000)
 ParOldGen       total 65024K, used 34697K [0x0000000081c00000, 0x0000000085b80000, 0x00000000d5f00000)
  object space 65024K, 53% used [0x0000000081c00000,0x0000000083de25a8,0x0000000085b80000)
 Metaspace       used 21017K, capacity 21466K, committed 21760K, reserved 1069056K
  class space    used 2611K, capacity 2758K, committed 2816K, reserved 1048576K
}
Event: 1481.775 GC heap before
{Heap before GC invocations=52 (full 1):
 PSYoungGen      total 206336K, used 205952K [0x00000000d5f00000, 0x00000000fad00000, 0x0000000100000000)
  eden space 204288K, 100% used [0x00000000d5f00000,0x00000000e2680000,0x00000000e2680000)
  from space 2048K, 81% used [0x00000000fab00000,0x00000000faca0000,0x00000000fad00000)
  to   space 6656K, 0% used [0x00000000fa000000,0x00000000fa000000,0x00000000fa680000)
 ParOldGen       total 65024K, used 34697K [0x0000000081c00000, 0x0000000085b80000, 0x00000000d5f00000)
  object space 65024K, 53% used [0x0000000081c00000,0x0000000083de25a8,0x0000000085b80000)
 Metaspace       used 21017K, capacity 21466K, committed 21760K, reserved 1069056K
  class space    used 2611K, capacity 2758K, committed 2816K, reserved 1048576K
Event: 1481.778 GC heap after
Heap after GC invocations=52 (full 1):
 PSYoungGen      total 198144K, used 1632K [0x00000000d5f00000, 0x00000000fab80000, 0x0000000100000000)
  eden space 196096K, 0% used [0x00000000d5f00000,0x00000000d5f00000,0x00000000e1e80000)
  from space 2048K, 79% used [0x00000000fa000000,0x00000000fa198000,0x00000000fa200000)
  to   space 6656K, 0% used [0x00000000fa500000,0x00000000fa500000,0x00000000fab80000)
 ParOldGen       total 65024K, used 34697K [0x0000000081c00000, 0x0000000085b80000, 0x00000000d5f00000)
  object space 65024K, 53% used [0x0000000081c00000,0x0000000083de25a8,0x0000000085b80000)
 Metaspace       used 21017K, capacity 21466K, committed 21760K, reserved 1069056K
  class space    used 2611K, capacity 2758K, committed 2816K, reserved 1048576K
}
Event: 1529.973 GC heap before
{Heap before GC invocations=53 (full 1):
 PSYoungGen      total 198144K, used 197728K [0x00000000d5f00000, 0x00000000fab80000, 0x0000000100000000)
  eden space 196096K, 100% used [0x00000000d5f00000,0x00000000e1e80000,0x00000000e1e80000)
  from space 2048K, 79% used [0x00000000fa000000,0x00000000fa198000,0x00000000fa200000)
  to   space 6656K, 0% used [0x00000000fa500000,0x00000000fa500000,0x00000000fab80000)
 ParOldGen       total 65024K, used 34697K [0x0000000081c00000, 0x0000000085b80000, 0x00000000d5f00000)
  object space 65024K, 53% used [0x0000000081c00000,0x0000000083de25a8,0x0000000085b80000)
 Metaspace       used 21017K, capacity 21466K, committed 21760K, reserved 1069056K
  class space    used 2611K, capacity 2758K, committed 2816K, reserved 1048576K
Event: 1529.976 GC heap after
Heap after GC invocations=53 (full 1):
 PSYoungGen      total 189440K, used 1472K [0x00000000d5f00000, 0x00000000fa680000, 0x0000000100000000)
  eden space 187904K, 0% used [0x00000000d5f00000,0x00000000d5f00000,0x00000000e1680000)
  from space 1536K, 95% used [0x00000000fa500000,0x00000000fa670000,0x00000000fa680000)
  to   space 6656K, 0% used [0x00000000f9980000,0x00000000f9980000,0x00000000fa000000)
 ParOldGen       total 65024K, used 34705K [0x0000000081c00000, 0x0000000085b80000, 0x00000000d5f00000)
  object space 65024K, 53% used [0x0000000081c00000,0x0000000083de45a8,0x0000000085b80000)
 Metaspace       used 21017K, capacity 21466K, committed 21760K, reserved 1069056K
  class space    used 2611K, capacity 2758K, committed 2816K, reserved 1048576K
}
Event: 1579.134 GC heap before
{Heap before GC invocations=54 (full 1):
 PSYoungGen      total 189440K, used 189376K [0x00000000d5f00000, 0x00000000fa680000, 0x0000000100000000)
  eden space 187904K, 100% used [0x00000000d5f00000,0x00000000e1680000,0x00000000e1680000)
  from space 1536K, 95% used [0x00000000fa500000,0x00000000fa670000,0x00000000fa680000)
  to   space 6656K, 0% used [0x00000000f9980000,0x00000000f9980000,0x00000000fa000000)
 ParOldGen       total 65024K, used 34705K [0x0000000081c00000, 0x0000000085b80000, 0x00000000d5f00000)
  object space 65024K, 53% used [0x0000000081c00000,0x0000000083de45a8,0x0000000085b80000)
 Metaspace       used 21017K, capacity 21466K, committed 21760K, reserved 1069056K
  class space    used 2611K, capacity 2758K, committed 2816K, reserved 1048576K
Event: 1579.140 GC heap after
Heap after GC invocations=54 (full 1):
 PSYoungGen      total 182272K, used 1600K [0x00000000d5f00000, 0x00000000fa580000, 0x0000000100000000)
  eden space 180224K, 0% used [0x00000000d5f00000,0x00000000d5f00000,0x00000000e0f00000)
  from space 2048K, 78% used [0x00000000f9980000,0x00000000f9b10000,0x00000000f9b80000)
  to   space 6144K, 0% used [0x00000000f9f80000,0x00000000f9f80000,0x00000000fa580000)
 ParOldGen       total 65024K, used 34705K [0x0000000081c00000, 0x0000000085b80000, 0x00000000d5f00000)
  object space 65024K, 53% used [0x0000000081c00000,0x0000000083de45a8,0x0000000085b80000)
 Metaspace       used 21017K, capacity 21466K, committed 21760K, reserved 1069056K
  class space    used 2611K, capacity 2758K, committed 2816K, reserved 1048576K
}
Event: 1629.868 GC heap before
{Heap before GC invocations=55 (full 1):
 PSYoungGen      total 182272K, used 181824K [0x00000000d5f00000, 0x00000000fa580000, 0x0000000100000000)
  eden space 180224K, 100% used [0x00000000d5f00000,0x00000000e0f00000,0x00000000e0f00000)
  from space 2048K, 78% used [0x00000000f9980000,0x00000000f9b10000,0x00000000f9b80000)
  to   space 6144K, 0% used [0x00000000f9f80000,0x00000000f9f80000,0x00000000fa580000)
 ParOldGen       total 65024K, used 34705K [0x0000000081c00000, 0x0000000085b80000, 0x00000000d5f00000)
  object space 65024K, 53% used [0x0000000081c00000,0x0000000083de45a8,0x0000000085b80000)
 Metaspace       used 21020K, capacity 21466K, committed 21760K, reserved 1069056K
  class space    used 2611K, capacity 2758K, committed 2816K, reserved 1048576K
Event: 1629.878 GC heap after
Heap after GC invocations=55 (full 1):
 PSYoungGen      total 175104K, used 1568K [0x00000000d5f00000, 0x00000000fa180000, 0x0000000100000000)
  eden space 173056K, 0% used [0x00000000d5f00000,0x00000000d5f00000,0x00000000e0800000)
  from space 2048K, 76% used [0x00000000f9f80000,0x00000000fa108000,0x00000000fa180000)
  to   space 6144K, 0% used [0x00000000f9580000,0x00000000f9580000,0x00000000f9b80000)
 ParOldGen       total 65024K, used 34705K [0x0000000081c00000, 0x0000000085b80000, 0x00000000d5f00000)
  object space 65024K, 53% used [0x0000000081c00000,0x0000000083de45a8,0x0000000085b80000)
 Metaspace       used 21020K, capacity 21466K, committed 21760K, reserved 1069056K
  class space    used 2611K, capacity 2758K, committed 2816K, reserved 1048576K
}

Deoptimization events (10 events):
Event: 13.632 Thread 0x000000000246f800 Uncommon trap: reason=null_check action=make_not_entrant pc=0x00000000032fc730 method=org.springframework.data.mongodb.core.convert.MappingMongoConverter.getPotentiallyConvertedSimpleRead(Ljava/lang/Object;Ljava/lang/Class;)Ljava/lang/Object; @ 13
Event: 14.132 Thread 0x000000000246f800 Uncommon trap: reason=null_check action=make_not_entrant pc=0x0000000002b1e3d4 method=org.springframework.data.mongodb.core.convert.MappingMongoConverter.getPotentiallyConvertedSimpleRead(Ljava/lang/Object;Ljava/lang/Class;)Ljava/lang/Object; @ 49
Event: 18.305 Thread 0x000000000246f800 Uncommon trap: reason=speculate_class_check action=maybe_recompile pc=0x0000000002d04148 method=java.util.ArrayList.<init>(Ljava/util/Collection;)V @ 36
Event: 18.308 Thread 0x000000000246f800 Uncommon trap: reason=speculate_class_check action=maybe_recompile pc=0x0000000002d04148 method=java.util.ArrayList.<init>(Ljava/util/Collection;)V @ 36
Event: 90.076 Thread 0x000000000246f800 Uncommon trap: reason=unstable_if action=reinterpret pc=0x000000000333c748 method=edu.mit.jwi.morph.SimpleStemmer.stripNounSuffix(Ljava/lang/String;)Ljava/util/List; @ 11
Event: 1610.361 Thread 0x000000000246f800 Uncommon trap: reason=speculate_class_check action=maybe_recompile pc=0x000000000311fd30 method=java.nio.charset.CharsetDecoder.replaceWith(Ljava/lang/String;)Ljava/nio/charset/CharsetDecoder; @ 63
Event: 1610.362 Thread 0x000000000246f800 Uncommon trap: reason=unstable_if action=reinterpret pc=0x000000000330c8cc method=java.nio.channels.spi.AbstractInterruptibleChannel.end(Z)V @ 31
Event: 1610.362 Thread 0x000000000246f800 Uncommon trap: reason=unloaded action=reinterpret pc=0x0000000002c07834 method=sysu.consistency.tools.splitword.WordSpliter.split(Ljava/lang/String;)Ljava/util/List; @ 116
Event: 1610.362 Thread 0x000000000246f800 Uncommon trap: reason=unstable_if action=reinterpret pc=0x0000000003392930 method=edu.mit.jwi.CachingDictionary.checkOpen()V @ 4
Event: 1610.362 Thread 0x000000000246f800 Uncommon trap: reason=unstable_if action=reinterpret pc=0x00000000033661b4 method=edu.mit.jwi.CachingDictionary.checkOpen()V @ 4

Internal exceptions (10 events):
Event: 4.350 Thread 0x000000000246f800 Exception <a 'java/lang/ClassNotFoundException': sysu/consistency/db/bean/CommentEntryCustomizer> (0x00000000e4b03f08) thrown at [C:\re\workspace\8-2-build-windows-amd64-cygwin\jdk8u144\9417\hotspot\src\share\vm\classfile\systemDictionary.cpp, line 210]
Event: 4.630 Thread 0x000000000246f800 Implicit null exception at 0x0000000003025bcf to 0x0000000003027f9d
Event: 4.633 Thread 0x000000000246f800 Exception <a 'java/lang/IllegalAccessError': class sysu.consistency.db.bean.CommentEntry_Instantiator_keahlr cannot access its superinterface org.springframework.data.convert.ClassGeneratingEntityInstantiator$ObjectInstantiator> (0x00000000e55951d0) throw
Event: 4.665 Thread 0x000000000246f800 Exception <a 'java/lang/IllegalAccessError': class sysu.consistency.db.bean.Token_Instantiator_xk8hzs cannot access its superinterface org.springframework.data.convert.ClassGeneratingEntityInstantiator$ObjectInstantiator> (0x00000000e5800748) thrown at [C
Event: 4.677 Thread 0x000000000246f800 Exception <a 'java/lang/IllegalAccessError': class sysu.consistency.db.bean.DiffType_Instantiator_wiptb6 cannot access its superinterface org.springframework.data.convert.ClassGeneratingEntityInstantiator$ObjectInstantiator> (0x00000000e58a8f60) thrown at
Event: 4.747 Thread 0x000000000246f800 Exception <a 'java/lang/IllegalAccessError': class sysu.consistency.db.bean.ClassMessage_Instantiator_9x3f2x cannot access its superinterface org.springframework.data.convert.ClassGeneratingEntityInstantiator$ObjectInstantiator> (0x00000000e5aa3900) throw
Event: 4.753 Thread 0x000000000246f800 Exception <a 'java/lang/IllegalAccessError': class sysu.consistency.db.bean.Line_Instantiator_j4452q cannot access its superinterface org.springframework.data.convert.ClassGeneratingEntityInstantiator$ObjectInstantiator> (0x00000000e5b2b768) thrown at [C:
Event: 4.806 Thread 0x000000000246f800 Exception <a 'java/lang/IllegalAccessError': class sysu.consistency.db.bean.CodeComment_Instantiator_ep215a cannot access its superinterface org.springframework.data.convert.ClassGeneratingEntityInstantiator$ObjectInstantiator> (0x00000000e5cf7bc8) thrown
Event: 4.817 Thread 0x000000000246f800 Exception <a 'java/lang/IllegalAccessError': class sysu.consistency.db.bean.CommentWord_Instantiator_d4b1ea cannot access its superinterface org.springframework.data.convert.ClassGeneratingEntityInstantiator$ObjectInstantiator> (0x00000000e5d52518) thrown
Event: 1610.361 Thread 0x000000000246f800 Exception <a 'java/io/IOException'> (0x00000000dd09f118) thrown at [C:\re\workspace\8-2-build-windows-amd64-cygwin\jdk8u144\9417\hotspot\src\share\vm\prims\jni.cpp, line 709]

Events (10 events):
Event: 1610.362 Thread 0x000000000246f800 DEOPT PACKING pc=0x00000000033661b4 sp=0x00000000027dece0
Event: 1610.362 Thread 0x000000000246f800 DEOPT UNPACKING pc=0x000000000282582a sp=0x00000000027dec98 mode 2
Event: 1622.654 Thread 0x00000000587f7800 flushing nmethod 0x000000000291fed0
Event: 1622.654 Thread 0x00000000587f7800 flushing nmethod 0x0000000002955d90
Event: 1629.868 Executing VM operation: ParallelGCFailedAllocation
Event: 1629.878 Executing VM operation: ParallelGCFailedAllocation done
Event: 1645.217 Thread 0x0000000058857800 flushing nmethod 0x000000000299edd0
Event: 1651.229 Thread 0x0000000058856800 flushing nmethod 0x0000000002a40950
Event: 1667.751 Thread 0x00000000587f7800 flushing nmethod 0x0000000002b01c10
Event: 1667.751 Thread 0x00000000587f7800 flushing nmethod 0x0000000002b1d310


Dynamic libraries:
0x000000013fb50000 - 0x000000013fb87000 	C:\Program Files\Java\jre1.8.0_144\bin\javaw.exe
0x0000000077900000 - 0x0000000077aaa000 	C:\Windows\SYSTEM32\ntdll.dll
0x00000000777e0000 - 0x00000000778ff000 	C:\Windows\system32\kernel32.dll
0x000007fefd730000 - 0x000007fefd79a000 	C:\Windows\system32\KERNELBASE.dll
0x000007fefec00000 - 0x000007fefecdb000 	C:\Windows\system32\ADVAPI32.dll
0x000007fefe530000 - 0x000007fefe5cf000 	C:\Windows\system32\msvcrt.dll
0x000007feffbf0000 - 0x000007feffc0f000 	C:\Windows\SYSTEM32\sechost.dll
0x000007fefe310000 - 0x000007fefe43d000 	C:\Windows\system32\RPCRT4.dll
0x00000000776e0000 - 0x00000000777da000 	C:\Windows\system32\USER32.dll
0x000007fefddf0000 - 0x000007fefde57000 	C:\Windows\system32\GDI32.dll
0x000007fefe600000 - 0x000007fefe60e000 	C:\Windows\system32\LPK.dll
0x000007fefe240000 - 0x000007fefe30b000 	C:\Windows\system32\USP10.dll
0x000007fefbdf0000 - 0x000007fefbfe4000 	C:\Windows\WinSxS\amd64_microsoft.windows.common-controls_6595b64144ccf1df_6.0.7601.18837_none_fa3b1e3d17594757\COMCTL32.dll
0x000007feffb70000 - 0x000007feffbe1000 	C:\Windows\system32\SHLWAPI.dll
0x000007fefe5d0000 - 0x000007fefe5fe000 	C:\Windows\system32\IMM32.DLL
0x000007fefde60000 - 0x000007fefdf69000 	C:\Windows\system32\MSCTF.dll
0x0000000067150000 - 0x0000000067222000 	C:\Program Files\Java\jre1.8.0_144\bin\msvcr100.dll
0x00000000663c0000 - 0x0000000066c5d000 	C:\Program Files\Java\jre1.8.0_144\bin\server\jvm.dll
0x000007feee570000 - 0x000007feee579000 	C:\Windows\system32\WSOCK32.dll
0x000007fefe440000 - 0x000007fefe48d000 	C:\Windows\system32\WS2_32.dll
0x000007fefe910000 - 0x000007fefe918000 	C:\Windows\system32\NSI.dll
0x000007fefb630000 - 0x000007fefb66b000 	C:\Windows\system32\WINMM.dll
0x000007fefc710000 - 0x000007fefc71c000 	C:\Windows\system32\VERSION.dll
0x0000000077ac0000 - 0x0000000077ac7000 	C:\Windows\system32\PSAPI.DLL
0x0000000073610000 - 0x000000007361f000 	C:\Program Files\Java\jre1.8.0_144\bin\verify.dll
0x00000000735e0000 - 0x0000000073609000 	C:\Program Files\Java\jre1.8.0_144\bin\java.dll
0x00000000735c0000 - 0x00000000735d6000 	C:\Program Files\Java\jre1.8.0_144\bin\zip.dll
0x000007fefece0000 - 0x000007feffa6b000 	C:\Windows\system32\SHELL32.dll
0x000007fefea00000 - 0x000007fefebfc000 	C:\Windows\system32\ole32.dll
0x000007fefd640000 - 0x000007fefd64f000 	C:\Windows\system32\profapi.dll
0x00000000734d0000 - 0x00000000734ea000 	C:\Program Files\Java\jre1.8.0_144\bin\net.dll
0x000007fefce00000 - 0x000007fefce55000 	C:\Windows\system32\mswsock.dll
0x000007fefcdf0000 - 0x000007fefcdf7000 	C:\Windows\System32\wship6.dll
0x00000000734f0000 - 0x0000000073501000 	C:\Program Files\Java\jre1.8.0_144\bin\nio.dll
0x0000000067490000 - 0x00000000674b4000 	C:\Program Files\Java\jre1.8.0_144\bin\sunec.dll
0x000007fefb420000 - 0x000007fefb447000 	C:\Windows\system32\IPHLPAPI.DLL
0x000007fefb4c0000 - 0x000007fefb4cb000 	C:\Windows\system32\WINNSI.DLL
0x000007fefb400000 - 0x000007fefb411000 	C:\Windows\system32\dhcpcsvc6.DLL
0x000007fefb3e0000 - 0x000007fefb3f8000 	C:\Windows\system32\dhcpcsvc.DLL
0x000007fefce60000 - 0x000007fefce78000 	C:\Windows\system32\CRYPTSP.dll
0x000007fefcb60000 - 0x000007fefcba7000 	C:\Windows\system32\rsaenh.dll
0x000007fefd9e0000 - 0x000007fefd9fe000 	C:\Windows\system32\USERENV.dll
0x000007fefd4e0000 - 0x000007fefd4ef000 	C:\Windows\system32\CRYPTBASE.dll
0x000000006d170000 - 0x000000006d17d000 	C:\Program Files\Java\jre1.8.0_144\bin\management.dll
0x000007fefb7f0000 - 0x000007fefb805000 	C:\Windows\system32\NLAapi.dll
0x000007fef81d0000 - 0x000007fef81e5000 	C:\Windows\system32\napinsp.dll
0x000007fef81b0000 - 0x000007fef81c9000 	C:\Windows\system32\pnrpnsp.dll
0x000007fefcc80000 - 0x000007fefccdb000 	C:\Windows\system32\DNSAPI.dll
0x000007fef81a0000 - 0x000007fef81ab000 	C:\Windows\System32\winrnr.dll
0x000007fefc7e0000 - 0x000007fefc7e7000 	C:\Windows\System32\wshtcpip.dll
0x000007fef8c20000 - 0x000007fef8c28000 	C:\Windows\system32\rasadhlp.dll
0x000007fefb460000 - 0x000007fefb4b3000 	C:\Windows\System32\fwpuclnt.dll

VM Arguments:
jvm_args: -Dfile.encoding=GBK 
java_command: sysu.consistency.classify.data.NewDataSet
java_class_path (initial): C:\Users\Administrator\git\consistencyclassify\target\classes;D:\sts-bundle\sts-3.9.0.RELEASE\plugins\org.junit_4.12.0.v201504281640\junit.jar;D:\sts-bundle\sts-3.9.0.RELEASE\plugins\org.hamcrest.core_1.3.0.v201303031735.jar;C:\Users\Administrator\.m2\repository\org\springframework\spring-context\4.3.7.RELEASE\spring-context-4.3.7.RELEASE.jar;C:\Users\Administrator\.m2\repository\org\springframework\spring-beans\4.3.7.RELEASE\spring-beans-4.3.7.RELEASE.jar;C:\Users\Administrator\.m2\repository\org\springframework\spring-core\4.3.7.RELEASE\spring-core-4.3.7.RELEASE.jar;C:\Users\Administrator\.m2\repository\commons-logging\commons-logging\1.2\commons-logging-1.2.jar;C:\Users\Administrator\.m2\repository\org\springframework\spring-expression\4.3.7.RELEASE\spring-expression-4.3.7.RELEASE.jar;C:\Users\Administrator\.m2\repository\org\springframework\spring-aop\4.3.7.RELEASE\spring-aop-4.3.7.RELEASE.jar;C:\Users\Administrator\.m2\repository\org\aspectj\aspectjweaver\1.8.10\aspectjweaver-1.8.10.jar;C:\Users\Administrator\.m2\repository\edu\mit\jwi\2.2.3\jwi-2.2.3.jar;C:\Users\Administrator\.m2\repository\jws\jws11\11\jws11-11.jar;C:\Users\Administrator\.m2\repository\org\mongodb\mongo-java-driver\3.4.2\mongo-java-driver-3.4.2.jar;C:\Users\Administrator\.m2\repository\weka\weka\3\weka-3.jar;C:\Users\Administrator\.m2\repository\nz\ac\waikato\cms\weka\SMOTE\1.0.3\SMOTE-1.0.3.jar;C:\Users\Administrator\.m2\repository\nz\ac\waikato\cms\weka\weka-dev\3.9.1\weka-dev-3.9.1.jar;C:\Users\Administrator\.m2\repository\nz\ac\waikato\cms\weka\thirdparty\java-cup-11b\2015.03.26\java-cup-11b-2015.03.26.jar;C:\Users\Administrator\.m2\repository\nz\ac\waikato\cms\weka\thirdparty\java-cup-11b-runtime\2015.03.26\java-cup-11b-runtime-2015.03.26.jar;C:\Users\Administrator\.m2\repository\nz\ac\waikato\cms\weka\thirdparty\bounce\0.18\bounce-0.18.jar;C:\Users\Administrator\.m2\repository\com\googlecode\matrix-toolkits-java\mtj\1.0.4\mtj-1.0.4.jar;C:\Users\Administrato
Launcher Type: SUN_STANDARD

Environment Variables:
JAVA_HOME=C:\Program Files\Java\jdk1.8.0_144
PATH=C:/Program Files/Java/jre1.8.0_144/bin/server;C:/Program Files/Java/jre1.8.0_144/bin;C:/Program Files/Java/jre1.8.0_144/lib/amd64;C:\ProgramData\Oracle\Java\javapath;C:\Windows\system32;C:\Windows;C:\Windows\System32\Wbem;C:\Windows\System32\WindowsPowerShell\v1.0\;C:\Program Files\Java\jdk1.8.0_144/bin;C:\Program Files\Java\jdk1.8.0_144/jre/bin;C:\Program Files\MongoDB\Server\3.4\bin;;D:\sts-bundle\sts-3.9.0.RELEASE;
USERNAME=Administrator
OS=Windows_NT
PROCESSOR_IDENTIFIER=Intel64 Family 6 Model 158 Stepping 9, GenuineIntel



---------------  S Y S T E M  ---------------

OS: Windows 7 , 64 bit Build 7601 (6.1.7601.23807)

CPU:total 4 (initial active 4) (4 cores per cpu, 1 threads per core) family 6 model 158 stepping 9, cmov, cx8, fxsr, mmx, sse, sse2, sse3, ssse3, sse4.1, sse4.2, popcnt, avx, avx2, aes, clmul, erms, 3dnowpref, lzcnt, tsc, tscinvbit, bmi1, bmi2, adx

Memory: 4k page, physical 8273668k(1496692k free), swap 10368960k(5688k free)

vm_info: Java HotSpot(TM) 64-Bit Server VM (25.144-b01) for windows-amd64 JRE (1.8.0_144-b01), built on Jul 21 2017 21:57:33 by "java_re" with MS VC++ 10.0 (VS2010)

time: Mon Oct 16 17:06:05 2017
elapsed time: 1671 seconds (0d 0h 27m 51s)

