#
# There is insufficient memory for the Java Runtime Environment to continue.
# Native memory allocation (mmap) failed to map 1966080 bytes for object start array expansion
# Possible reasons:
#   The system is out of physical RAM or swap space
#   In 32 bit mode, the process size limit was hit
# Possible solutions:
#   Reduce memory load on the system
#   Increase physical memory or swap space
#   Check if swap backing store is full
#   Use 64 bit Java on a 64 bit OS
#   Decrease Java heap size (-Xmx/-Xms)
#   Decrease number of Java threads
#   Decrease Java thread stack sizes (-Xss)
#   Set larger code cache with -XX:ReservedCodeCacheSize=
# This output file may be truncated or incomplete.
#
#  Out of Memory Error (objectStartArray.cpp:102), pid=11864, tid=0x00000000000023b0
#
# JRE version: Java(TM) SE Runtime Environment (8.0_144-b01) (build 1.8.0_144-b01)
# Java VM: Java HotSpot(TM) 64-Bit Server VM (25.144-b01 mixed mode windows-amd64 compressed oops)
# Failed to write core dump. Minidumps are not enabled by default on client versions of Windows
#

---------------  T H R E A D  ---------------

Current thread (0x000000001c10e000):  VMThread [stack: 0x000000001d220000,0x000000001d320000] [id=9136]

Stack: [0x000000001d220000,0x000000001d320000]
[error occurred during error reporting (printing stack bounds), id 0xc0000005]

Native frames: (J=compiled Java code, j=interpreted, Vv=VM code, C=native code)

VM_Operation (0x000000000273f180): ParallelGCFailedAllocation, mode: safepoint, requested by thread 0x0000000001c5f800


---------------  P R O C E S S  ---------------

Java Threads: ( => current thread )
  0x000000001d661800 JavaThread "Service Thread" daemon [_thread_blocked, id=12392, stack(0x000000001e0c0000,0x000000001e1c0000)]
  0x000000001d5fe000 JavaThread "C1 CompilerThread2" daemon [_thread_blocked, id=12480, stack(0x000000001df10000,0x000000001e010000)]
  0x000000001d5fd000 JavaThread "C2 CompilerThread1" daemon [_thread_blocked, id=17936, stack(0x000000001dcb0000,0x000000001ddb0000)]
  0x000000001d5fa800 JavaThread "C2 CompilerThread0" daemon [_thread_blocked, id=3972, stack(0x000000001da00000,0x000000001db00000)]
  0x000000001d5f9000 JavaThread "Attach Listener" daemon [_thread_blocked, id=7584, stack(0x000000001dbb0000,0x000000001dcb0000)]
  0x000000001d5f5800 JavaThread "Signal Dispatcher" daemon [_thread_blocked, id=17816, stack(0x000000001d100000,0x000000001d200000)]
  0x000000001c15c800 JavaThread "Finalizer" daemon [_thread_blocked, id=18036, stack(0x000000001d4e0000,0x000000001d5e0000)]
  0x000000001c115800 JavaThread "Reference Handler" daemon [_thread_blocked, id=11612, stack(0x000000001d380000,0x000000001d480000)]
  0x0000000001c5f800 JavaThread "main" [_thread_blocked, id=18888, stack(0x0000000002640000,0x0000000002740000)]

Other Threads:
=>0x000000001c10e000 VMThread [stack: 0x000000001d220000,0x000000001d320000] [id=9136]
  0x000000001d693000 WatcherThread [stack: 0x000000001e240000,0x000000001e340000] [id=18112]

VM state:at safepoint (normal execution)

VM Mutex/Monitor currently owned by a thread:  ([mutex/lock_event])
[0x0000000002398280] ExpandHeap_lock - owner thread: 0x000000001c10e000
[0x0000000002398900] Threads_lock - owner thread: 0x000000001c10e000
[0x0000000002398e00] Heap_lock - owner thread: 0x0000000001c5f800

Heap:
 PSYoungGen      total 1136640K, used 1127435K [0x000000076ab00000, 0x00000007c0000000, 0x00000007c0000000)
  eden space 1049600K, 99% used [0x000000076ab00000,0x00000007aabe6310,0x00000007aac00000)
  from space 87040K, 89% used [0x00000007aac00000,0x00000007af81cb30,0x00000007b0100000)
  to   space 87040K, 0% used [0x00000007bab00000,0x00000007bab00000,0x00000007c0000000)
 ParOldGen       total 1814016K, used 1813619K [0x00000006c0000000, 0x000000076ab00000, 0x000000076ab00000)
  object space 1814016K, 99% used [0x00000006c0000000,0x000000072eb1cd10,0x000000072eb80000)
 Metaspace       used 3425K, capacity 4728K, committed 4864K, reserved 1056768K
  class space    used 358K, capacity 424K, committed 512K, reserved 1048576K

Card table byte_map: [0x0000000011b00000,0x0000000012310000] byte_map_base: 0x000000000e500000

Marking Bits: (ParMarkBitMap*) 0x0000000067eed850
 Begin Bits: [0x0000000012f80000, 0x0000000016f80000)
 End Bits:   [0x0000000016f80000, 0x000000001af80000)

Polling page: 0x0000000000320000

CodeCache: size=245760Kb used=1885Kb max_used=1898Kb free=243874Kb
 bounds [0x0000000002740000, 0x00000000029b0000, 0x0000000011740000]
 total_blobs=474 nmethods=226 adapters=161
 compilation: enabled

Compilation events (10 events):
Event: 1.576 Thread 0x000000001d5fd000 nmethod 222 0x0000000002911f10 code [0x00000000029120c0, 0x0000000002912a78]
Event: 1.576 Thread 0x000000001d5fd000  223       4       java.util.HashMap::put (13 bytes)
Event: 1.578 Thread 0x000000001d5fd000 nmethod 223 0x00000000029134d0 code [0x0000000002913620, 0x00000000029137a8]
Event: 1.578 Thread 0x000000001d5fd000  224       4       java.util.HashMap::newNode (13 bytes)
Event: 1.578 Thread 0x000000001d5fd000 nmethod 224 0x0000000002911bd0 code [0x0000000002911d20, 0x0000000002911e38]
Event: 1.580 Thread 0x000000001d5fa800 nmethod 221% 0x000000000291c410 code [0x000000000291c6e0, 0x000000000291e580]
Event: 1.651 Thread 0x000000001d5fd000  225 %     4       java.util.HashMap::resize @ 154 (359 bytes)
Event: 1.657 Thread 0x000000001d5fd000 nmethod 225% 0x0000000002902390 code [0x0000000002902500, 0x0000000002902a78]
Event: 1.657 Thread 0x000000001d5fa800  226       4       java.util.HashMap::resize (359 bytes)
Event: 1.662 Thread 0x000000001d5fa800 nmethod 226 0x00000000028fd9d0 code [0x00000000028fdb40, 0x00000000028fe058]

GC Heap History (10 events):
Event: 5.985 GC heap after
Heap after GC invocations=20 (full 17):
 PSYoungGen      total 1136640K, used 1127435K [0x000000076ab00000, 0x00000007c0000000, 0x00000007c0000000)
  eden space 1049600K, 99% used [0x000000076ab00000,0x00000007aabe6310,0x00000007aac00000)
  from space 87040K, 89% used [0x00000007aac00000,0x00000007af81cb30,0x00000007b0100000)
  to   space 87040K, 0% used [0x00000007bab00000,0x00000007bab00000,0x00000007c0000000)
 ParOldGen       total 1776128K, used 1776114K [0x00000006c0000000, 0x000000072c680000, 0x000000076ab00000)
  object space 1776128K, 99% used [0x00000006c0000000,0x000000072c67c910,0x000000072c680000)
 Metaspace       used 3425K, capacity 4728K, committed 4864K, reserved 1056768K
  class space    used 358K, capacity 424K, committed 512K, reserved 1048576K
}
Event: 5.988 GC heap before
{Heap before GC invocations=21 (full 18):
 PSYoungGen      total 1136640K, used 1127435K [0x000000076ab00000, 0x00000007c0000000, 0x00000007c0000000)
  eden space 1049600K, 99% used [0x000000076ab00000,0x00000007aabe6310,0x00000007aac00000)
  from space 87040K, 89% used [0x00000007aac00000,0x00000007af81cb30,0x00000007b0100000)
  to   space 87040K, 0% used [0x00000007bab00000,0x00000007bab00000,0x00000007c0000000)
 ParOldGen       total 1783808K, used 1783615K [0x00000006c0000000, 0x000000072ce00000, 0x000000076ab00000)
  object space 1783808K, 99% used [0x00000006c0000000,0x000000072cdcfd10,0x000000072ce00000)
 Metaspace       used 3425K, capacity 4728K, committed 4864K, reserved 1056768K
  class space    used 358K, capacity 424K, committed 512K, reserved 1048576K
Event: 6.100 GC heap after
Heap after GC invocations=21 (full 18):
 PSYoungGen      total 1136640K, used 1127435K [0x000000076ab00000, 0x00000007c0000000, 0x00000007c0000000)
  eden space 1049600K, 99% used [0x000000076ab00000,0x00000007aabe6310,0x00000007aac00000)
  from space 87040K, 89% used [0x00000007aac00000,0x00000007af81cb30,0x00000007b0100000)
  to   space 87040K, 0% used [0x00000007bab00000,0x00000007bab00000,0x00000007c0000000)
 ParOldGen       total 1783808K, used 1783615K [0x00000006c0000000, 0x000000072ce00000, 0x000000076ab00000)
  object space 1783808K, 99% used [0x00000006c0000000,0x000000072cdcfd10,0x000000072ce00000)
 Metaspace       used 3425K, capacity 4728K, committed 4864K, reserved 1056768K
  class space    used 358K, capacity 424K, committed 512K, reserved 1048576K
}
Event: 6.103 GC heap before
{Heap before GC invocations=22 (full 19):
 PSYoungGen      total 1136640K, used 1127435K [0x000000076ab00000, 0x00000007c0000000, 0x00000007c0000000)
  eden space 1049600K, 99% used [0x000000076ab00000,0x00000007aabe6310,0x00000007aac00000)
  from space 87040K, 89% used [0x00000007aac00000,0x00000007af81cb30,0x00000007b0100000)
  to   space 87040K, 0% used [0x00000007bab00000,0x00000007bab00000,0x00000007c0000000)
 ParOldGen       total 1791488K, used 1791116K [0x00000006c0000000, 0x000000072d580000, 0x000000076ab00000)
  object space 1791488K, 99% used [0x00000006c0000000,0x000000072d523110,0x000000072d580000)
 Metaspace       used 3425K, capacity 4728K, committed 4864K, reserved 1056768K
  class space    used 358K, capacity 424K, committed 512K, reserved 1048576K
Event: 6.239 GC heap after
Heap after GC invocations=22 (full 19):
 PSYoungGen      total 1136640K, used 1127435K [0x000000076ab00000, 0x00000007c0000000, 0x00000007c0000000)
  eden space 1049600K, 99% used [0x000000076ab00000,0x00000007aabe6310,0x00000007aac00000)
  from space 87040K, 89% used [0x00000007aac00000,0x00000007af81cb30,0x00000007b0100000)
  to   space 87040K, 0% used [0x00000007bab00000,0x00000007bab00000,0x00000007c0000000)
 ParOldGen       total 1791488K, used 1791116K [0x00000006c0000000, 0x000000072d580000, 0x000000076ab00000)
  object space 1791488K, 99% used [0x00000006c0000000,0x000000072d523110,0x000000072d580000)
 Metaspace       used 3425K, capacity 4728K, committed 4864K, reserved 1056768K
  class space    used 358K, capacity 424K, committed 512K, reserved 1048576K
}
Event: 6.242 GC heap before
{Heap before GC invocations=23 (full 20):
 PSYoungGen      total 1136640K, used 1127435K [0x000000076ab00000, 0x00000007c0000000, 0x00000007c0000000)
  eden space 1049600K, 99% used [0x000000076ab00000,0x00000007aabe6310,0x00000007aac00000)
  from space 87040K, 89% used [0x00000007aac00000,0x00000007af81cb30,0x00000007b0100000)
  to   space 87040K, 0% used [0x00000007bab00000,0x00000007bab00000,0x00000007c0000000)
 ParOldGen       total 1798656K, used 1798617K [0x00000006c0000000, 0x000000072dc80000, 0x000000076ab00000)
  object space 1798656K, 99% used [0x00000006c0000000,0x000000072dc76510,0x000000072dc80000)
 Metaspace       used 3425K, capacity 4728K, committed 4864K, reserved 1056768K
  class space    used 358K, capacity 424K, committed 512K, reserved 1048576K
Event: 6.374 GC heap after
Heap after GC invocations=23 (full 20):
 PSYoungGen      total 1136640K, used 1127435K [0x000000076ab00000, 0x00000007c0000000, 0x00000007c0000000)
  eden space 1049600K, 99% used [0x000000076ab00000,0x00000007aabe6310,0x00000007aac00000)
  from space 87040K, 89% used [0x00000007aac00000,0x00000007af81cb30,0x00000007b0100000)
  to   space 87040K, 0% used [0x00000007bab00000,0x00000007bab00000,0x00000007c0000000)
 ParOldGen       total 1798656K, used 1798617K [0x00000006c0000000, 0x000000072dc80000, 0x000000076ab00000)
  object space 1798656K, 99% used [0x00000006c0000000,0x000000072dc76510,0x000000072dc80000)
 Metaspace       used 3425K, capacity 4728K, committed 4864K, reserved 1056768K
  class space    used 358K, capacity 424K, committed 512K, reserved 1048576K
}
Event: 6.377 GC heap before
{Heap before GC invocations=24 (full 21):
 PSYoungGen      total 1136640K, used 1127435K [0x000000076ab00000, 0x00000007c0000000, 0x00000007c0000000)
  eden space 1049600K, 99% used [0x000000076ab00000,0x00000007aabe6310,0x00000007aac00000)
  from space 87040K, 89% used [0x00000007aac00000,0x00000007af81cb30,0x00000007b0100000)
  to   space 87040K, 0% used [0x00000007bab00000,0x00000007bab00000,0x00000007c0000000)
 ParOldGen       total 1806336K, used 1806118K [0x00000006c0000000, 0x000000072e400000, 0x000000076ab00000)
  object space 1806336K, 99% used [0x00000006c0000000,0x000000072e3c9910,0x000000072e400000)
 Metaspace       used 3425K, capacity 4728K, committed 4864K, reserved 1056768K
  class space    used 358K, capacity 424K, committed 512K, reserved 1048576K
Event: 6.496 GC heap after
Heap after GC invocations=24 (full 21):
 PSYoungGen      total 1136640K, used 1127435K [0x000000076ab00000, 0x00000007c0000000, 0x00000007c0000000)
  eden space 1049600K, 99% used [0x000000076ab00000,0x00000007aabe6310,0x00000007aac00000)
  from space 87040K, 89% used [0x00000007aac00000,0x00000007af81cb30,0x00000007b0100000)
  to   space 87040K, 0% used [0x00000007bab00000,0x00000007bab00000,0x00000007c0000000)
 ParOldGen       total 1806336K, used 1806118K [0x00000006c0000000, 0x000000072e400000, 0x000000076ab00000)
  object space 1806336K, 99% used [0x00000006c0000000,0x000000072e3c9910,0x000000072e400000)
 Metaspace       used 3425K, capacity 4728K, committed 4864K, reserved 1056768K
  class space    used 358K, capacity 424K, committed 512K, reserved 1048576K
}
Event: 6.499 GC heap before
{Heap before GC invocations=25 (full 22):
 PSYoungGen      total 1136640K, used 1127435K [0x000000076ab00000, 0x00000007c0000000, 0x00000007c0000000)
  eden space 1049600K, 99% used [0x000000076ab00000,0x00000007aabe6310,0x00000007aac00000)
  from space 87040K, 89% used [0x00000007aac00000,0x00000007af81cb30,0x00000007b0100000)
  to   space 87040K, 0% used [0x00000007bab00000,0x00000007bab00000,0x00000007c0000000)
 ParOldGen       total 1814016K, used 1813619K [0x00000006c0000000, 0x000000072eb80000, 0x000000076ab00000)
  object space 1814016K, 99% used [0x00000006c0000000,0x000000072eb1cd10,0x000000072eb80000)
 Metaspace       used 3425K, capacity 4728K, committed 4864K, reserved 1056768K
  class space    used 358K, capacity 424K, committed 512K, reserved 1048576K

Deoptimization events (9 events):
Event: 0.539 Thread 0x0000000001c5f800 Uncommon trap: reason=unstable_if action=reinterpret pc=0x000000000285bb44 method=java.lang.String.hashCode()I @ 14
Event: 0.753 Thread 0x0000000001c5f800 Uncommon trap: reason=unstable_if action=reinterpret pc=0x00000000028ac604 method=sun.nio.cs.UTF_8$Decoder.decodeArrayLoop(Ljava/nio/ByteBuffer;Ljava/nio/CharBuffer;)Ljava/nio/charset/CoderResult; @ 84
Event: 1.498 Thread 0x0000000001c5f800 Uncommon trap: reason=unstable_if action=reinterpret pc=0x00000000028aafc0 method=java.io.BufferedReader.readLine(Z)Ljava/lang/String; @ 55
Event: 1.525 Thread 0x0000000001c5f800 Uncommon trap: reason=predicate action=maybe_recompile pc=0x00000000028fc724 method=java.util.AbstractCollection.toArray([Ljava/lang/Object;)[Ljava/lang/Object; @ 49
Event: 1.536 Thread 0x0000000001c5f800 Uncommon trap: reason=array_check action=maybe_recompile pc=0x00000000028ff4c0 method=java.util.AbstractCollection.toArray([Ljava/lang/Object;)[Ljava/lang/Object; @ 119
Event: 1.536 Thread 0x0000000001c5f800 Uncommon trap: reason=array_check action=maybe_recompile pc=0x00000000028ff4c0 method=java.util.AbstractCollection.toArray([Ljava/lang/Object;)[Ljava/lang/Object; @ 119
Event: 1.536 Thread 0x0000000001c5f800 Uncommon trap: reason=array_check action=maybe_recompile pc=0x00000000028ff4c0 method=java.util.AbstractCollection.toArray([Ljava/lang/Object;)[Ljava/lang/Object; @ 119
Event: 1.536 Thread 0x0000000001c5f800 Uncommon trap: reason=array_check action=maybe_recompile pc=0x00000000028ff4c0 method=java.util.AbstractCollection.toArray([Ljava/lang/Object;)[Ljava/lang/Object; @ 119
Event: 1.817 Thread 0x0000000001c5f800 Uncommon trap: reason=unstable_if action=reinterpret pc=0x000000000291dfb8 method=java.util.ArrayList$Itr.hasNext()Z @ 11

Internal exceptions (4 events):
Event: 0.241 Thread 0x0000000001c5f800 Exception <a 'java/lang/NoSuchMethodError': Method sun.misc.Unsafe.defineClass(Ljava/lang/String;[BII)Ljava/lang/Class; name or signature does not match> (0x000000076ab07ca8) thrown at [C:\re\workspace\8-2-build-windows-amd64-cygwin\jdk8u144\9417\hotspot\
Event: 0.241 Thread 0x0000000001c5f800 Exception <a 'java/lang/NoSuchMethodError': Method sun.misc.Unsafe.prefetchRead(Ljava/lang/Object;J)V name or signature does not match> (0x000000076ab07f90) thrown at [C:\re\workspace\8-2-build-windows-amd64-cygwin\jdk8u144\9417\hotspot\src\share\vm\prims
Event: 0.562 Thread 0x0000000001c5f800 Exception <a 'java/security/PrivilegedActionException'> (0x000000076ac2ccd8) thrown at [C:\re\workspace\8-2-build-windows-amd64-cygwin\jdk8u144\9417\hotspot\src\share\vm\prims\jvm.cpp, line 1390]
Event: 0.562 Thread 0x0000000001c5f800 Exception <a 'java/security/PrivilegedActionException'> (0x000000076ac2cee8) thrown at [C:\re\workspace\8-2-build-windows-amd64-cygwin\jdk8u144\9417\hotspot\src\share\vm\prims\jvm.cpp, line 1390]

Events (10 events):
Event: 5.985 Executing VM operation: ParallelGCFailedAllocation done
Event: 5.988 Executing VM operation: ParallelGCFailedAllocation
Event: 6.101 Executing VM operation: ParallelGCFailedAllocation done
Event: 6.103 Executing VM operation: ParallelGCFailedAllocation
Event: 6.240 Executing VM operation: ParallelGCFailedAllocation done
Event: 6.242 Executing VM operation: ParallelGCFailedAllocation
Event: 6.374 Executing VM operation: ParallelGCFailedAllocation done
Event: 6.377 Executing VM operation: ParallelGCFailedAllocation
Event: 6.496 Executing VM operation: ParallelGCFailedAllocation done
Event: 6.499 Executing VM operation: ParallelGCFailedAllocation


Dynamic libraries:
0x000000013fda0000 - 0x000000013fdd7000 	C:\Program Files\Java\jre1.8.0_144\bin\javaw.exe
0x0000000077c40000 - 0x0000000077dea000 	C:\Windows\SYSTEM32\ntdll.dll
0x0000000077a20000 - 0x0000000077b3f000 	C:\Windows\system32\kernel32.dll
0x000007fefdbc0000 - 0x000007fefdc2a000 	C:\Windows\system32\KERNELBASE.dll
0x000007feff540000 - 0x000007feff61b000 	C:\Windows\system32\ADVAPI32.dll
0x000007fefe3b0000 - 0x000007fefe44f000 	C:\Windows\system32\msvcrt.dll
0x000007feff6c0000 - 0x000007feff6df000 	C:\Windows\SYSTEM32\sechost.dll
0x000007fefe680000 - 0x000007fefe7ad000 	C:\Windows\system32\RPCRT4.dll
0x0000000077b40000 - 0x0000000077c3a000 	C:\Windows\system32\USER32.dll
0x000007feff980000 - 0x000007feff9e7000 	C:\Windows\system32\GDI32.dll
0x000007feffc60000 - 0x000007feffc6e000 	C:\Windows\system32\LPK.dll
0x000007fefe2e0000 - 0x000007fefe3ab000 	C:\Windows\system32\USP10.dll
0x000007fefc130000 - 0x000007fefc324000 	C:\Windows\WinSxS\amd64_microsoft.windows.common-controls_6595b64144ccf1df_6.0.7601.18837_none_fa3b1e3d17594757\COMCTL32.dll
0x000007feffbe0000 - 0x000007feffc51000 	C:\Windows\system32\SHLWAPI.dll
0x000007feffbb0000 - 0x000007feffbde000 	C:\Windows\system32\IMM32.DLL
0x000007fefdd40000 - 0x000007fefde49000 	C:\Windows\system32\MSCTF.dll
0x0000000070400000 - 0x00000000704d2000 	C:\Program Files\Java\jre1.8.0_144\bin\msvcr100.dll
0x00000000676d0000 - 0x0000000067f6d000 	C:\Program Files\Java\jre1.8.0_144\bin\server\jvm.dll
0x000007fefc530000 - 0x000007fefc539000 	C:\Windows\system32\WSOCK32.dll
0x000007fefe450000 - 0x000007fefe49d000 	C:\Windows\system32\WS2_32.dll
0x000007fefff40000 - 0x000007fefff48000 	C:\Windows\system32\NSI.dll
0x000007fefb7d0000 - 0x000007fefb80b000 	C:\Windows\system32\WINMM.dll
0x000007fefca50000 - 0x000007fefca5c000 	C:\Windows\system32\VERSION.dll
0x0000000077e00000 - 0x0000000077e07000 	C:\Windows\system32\PSAPI.DLL
0x0000000074170000 - 0x000000007417f000 	C:\Program Files\Java\jre1.8.0_144\bin\verify.dll
0x0000000073aa0000 - 0x0000000073ac9000 	C:\Program Files\Java\jre1.8.0_144\bin\java.dll
0x0000000073c20000 - 0x0000000073c36000 	C:\Program Files\Java\jre1.8.0_144\bin\zip.dll
0x000007fefe7b0000 - 0x000007feff53b000 	C:\Windows\system32\SHELL32.dll
0x000007feff780000 - 0x000007feff97c000 	C:\Windows\system32\ole32.dll
0x000007fefd990000 - 0x000007fefd99f000 	C:\Windows\system32\profapi.dll

VM Arguments:
jvm_args: -Xms2048M -Xmx4096M -Dfile.encoding=GBK 
java_command: sysu.consistency.classify.feature.CombineFeature
java_class_path (initial): C:\Users\Administrator\git\consistencyclassify\target\classes;D:\sts-bundle\sts-3.9.0.RELEASE\plugins\org.junit_4.12.0.v201504281640\junit.jar;D:\sts-bundle\sts-3.9.0.RELEASE\plugins\org.hamcrest.core_1.3.0.v201303031735.jar;C:\Users\Administrator\.m2\repository\org\springframework\spring-context\4.3.7.RELEASE\spring-context-4.3.7.RELEASE.jar;C:\Users\Administrator\.m2\repository\org\springframework\spring-beans\4.3.7.RELEASE\spring-beans-4.3.7.RELEASE.jar;C:\Users\Administrator\.m2\repository\org\springframework\spring-core\4.3.7.RELEASE\spring-core-4.3.7.RELEASE.jar;C:\Users\Administrator\.m2\repository\commons-logging\commons-logging\1.2\commons-logging-1.2.jar;C:\Users\Administrator\.m2\repository\org\springframework\spring-expression\4.3.7.RELEASE\spring-expression-4.3.7.RELEASE.jar;C:\Users\Administrator\.m2\repository\org\springframework\spring-aop\4.3.7.RELEASE\spring-aop-4.3.7.RELEASE.jar;C:\Users\Administrator\.m2\repository\org\aspectj\aspectjweaver\1.8.10\aspectjweaver-1.8.10.jar;C:\Users\Administrator\.m2\repository\edu\mit\jwi\2.2.3\jwi-2.2.3.jar;C:\Users\Administrator\.m2\repository\jws\jws11\11\jws11-11.jar;C:\Users\Administrator\.m2\repository\org\mongodb\mongo-java-driver\3.4.2\mongo-java-driver-3.4.2.jar;C:\Users\Administrator\.m2\repository\weka\weka\3\weka-3.jar;C:\Users\Administrator\.m2\repository\nz\ac\waikato\cms\weka\SMOTE\1.0.3\SMOTE-1.0.3.jar;C:\Users\Administrator\.m2\repository\nz\ac\waikato\cms\weka\weka-dev\3.9.1\weka-dev-3.9.1.jar;C:\Users\Administrator\.m2\repository\nz\ac\waikato\cms\weka\thirdparty\java-cup-11b\2015.03.26\java-cup-11b-2015.03.26.jar;C:\Users\Administrator\.m2\repository\nz\ac\waikato\cms\weka\thirdparty\java-cup-11b-runtime\2015.03.26\java-cup-11b-runtime-2015.03.26.jar;C:\Users\Administrator\.m2\repository\nz\ac\waikato\cms\weka\thirdparty\bounce\0.18\bounce-0.18.jar;C:\Users\Administrator\.m2\repository\com\googlecode\matrix-toolkits-java\mtj\1.0.4\mtj-1.0.4.jar;C:\Users\Administrato
Launcher Type: SUN_STANDARD

Environment Variables:
JAVA_HOME=C:\Program Files\Java\jdk1.8.0_144
PATH=C:/Program Files/Java/jre1.8.0_144/bin/server;C:/Program Files/Java/jre1.8.0_144/bin;C:/Program Files/Java/jre1.8.0_144/lib/amd64;C:\Python27\;C:\ProgramData\Oracle\Java\javapath;C:\Windows\system32;C:\Windows;C:\Windows\System32\Wbem;C:\Windows\System32\WindowsPowerShell\v1.0\;C:\Program Files\Java\jdk1.8.0_144/bin;C:\Program Files\Java\jdk1.8.0_144/jre/bin;C:\Program Files\MongoDB\Server\3.4\bin;C:\Program Files\MiKTeX 2.9\miktex\bin\x64\;C:\Python27\Scripts;C:\Program Files\PuTTY\;C:\Program Files\apache-maven-3.5.2\bin;C:\Program Files\Git\cmd;C:\MinGW\bin;C:\Users\Administrator\AppData\Roaming\MiKTeX\2.9\miktex\bin\x64\;D:\sts-bundle\sts-3.9.0.RELEASE;
USERNAME=Administrator
OS=Windows_NT
PROCESSOR_IDENTIFIER=Intel64 Family 6 Model 158 Stepping 9, GenuineIntel



---------------  S Y S T E M  ---------------

OS: Windows 7 , 64 bit Build 7601 (6.1.7601.23807)

CPU:total 4 (initial active 4) (4 cores per cpu, 1 threads per core) family 6 model 158 stepping 9, cmov, cx8, fxsr, mmx, sse, sse2, sse3, ssse3, sse4.1, sse4.2, popcnt, avx, avx2, aes, clmul, erms, 3dnowpref, lzcnt, tsc, tscinvbit, bmi1, bmi2, adx

Memory: 4k page, physical 8273668k(1585588k free), swap 10368960k(5284k free)

vm_info: Java HotSpot(TM) 64-Bit Server VM (25.144-b01) for windows-amd64 JRE (1.8.0_144-b01), built on Jul 21 2017 21:57:33 by "java_re" with MS VC++ 10.0 (VS2010)

time: Thu Mar 29 20:15:36 2018
elapsed time: 6 seconds (0d 0h 0m 6s)

