#
# There is insufficient memory for the Java Runtime Environment to continue.
# Native memory allocation (malloc) failed to allocate 32744 bytes for ChunkPool::allocate
# Possible reasons:
#   The system is out of physical RAM or swap space
#   In 32 bit mode, the process size limit was hit
# Possible solutions:
#   Reduce memory load on the system
#   Increase physical memory or swap space
#   Check if swap backing store is full
#   Use 64 bit Java on a 64 bit OS
#   Decrease Java heap size (-Xmx/-Xms)
#   Decrease number of Java threads
#   Decrease Java thread stack sizes (-Xss)
#   Set larger code cache with -XX:ReservedCodeCacheSize=
# This output file may be truncated or incomplete.
#
#  Out of Memory Error (allocation.cpp:273), pid=10404, tid=0x00000000000021e4
#
# JRE version: Java(TM) SE Runtime Environment (8.0_144-b01) (build 1.8.0_144-b01)
# Java VM: Java HotSpot(TM) 64-Bit Server VM (25.144-b01 mixed mode windows-amd64 compressed oops)
# Failed to write core dump. Minidumps are not enabled by default on client versions of Windows
#

---------------  T H R E A D  ---------------

Current thread (0x00000000588e3800):  JavaThread "C2 CompilerThread1" daemon [_thread_in_native, id=8676, stack(0x0000000059180000,0x0000000059280000)]

Stack: [0x0000000059180000,0x0000000059280000]
[error occurred during error reporting (printing stack bounds), id 0xc0000005]

Native frames: (J=compiled Java code, j=interpreted, Vv=VM code, C=native code)


Current CompileTask:
C2: 662826 4808       4       java.util.StringTokenizer::hasMoreTokens (29 bytes)


---------------  P R O C E S S  ---------------

Java Threads: ( => current thread )
  0x000000005a9a7800 JavaThread "pool-2-thread-1" daemon [_thread_blocked, id=10968, stack(0x0000000060ba0000,0x0000000060ca0000)]
  0x000000005aacb800 JavaThread "cluster-ClusterId{value='59e4eae5db611d28a4dcff6e', description='null'}-192.168.2.168:27017" daemon [_thread_blocked, id=13940, stack(0x00000000608e0000,0x00000000609e0000)]
  0x0000000058959800 JavaThread "Service Thread" daemon [_thread_blocked, id=10916, stack(0x0000000059420000,0x0000000059520000)]
  0x00000000588e4800 JavaThread "C1 CompilerThread2" daemon [_thread_in_vm, id=13452, stack(0x00000000592c0000,0x00000000593c0000)]
=>0x00000000588e3800 JavaThread "C2 CompilerThread1" daemon [_thread_in_native, id=8676, stack(0x0000000059180000,0x0000000059280000)]
  0x00000000588dc000 JavaThread "C2 CompilerThread0" daemon [_thread_blocked, id=10632, stack(0x0000000058f50000,0x0000000059050000)]
  0x00000000588d7000 JavaThread "Attach Listener" daemon [_thread_blocked, id=11764, stack(0x0000000058de0000,0x0000000058ee0000)]
  0x00000000588d3800 JavaThread "Signal Dispatcher" daemon [_thread_blocked, id=11280, stack(0x0000000058490000,0x0000000058590000)]
  0x000000005737c800 JavaThread "Finalizer" daemon [_thread_blocked, id=11248, stack(0x00000000587c0000,0x00000000588c0000)]
  0x0000000057335800 JavaThread "Reference Handler" daemon [_thread_blocked, id=5244, stack(0x00000000585c0000,0x00000000586c0000)]
  0x0000000001d6f800 JavaThread "main" [_thread_in_vm, id=9664, stack(0x0000000002630000,0x0000000002730000)]

Other Threads:
  0x000000005732d800 VMThread [stack: 0x00000000582e0000,0x00000000583e0000] [id=13508]
  0x00000000589b1800 WatcherThread [stack: 0x00000000595a0000,0x00000000596a0000] [id=4488]

VM state:not at safepoint (normal execution)

VM Mutex/Monitor currently owned by a thread: None

Heap:
 PSYoungGen      total 76288K, used 64745K [0x00000000d5f00000, 0x00000000dab00000, 0x0000000100000000)
  eden space 74752K, 86% used [0x00000000d5f00000,0x00000000d9dca468,0x00000000da800000)
  from space 1536K, 29% used [0x00000000da880000,0x00000000da8f0000,0x00000000daa00000)
  to   space 1024K, 0% used [0x00000000daa00000,0x00000000daa00000,0x00000000dab00000)
 ParOldGen       total 1097728K, used 625307K [0x0000000081c00000, 0x00000000c4c00000, 0x00000000d5f00000)
  object space 1097728K, 56% used [0x0000000081c00000,0x00000000a7ea6e48,0x00000000c4c00000)
 Metaspace       used 21721K, capacity 22388K, committed 22656K, reserved 1069056K
  class space    used 2648K, capacity 2831K, committed 2944K, reserved 1048576K

Card table byte_map: [0x0000000011af0000,0x0000000011ef0000] byte_map_base: 0x00000000116e2000

Marking Bits: (ParMarkBitMap*) 0x0000000066c4d850
 Begin Bits: [0x0000000012680000, 0x0000000014610000)
 End Bits:   [0x0000000014610000, 0x00000000165a0000)

Polling page: 0x0000000000320000

CodeCache: size=245760Kb used=13387Kb max_used=14692Kb free=232372Kb
 bounds [0x0000000002730000, 0x0000000003640000, 0x0000000011730000]
 total_blobs=4090 nmethods=3679 adapters=323
 compilation: enabled

Compilation events (10 events):
Event: 642.455 Thread 0x00000000588e4800 4804       1       com.mongodb.connection.ServerDescription::getVersion (5 bytes)
Event: 642.455 Thread 0x00000000588e4800 nmethod 4804 0x00000000030a0950 code [0x00000000030a0aa0, 0x00000000030a0bb0]
Event: 642.455 Thread 0x00000000588e4800 4805       1       com.mongodb.connection.ServerDescription::getElectionId (5 bytes)
Event: 642.455 Thread 0x00000000588e4800 nmethod 4805 0x00000000030a0690 code [0x00000000030a07e0, 0x00000000030a08f0]
Event: 642.455 Thread 0x00000000588e4800 4806       1       com.mongodb.connection.ServerDescription::getSetVersion (5 bytes)
Event: 642.455 Thread 0x00000000588e4800 nmethod 4806 0x00000000030a03d0 code [0x00000000030a0520, 0x00000000030a0630]
Event: 654.093 Thread 0x00000000588dc000 4807       4       java.util.concurrent.locks.ReentrantLock$NonfairSync::lock (25 bytes)
Event: 654.094 Thread 0x00000000588dc000 nmethod 4807 0x00000000030a0050 code [0x00000000030a0180, 0x00000000030a0298]
Event: 662.580 Thread 0x00000000588e3800 4808       4       java.util.StringTokenizer::hasMoreTokens (29 bytes)
Event: 662.584 Thread 0x00000000588e4800 4809   !   3       edu.mit.jwi.CachingDictionary::checkOpen (72 bytes)

GC Heap History (10 events):
Event: 660.831 GC heap before
{Heap before GC invocations=818 (full 49):
 PSYoungGen      total 78336K, used 77728K [0x00000000d5f00000, 0x00000000dad80000, 0x0000000100000000)
  eden space 77312K, 100% used [0x00000000d5f00000,0x00000000daa80000,0x00000000daa80000)
  from space 1024K, 40% used [0x00000000dac80000,0x00000000dace8000,0x00000000dad80000)
  to   space 1536K, 0% used [0x00000000daa80000,0x00000000daa80000,0x00000000dac00000)
 ParOldGen       total 1097728K, used 625307K [0x0000000081c00000, 0x00000000c4c00000, 0x00000000d5f00000)
  object space 1097728K, 56% used [0x0000000081c00000,0x00000000a7ea6e48,0x00000000c4c00000)
 Metaspace       used 21720K, capacity 22388K, committed 22656K, reserved 1069056K
  class space    used 2648K, capacity 2831K, committed 2944K, reserved 1048576K
Event: 660.834 GC heap after
Heap after GC invocations=818 (full 49):
 PSYoungGen      total 77312K, used 448K [0x00000000d5f00000, 0x00000000dad00000, 0x0000000100000000)
  eden space 76800K, 0% used [0x00000000d5f00000,0x00000000d5f00000,0x00000000daa00000)
  from space 512K, 87% used [0x00000000daa80000,0x00000000daaf0000,0x00000000dab00000)
  to   space 1536K, 0% used [0x00000000dab80000,0x00000000dab80000,0x00000000dad00000)
 ParOldGen       total 1097728K, used 625307K [0x0000000081c00000, 0x00000000c4c00000, 0x00000000d5f00000)
  object space 1097728K, 56% used [0x0000000081c00000,0x00000000a7ea6e48,0x00000000c4c00000)
 Metaspace       used 21720K, capacity 22388K, committed 22656K, reserved 1069056K
  class space    used 2648K, capacity 2831K, committed 2944K, reserved 1048576K
}
Event: 661.195 GC heap before
{Heap before GC invocations=819 (full 49):
 PSYoungGen      total 77312K, used 77248K [0x00000000d5f00000, 0x00000000dad00000, 0x0000000100000000)
  eden space 76800K, 100% used [0x00000000d5f00000,0x00000000daa00000,0x00000000daa00000)
  from space 512K, 87% used [0x00000000daa80000,0x00000000daaf0000,0x00000000dab00000)
  to   space 1536K, 0% used [0x00000000dab80000,0x00000000dab80000,0x00000000dad00000)
 ParOldGen       total 1097728K, used 625307K [0x0000000081c00000, 0x00000000c4c00000, 0x00000000d5f00000)
  object space 1097728K, 56% used [0x0000000081c00000,0x00000000a7ea6e48,0x00000000c4c00000)
 Metaspace       used 21720K, capacity 22388K, committed 22656K, reserved 1069056K
  class space    used 2648K, capacity 2831K, committed 2944K, reserved 1048576K
Event: 661.197 GC heap after
Heap after GC invocations=819 (full 49):
 PSYoungGen      total 77312K, used 448K [0x00000000d5f00000, 0x00000000dac80000, 0x0000000100000000)
  eden space 76288K, 0% used [0x00000000d5f00000,0x00000000d5f00000,0x00000000da980000)
  from space 1024K, 43% used [0x00000000dab80000,0x00000000dabf0000,0x00000000dac80000)
  to   space 1536K, 0% used [0x00000000da980000,0x00000000da980000,0x00000000dab00000)
 ParOldGen       total 1097728K, used 625307K [0x0000000081c00000, 0x00000000c4c00000, 0x00000000d5f00000)
  object space 1097728K, 56% used [0x0000000081c00000,0x00000000a7ea6e48,0x00000000c4c00000)
 Metaspace       used 21720K, capacity 22388K, committed 22656K, reserved 1069056K
  class space    used 2648K, capacity 2831K, committed 2944K, reserved 1048576K
}
Event: 661.553 GC heap before
{Heap before GC invocations=820 (full 49):
 PSYoungGen      total 77312K, used 76736K [0x00000000d5f00000, 0x00000000dac80000, 0x0000000100000000)
  eden space 76288K, 100% used [0x00000000d5f00000,0x00000000da980000,0x00000000da980000)
  from space 1024K, 43% used [0x00000000dab80000,0x00000000dabf0000,0x00000000dac80000)
  to   space 1536K, 0% used [0x00000000da980000,0x00000000da980000,0x00000000dab00000)
 ParOldGen       total 1097728K, used 625307K [0x0000000081c00000, 0x00000000c4c00000, 0x00000000d5f00000)
  object space 1097728K, 56% used [0x0000000081c00000,0x00000000a7ea6e48,0x00000000c4c00000)
 Metaspace       used 21720K, capacity 22388K, committed 22656K, reserved 1069056K
  class space    used 2648K, capacity 2831K, committed 2944K, reserved 1048576K
Event: 661.556 GC heap after
Heap after GC invocations=820 (full 49):
 PSYoungGen      total 76288K, used 416K [0x00000000d5f00000, 0x00000000dac00000, 0x0000000100000000)
  eden space 75776K, 0% used [0x00000000d5f00000,0x00000000d5f00000,0x00000000da900000)
  from space 512K, 81% used [0x00000000da980000,0x00000000da9e8000,0x00000000daa00000)
  to   space 1536K, 0% used [0x00000000daa80000,0x00000000daa80000,0x00000000dac00000)
 ParOldGen       total 1097728K, used 625307K [0x0000000081c00000, 0x00000000c4c00000, 0x00000000d5f00000)
  object space 1097728K, 56% used [0x0000000081c00000,0x00000000a7ea6e48,0x00000000c4c00000)
 Metaspace       used 21720K, capacity 22388K, committed 22656K, reserved 1069056K
  class space    used 2648K, capacity 2831K, committed 2944K, reserved 1048576K
}
Event: 661.897 GC heap before
{Heap before GC invocations=821 (full 49):
 PSYoungGen      total 76288K, used 76192K [0x00000000d5f00000, 0x00000000dac00000, 0x0000000100000000)
  eden space 75776K, 100% used [0x00000000d5f00000,0x00000000da900000,0x00000000da900000)
  from space 512K, 81% used [0x00000000da980000,0x00000000da9e8000,0x00000000daa00000)
  to   space 1536K, 0% used [0x00000000daa80000,0x00000000daa80000,0x00000000dac00000)
 ParOldGen       total 1097728K, used 625307K [0x0000000081c00000, 0x00000000c4c00000, 0x00000000d5f00000)
  object space 1097728K, 56% used [0x0000000081c00000,0x00000000a7ea6e48,0x00000000c4c00000)
 Metaspace       used 21720K, capacity 22388K, committed 22656K, reserved 1069056K
  class space    used 2648K, capacity 2831K, committed 2944K, reserved 1048576K
Event: 661.900 GC heap after
Heap after GC invocations=821 (full 49):
 PSYoungGen      total 76288K, used 416K [0x00000000d5f00000, 0x00000000dab80000, 0x0000000100000000)
  eden space 75264K, 0% used [0x00000000d5f00000,0x00000000d5f00000,0x00000000da880000)
  from space 1024K, 40% used [0x00000000daa80000,0x00000000daae8000,0x00000000dab80000)
  to   space 1536K, 0% used [0x00000000da880000,0x00000000da880000,0x00000000daa00000)
 ParOldGen       total 1097728K, used 625307K [0x0000000081c00000, 0x00000000c4c00000, 0x00000000d5f00000)
  object space 1097728K, 56% used [0x0000000081c00000,0x00000000a7ea6e48,0x00000000c4c00000)
 Metaspace       used 21720K, capacity 22388K, committed 22656K, reserved 1069056K
  class space    used 2648K, capacity 2831K, committed 2944K, reserved 1048576K
}
Event: 662.264 GC heap before
{Heap before GC invocations=822 (full 49):
 PSYoungGen      total 76288K, used 75680K [0x00000000d5f00000, 0x00000000dab80000, 0x0000000100000000)
  eden space 75264K, 100% used [0x00000000d5f00000,0x00000000da880000,0x00000000da880000)
  from space 1024K, 40% used [0x00000000daa80000,0x00000000daae8000,0x00000000dab80000)
  to   space 1536K, 0% used [0x00000000da880000,0x00000000da880000,0x00000000daa00000)
 ParOldGen       total 1097728K, used 625307K [0x0000000081c00000, 0x00000000c4c00000, 0x00000000d5f00000)
  object space 1097728K, 56% used [0x0000000081c00000,0x00000000a7ea6e48,0x00000000c4c00000)
 Metaspace       used 21720K, capacity 22388K, committed 22656K, reserved 1069056K
  class space    used 2648K, capacity 2831K, committed 2944K, reserved 1048576K
Event: 662.267 GC heap after
Heap after GC invocations=822 (full 49):
 PSYoungGen      total 76288K, used 448K [0x00000000d5f00000, 0x00000000dab00000, 0x0000000100000000)
  eden space 74752K, 0% used [0x00000000d5f00000,0x00000000d5f00000,0x00000000da800000)
  from space 1536K, 29% used [0x00000000da880000,0x00000000da8f0000,0x00000000daa00000)
  to   space 1024K, 0% used [0x00000000daa00000,0x00000000daa00000,0x00000000dab00000)
 ParOldGen       total 1097728K, used 625307K [0x0000000081c00000, 0x00000000c4c00000, 0x00000000d5f00000)
  object space 1097728K, 56% used [0x0000000081c00000,0x00000000a7ea6e48,0x00000000c4c00000)
 Metaspace       used 21720K, capacity 22388K, committed 22656K, reserved 1069056K
  class space    used 2648K, capacity 2831K, committed 2944K, reserved 1048576K
}

Deoptimization events (10 events):
Event: 189.387 Thread 0x0000000001d6f800 Uncommon trap: reason=unstable_if action=reinterpret pc=0x00000000029f5e98 method=edu.mit.jwi.morph.SimpleStemmer.stripNounSuffix(Ljava/lang/String;)Ljava/util/List; @ 207
Event: 189.387 Thread 0x0000000001d6f800 Uncommon trap: reason=unstable_if action=reinterpret pc=0x000000000339faa4 method=edu.mit.jwi.morph.SimpleStemmer.stripVerbSuffix(Ljava/lang/String;)Ljava/util/List; @ 158
Event: 189.390 Thread 0x0000000001d6f800 Uncommon trap: reason=unstable_if action=reinterpret pc=0x0000000002b439a8 method=edu.mit.jwi.morph.SimpleStemmer.stripNounSuffix(Ljava/lang/String;)Ljava/util/List; @ 207
Event: 189.390 Thread 0x0000000001d6f800 Uncommon trap: reason=unstable_if action=reinterpret pc=0x0000000002bd0cb0 method=edu.mit.jwi.morph.SimpleStemmer.stripVerbSuffix(Ljava/lang/String;)Ljava/util/List; @ 158
Event: 572.664 Thread 0x0000000001d6f800 Uncommon trap: reason=unstable_if action=reinterpret pc=0x000000000362a3e8 method=sysu.consistency.classify.feature.DiffFeature.feature(Lsysu/consistency/db/bean/CommentEntry;Lsysu/consistency/db/bean/CommentWord;Lsysu/consistency/db/bean/ClassMessage;)Lj
Event: 572.664 Thread 0x0000000001d6f800 Uncommon trap: reason=unstable_if action=reinterpret pc=0x00000000034a2afc method=sysu.consistency.classify.feature.DiffFeature.feature(Lsysu/consistency/db/bean/CommentEntry;Lsysu/consistency/db/bean/CommentWord;Lsysu/consistency/db/bean/ClassMessage;)Lj
Event: 662.578 Thread 0x0000000001d6f800 Uncommon trap: reason=unstable_if action=reinterpret pc=0x00000000028e8b8c method=java.nio.channels.spi.AbstractInterruptibleChannel.end(Z)V @ 31
Event: 662.578 Thread 0x0000000001d6f800 Uncommon trap: reason=unstable_if action=reinterpret pc=0x0000000002b85154 method=edu.mit.jwi.CachingDictionary.checkOpen()V @ 4
Event: 662.578 Thread 0x0000000001d6f800 Uncommon trap: reason=unstable_if action=reinterpret pc=0x000000000355bfc4 method=sysu.consistency.tools.splitword.WordSpliter.split(Ljava/lang/String;)Ljava/util/List; @ 371
Event: 662.578 Thread 0x0000000001d6f800 Uncommon trap: reason=unstable_if action=reinterpret pc=0x00000000028d9eb4 method=edu.mit.jwi.CachingDictionary.checkOpen()V @ 4

Internal exceptions (10 events):
Event: 2.762 Thread 0x0000000001d6f800 Exception <a 'java/lang/IllegalAccessError': class sysu.consistency.db.bean.CodeComment_Instantiator_ep215a cannot access its superinterface org.springframework.data.convert.ClassGeneratingEntityInstantiator$ObjectInstantiator> (0x00000000e5f9df68) thrown
Event: 2.771 Thread 0x0000000001d6f800 Exception <a 'java/lang/IllegalAccessError': class sysu.consistency.db.bean.CommentWord_Instantiator_d4b1ea cannot access its superinterface org.springframework.data.convert.ClassGeneratingEntityInstantiator$ObjectInstantiator> (0x00000000e5ff8bd0) thrown
Event: 662.578 Thread 0x0000000001d6f800 Exception <a 'java/io/IOException': Map failed> (0x00000000d9c96c20) thrown at [C:\re\workspace\8-2-build-windows-amd64-cygwin\jdk8u144\9417\hotspot\src\share\vm\prims\jni.cpp, line 735]
Event: 662.580 Thread 0x0000000001d6f800 Exception <a 'java/io/IOException': Map failed> (0x00000000d9cb47c8) thrown at [C:\re\workspace\8-2-build-windows-amd64-cygwin\jdk8u144\9417\hotspot\src\share\vm\prims\jni.cpp, line 735]
Event: 662.581 Thread 0x0000000001d6f800 Exception <a 'java/io/IOException': Map failed> (0x00000000d9cd2170) thrown at [C:\re\workspace\8-2-build-windows-amd64-cygwin\jdk8u144\9417\hotspot\src\share\vm\prims\jni.cpp, line 735]
Event: 662.582 Thread 0x0000000001d6f800 Exception <a 'java/io/IOException': Map failed> (0x00000000d9cdba58) thrown at [C:\re\workspace\8-2-build-windows-amd64-cygwin\jdk8u144\9417\hotspot\src\share\vm\prims\jni.cpp, line 735]
Event: 662.583 Thread 0x0000000001d6f800 Exception <a 'java/io/IOException': Map failed> (0x00000000d9ce4108) thrown at [C:\re\workspace\8-2-build-windows-amd64-cygwin\jdk8u144\9417\hotspot\src\share\vm\prims\jni.cpp, line 735]
Event: 662.584 Thread 0x0000000001d6f800 Exception <a 'java/io/IOException': Map failed> (0x00000000d9cebdf8) thrown at [C:\re\workspace\8-2-build-windows-amd64-cygwin\jdk8u144\9417\hotspot\src\share\vm\prims\jni.cpp, line 735]
Event: 662.585 Thread 0x0000000001d6f800 Exception <a 'java/io/IOException': Map failed> (0x00000000d9cf4ed8) thrown at [C:\re\workspace\8-2-build-windows-amd64-cygwin\jdk8u144\9417\hotspot\src\share\vm\prims\jni.cpp, line 735]
Event: 662.586 Thread 0x0000000001d6f800 Exception <a 'java/io/IOException': Map failed> (0x00000000d9cf9da0) thrown at [C:\re\workspace\8-2-build-windows-amd64-cygwin\jdk8u144\9417\hotspot\src\share\vm\prims\jni.cpp, line 735]

Events (10 events):
Event: 662.578 Thread 0x0000000001d6f800 Uncommon trap: trap_request=0xffffff65 fr.pc=0x0000000002b85154
Event: 662.578 Thread 0x0000000001d6f800 DEOPT PACKING pc=0x0000000002b85154 sp=0x000000000272f3a0
Event: 662.578 Thread 0x0000000001d6f800 DEOPT UNPACKING pc=0x000000000277582a sp=0x000000000272f340 mode 2
Event: 662.578 Thread 0x0000000001d6f800 Uncommon trap: trap_request=0xffffff65 fr.pc=0x000000000355bfc4
Event: 662.578 Thread 0x0000000001d6f800 DEOPT PACKING pc=0x000000000355bfc4 sp=0x000000000272f520
Event: 662.578 Thread 0x0000000001d6f800 DEOPT UNPACKING pc=0x000000000277582a sp=0x000000000272f518 mode 2
Event: 662.578 Thread 0x0000000001d6f800 Uncommon trap: trap_request=0xffffff65 fr.pc=0x00000000028d9eb4
Event: 662.578 Thread 0x0000000001d6f800 DEOPT PACKING pc=0x00000000028d9eb4 sp=0x000000000272f390
Event: 662.578 Thread 0x0000000001d6f800 DEOPT UNPACKING pc=0x000000000277582a sp=0x000000000272f340 mode 2
Event: 662.586 Thread 0x0000000001d6f800 Uncommon trap: trap_request=0xffffff65 fr.pc=0x00000000028b5ac8


Dynamic libraries:
0x000000013fd10000 - 0x000000013fd47000 	C:\Program Files\Java\jre1.8.0_144\bin\javaw.exe
0x0000000077900000 - 0x0000000077aaa000 	C:\Windows\SYSTEM32\ntdll.dll
0x00000000777e0000 - 0x00000000778ff000 	C:\Windows\system32\kernel32.dll
0x000007fefd730000 - 0x000007fefd79a000 	C:\Windows\system32\KERNELBASE.dll
0x000007fefec00000 - 0x000007fefecdb000 	C:\Windows\system32\ADVAPI32.dll
0x000007fefe530000 - 0x000007fefe5cf000 	C:\Windows\system32\msvcrt.dll
0x000007feffbf0000 - 0x000007feffc0f000 	C:\Windows\SYSTEM32\sechost.dll
0x000007fefe310000 - 0x000007fefe43d000 	C:\Windows\system32\RPCRT4.dll
0x00000000776e0000 - 0x00000000777da000 	C:\Windows\system32\USER32.dll
0x000007fefddf0000 - 0x000007fefde57000 	C:\Windows\system32\GDI32.dll
0x000007fefe600000 - 0x000007fefe60e000 	C:\Windows\system32\LPK.dll
0x000007fefe240000 - 0x000007fefe30b000 	C:\Windows\system32\USP10.dll
0x000007fefbdf0000 - 0x000007fefbfe4000 	C:\Windows\WinSxS\amd64_microsoft.windows.common-controls_6595b64144ccf1df_6.0.7601.18837_none_fa3b1e3d17594757\COMCTL32.dll
0x000007feffb70000 - 0x000007feffbe1000 	C:\Windows\system32\SHLWAPI.dll
0x000007fefe5d0000 - 0x000007fefe5fe000 	C:\Windows\system32\IMM32.DLL
0x000007fefde60000 - 0x000007fefdf69000 	C:\Windows\system32\MSCTF.dll
0x0000000066ec0000 - 0x0000000066f92000 	C:\Program Files\Java\jre1.8.0_144\bin\msvcr100.dll
0x0000000066430000 - 0x0000000066ccd000 	C:\Program Files\Java\jre1.8.0_144\bin\server\jvm.dll
0x000007fefac80000 - 0x000007fefac89000 	C:\Windows\system32\WSOCK32.dll
0x000007fefe440000 - 0x000007fefe48d000 	C:\Windows\system32\WS2_32.dll
0x000007fefe910000 - 0x000007fefe918000 	C:\Windows\system32\NSI.dll
0x000007fefb630000 - 0x000007fefb66b000 	C:\Windows\system32\WINMM.dll
0x000007fefc710000 - 0x000007fefc71c000 	C:\Windows\system32\VERSION.dll
0x0000000077ac0000 - 0x0000000077ac7000 	C:\Windows\system32\PSAPI.DLL
0x0000000073610000 - 0x000000007361f000 	C:\Program Files\Java\jre1.8.0_144\bin\verify.dll
0x00000000735e0000 - 0x0000000073609000 	C:\Program Files\Java\jre1.8.0_144\bin\java.dll
0x00000000735c0000 - 0x00000000735d6000 	C:\Program Files\Java\jre1.8.0_144\bin\zip.dll
0x000007fefece0000 - 0x000007feffa6b000 	C:\Windows\system32\SHELL32.dll
0x000007fefea00000 - 0x000007fefebfc000 	C:\Windows\system32\ole32.dll
0x000007fefd640000 - 0x000007fefd64f000 	C:\Windows\system32\profapi.dll
0x00000000734f0000 - 0x000000007350a000 	C:\Program Files\Java\jre1.8.0_144\bin\net.dll
0x000007fefce00000 - 0x000007fefce55000 	C:\Windows\system32\mswsock.dll
0x000007fefcdf0000 - 0x000007fefcdf7000 	C:\Windows\System32\wship6.dll
0x0000000071480000 - 0x0000000071491000 	C:\Program Files\Java\jre1.8.0_144\bin\nio.dll
0x000000006db50000 - 0x000000006db74000 	C:\Program Files\Java\jre1.8.0_144\bin\sunec.dll
0x000007fefb420000 - 0x000007fefb447000 	C:\Windows\system32\IPHLPAPI.DLL
0x000007fefb4c0000 - 0x000007fefb4cb000 	C:\Windows\system32\WINNSI.DLL
0x000007fefb400000 - 0x000007fefb411000 	C:\Windows\system32\dhcpcsvc6.DLL
0x000007fefb3e0000 - 0x000007fefb3f8000 	C:\Windows\system32\dhcpcsvc.DLL
0x000007fefce60000 - 0x000007fefce78000 	C:\Windows\system32\CRYPTSP.dll
0x000007fefcb60000 - 0x000007fefcba7000 	C:\Windows\system32\rsaenh.dll
0x000007fefd9e0000 - 0x000007fefd9fe000 	C:\Windows\system32\USERENV.dll
0x000007fefd4e0000 - 0x000007fefd4ef000 	C:\Windows\system32\CRYPTBASE.dll
0x0000000073520000 - 0x000000007352d000 	C:\Program Files\Java\jre1.8.0_144\bin\management.dll
0x000007fefb7f0000 - 0x000007fefb805000 	C:\Windows\system32\NLAapi.dll
0x000007fef81d0000 - 0x000007fef81e5000 	C:\Windows\system32\napinsp.dll
0x000007fef81b0000 - 0x000007fef81c9000 	C:\Windows\system32\pnrpnsp.dll
0x000007fefcc80000 - 0x000007fefccdb000 	C:\Windows\system32\DNSAPI.dll
0x000007fef81a0000 - 0x000007fef81ab000 	C:\Windows\System32\winrnr.dll
0x000007fefc7e0000 - 0x000007fefc7e7000 	C:\Windows\System32\wshtcpip.dll
0x000007fef8c20000 - 0x000007fef8c28000 	C:\Windows\system32\rasadhlp.dll
0x000007fefb460000 - 0x000007fefb4b3000 	C:\Windows\System32\fwpuclnt.dll

VM Arguments:
jvm_args: -Dfile.encoding=GBK 
java_command: sysu.consistency.classify.data.NewDataSet
java_class_path (initial): C:\Users\Administrator\git\consistencyclassify\target\classes;D:\sts-bundle\sts-3.9.0.RELEASE\plugins\org.junit_4.12.0.v201504281640\junit.jar;D:\sts-bundle\sts-3.9.0.RELEASE\plugins\org.hamcrest.core_1.3.0.v201303031735.jar;C:\Users\Administrator\.m2\repository\org\springframework\spring-context\4.3.7.RELEASE\spring-context-4.3.7.RELEASE.jar;C:\Users\Administrator\.m2\repository\org\springframework\spring-beans\4.3.7.RELEASE\spring-beans-4.3.7.RELEASE.jar;C:\Users\Administrator\.m2\repository\org\springframework\spring-core\4.3.7.RELEASE\spring-core-4.3.7.RELEASE.jar;C:\Users\Administrator\.m2\repository\commons-logging\commons-logging\1.2\commons-logging-1.2.jar;C:\Users\Administrator\.m2\repository\org\springframework\spring-expression\4.3.7.RELEASE\spring-expression-4.3.7.RELEASE.jar;C:\Users\Administrator\.m2\repository\org\springframework\spring-aop\4.3.7.RELEASE\spring-aop-4.3.7.RELEASE.jar;C:\Users\Administrator\.m2\repository\org\aspectj\aspectjweaver\1.8.10\aspectjweaver-1.8.10.jar;C:\Users\Administrator\.m2\repository\edu\mit\jwi\2.2.3\jwi-2.2.3.jar;C:\Users\Administrator\.m2\repository\jws\jws11\11\jws11-11.jar;C:\Users\Administrator\.m2\repository\org\mongodb\mongo-java-driver\3.4.2\mongo-java-driver-3.4.2.jar;C:\Users\Administrator\.m2\repository\weka\weka\3\weka-3.jar;C:\Users\Administrator\.m2\repository\nz\ac\waikato\cms\weka\SMOTE\1.0.3\SMOTE-1.0.3.jar;C:\Users\Administrator\.m2\repository\nz\ac\waikato\cms\weka\weka-dev\3.9.1\weka-dev-3.9.1.jar;C:\Users\Administrator\.m2\repository\nz\ac\waikato\cms\weka\thirdparty\java-cup-11b\2015.03.26\java-cup-11b-2015.03.26.jar;C:\Users\Administrator\.m2\repository\nz\ac\waikato\cms\weka\thirdparty\java-cup-11b-runtime\2015.03.26\java-cup-11b-runtime-2015.03.26.jar;C:\Users\Administrator\.m2\repository\nz\ac\waikato\cms\weka\thirdparty\bounce\0.18\bounce-0.18.jar;C:\Users\Administrator\.m2\repository\com\googlecode\matrix-toolkits-java\mtj\1.0.4\mtj-1.0.4.jar;C:\Users\Administrato
Launcher Type: SUN_STANDARD

Environment Variables:
JAVA_HOME=C:\Program Files\Java\jdk1.8.0_144
PATH=C:/Program Files/Java/jre1.8.0_144/bin/server;C:/Program Files/Java/jre1.8.0_144/bin;C:/Program Files/Java/jre1.8.0_144/lib/amd64;C:\ProgramData\Oracle\Java\javapath;C:\Windows\system32;C:\Windows;C:\Windows\System32\Wbem;C:\Windows\System32\WindowsPowerShell\v1.0\;C:\Program Files\Java\jdk1.8.0_144/bin;C:\Program Files\Java\jdk1.8.0_144/jre/bin;C:\Program Files\MongoDB\Server\3.4\bin;C:\Program Files\MiKTeX 2.9\miktex\bin\x64\;D:\sts-bundle\sts-3.9.0.RELEASE;
USERNAME=Administrator
OS=Windows_NT
PROCESSOR_IDENTIFIER=Intel64 Family 6 Model 158 Stepping 9, GenuineIntel



---------------  S Y S T E M  ---------------

OS: Windows 7 , 64 bit Build 7601 (6.1.7601.23807)

CPU:total 4 (initial active 4) (4 cores per cpu, 1 threads per core) family 6 model 158 stepping 9, cmov, cx8, fxsr, mmx, sse, sse2, sse3, ssse3, sse4.1, sse4.2, popcnt, avx, avx2, aes, clmul, erms, 3dnowpref, lzcnt, tsc, tscinvbit, bmi1, bmi2, adx

Memory: 4k page, physical 8273668k(481588k free), swap 10368960k(4884k free)

vm_info: Java HotSpot(TM) 64-Bit Server VM (25.144-b01) for windows-amd64 JRE (1.8.0_144-b01), built on Jul 21 2017 21:57:33 by "java_re" with MS VC++ 10.0 (VS2010)

time: Tue Oct 17 01:33:45 2017
elapsed time: 662 seconds (0d 0h 11m 2s)

