#
# There is insufficient memory for the Java Runtime Environment to continue.
# Native memory allocation (malloc) failed to allocate 905296 bytes for Chunk::new
# Possible reasons:
#   The system is out of physical RAM or swap space
#   In 32 bit mode, the process size limit was hit
# Possible solutions:
#   Reduce memory load on the system
#   Increase physical memory or swap space
#   Check if swap backing store is full
#   Use 64 bit Java on a 64 bit OS
#   Decrease Java heap size (-Xmx/-Xms)
#   Decrease number of Java threads
#   Decrease Java thread stack sizes (-Xss)
#   Set larger code cache with -XX:ReservedCodeCacheSize=
# This output file may be truncated or incomplete.
#
#  Out of Memory Error (allocation.cpp:390), pid=8432, tid=0x00000000000021f0
#
# JRE version: Java(TM) SE Runtime Environment (8.0_144-b01) (build 1.8.0_144-b01)
# Java VM: Java HotSpot(TM) 64-Bit Server VM (25.144-b01 mixed mode windows-amd64 compressed oops)
# Failed to write core dump. Minidumps are not enabled by default on client versions of Windows
#

---------------  T H R E A D  ---------------

Current thread (0x000000001d36a000):  JavaThread "C2 CompilerThread0" daemon [_thread_in_native, id=8688, stack(0x000000001da50000,0x000000001db50000)]

Stack: [0x000000001da50000,0x000000001db50000]
[error occurred during error reporting (printing stack bounds), id 0xc0000005]

Native frames: (J=compiled Java code, j=interpreted, Vv=VM code, C=native code)


Current CompileTask:
C2:    957 1157   !   4       edu.mit.jwi.data.parse.DataLineParser::parseLine (724 bytes)


---------------  P R O C E S S  ---------------

Java Threads: ( => current thread )
  0x000000001d3e7800 JavaThread "Service Thread" daemon [_thread_blocked, id=13332, stack(0x000000001dee0000,0x000000001dfe0000)]
  0x000000001d379000 JavaThread "C1 CompilerThread2" daemon [_thread_blocked, id=12536, stack(0x000000001dd60000,0x000000001de60000)]
  0x000000001d370000 JavaThread "C2 CompilerThread1" daemon [_thread_blocked, id=6948, stack(0x000000001db70000,0x000000001dc70000)]
=>0x000000001d36a000 JavaThread "C2 CompilerThread0" daemon [_thread_in_native, id=8688, stack(0x000000001da50000,0x000000001db50000)]
  0x000000001d369000 JavaThread "Attach Listener" daemon [_thread_blocked, id=11236, stack(0x000000001d8a0000,0x000000001d9a0000)]
  0x000000001d365800 JavaThread "Signal Dispatcher" daemon [_thread_blocked, id=11416, stack(0x000000001d770000,0x000000001d870000)]
  0x000000001c21c800 JavaThread "Finalizer" daemon [_thread_blocked, id=6024, stack(0x000000001d250000,0x000000001d350000)]
  0x000000001c1d5800 JavaThread "Reference Handler" daemon [_thread_blocked, id=5652, stack(0x000000001d0c0000,0x000000001d1c0000)]
  0x000000000239f800 JavaThread "main" [_thread_in_Java, id=936, stack(0x00000000026d0000,0x00000000027d0000)]

Other Threads:
  0x000000001c1ce000 VMThread [stack: 0x0000000012900000,0x0000000012a00000] [id=12936]
  0x000000001d44a000 WatcherThread [stack: 0x000000001e090000,0x000000001e190000] [id=13496]

VM state:not at safepoint (normal execution)

VM Mutex/Monitor currently owned by a thread: None

Heap:
 PSYoungGen      total 611840K, used 346370K [0x000000076ab00000, 0x0000000795580000, 0x00000007c0000000)
  eden space 524800K, 66% used [0x000000076ab00000,0x000000077fd40aa0,0x000000078ab80000)
  from space 87040K, 0% used [0x0000000790080000,0x0000000790080000,0x0000000795580000)
  to   space 87040K, 0% used [0x000000078ab80000,0x000000078ab80000,0x0000000790080000)
 ParOldGen       total 1398272K, used 0K [0x00000006c0000000, 0x0000000715580000, 0x000000076ab00000)
  object space 1398272K, 0% used [0x00000006c0000000,0x00000006c0000000,0x0000000715580000)
 Metaspace       used 10737K, capacity 10886K, committed 11136K, reserved 1058816K
  class space    used 1317K, capacity 1364K, committed 1408K, reserved 1048576K

Card table byte_map: [0x0000000011b90000,0x00000000123a0000] byte_map_base: 0x000000000e590000

Marking Bits: (ParMarkBitMap*) 0x0000000066c4d850
 Begin Bits: [0x0000000013040000, 0x0000000017040000)
 End Bits:   [0x0000000017040000, 0x000000001b040000)

Polling page: 0x0000000000230000

CodeCache: size=245760Kb used=4172Kb max_used=4193Kb free=241587Kb
 bounds [0x00000000027d0000, 0x0000000002bf0000, 0x00000000117d0000]
 total_blobs=1484 nmethods=1160 adapters=235
 compilation: disabled (not enough contiguous free space left)

Compilation events (10 events):
Event: 0.710 Thread 0x000000001d370000 1156       4       java.util.HashSet::isEmpty (8 bytes)
Event: 0.711 Thread 0x000000001d370000 nmethod 1156 0x0000000002be0390 code [0x0000000002be04c0, 0x0000000002be0538]
Event: 0.711 Thread 0x000000001d370000 1164       4       edu.mit.jwi.item.Synset::<init> (444 bytes)
Event: 0.712 Thread 0x000000001d379000 1168       1       java.util.Collections$EmptyList::isEmpty (2 bytes)
Event: 0.712 Thread 0x000000001d379000 nmethod 1168 0x0000000002bdbe50 code [0x0000000002bdbfa0, 0x0000000002bdc0b0]
Event: 0.790 Thread 0x000000001d370000 nmethod 1164 0x0000000002be6b90 code [0x0000000002be6f00, 0x0000000002be9be0]
Event: 0.790 Thread 0x000000001d370000 1173       4       edu.mit.jwi.item.Word::<init> (358 bytes)
Event: 0.830 Thread 0x000000001d379000 1188       2       java.lang.String::trim (77 bytes)
Event: 0.830 Thread 0x000000001d379000 nmethod 1188 0x0000000002bd8750 code [0x0000000002bd88c0, 0x0000000002bd8b68]
Event: 0.837 Thread 0x000000001d370000 


GC Heap History (0 events):
No events

Deoptimization events (10 events):
Event: 0.223 Thread 0x000000000239f800 Uncommon trap: reason=unstable_if action=reinterpret pc=0x000000000294bbc4 method=java.lang.String.startsWith(Ljava/lang/String;I)Z @ 25
Event: 0.439 Thread 0x000000000239f800 Uncommon trap: reason=unstable_if action=reinterpret pc=0x0000000002a9546c method=java.io.WinNTFileSystem.normalize(Ljava/lang/String;)Ljava/lang/String; @ 128
Event: 0.449 Thread 0x000000000239f800 Uncommon trap: reason=unstable_if action=reinterpret pc=0x0000000002a46230 method=sun.misc.MetaIndex.mayContain(Ljava/lang/String;)Z @ 38
Event: 0.449 Thread 0x000000000239f800 Uncommon trap: reason=unstable_if action=reinterpret pc=0x0000000002a1fd14 method=sun.misc.MetaIndex.mayContain(Ljava/lang/String;)Z @ 38
Event: 0.534 Thread 0x000000000239f800 Uncommon trap: reason=range_check action=make_not_entrant pc=0x0000000002a1cca8 method=sun.reflect.generics.parser.SignatureParser.current()C @ 34
Event: 0.632 Thread 0x000000000239f800 Uncommon trap: reason=class_check action=maybe_recompile pc=0x0000000002a0e138 method=java.util.HashMap.putVal(ILjava/lang/Object;Ljava/lang/Object;ZZ)Ljava/lang/Object; @ 203
Event: 0.642 Thread 0x000000000239f800 Uncommon trap: reason=class_check action=maybe_recompile pc=0x0000000002a0e138 method=java.util.HashMap.putVal(ILjava/lang/Object;Ljava/lang/Object;ZZ)Ljava/lang/Object; @ 203
Event: 0.653 Thread 0x000000000239f800 Uncommon trap: reason=unstable_if action=reinterpret pc=0x0000000002b8e4a8 method=java.lang.CharacterDataLatin1.digit(II)I @ 31
Event: 0.667 Thread 0x000000000239f800 Uncommon trap: reason=unstable_if action=reinterpret pc=0x0000000002ba486c method=java.lang.CharacterDataLatin1.digit(II)I @ 31
Event: 0.829 Thread 0x000000000239f800 Uncommon trap: reason=unstable_if action=reinterpret pc=0x0000000002bd9a8c method=java.lang.String.trim()Ljava/lang/String; @ 23

Internal exceptions (10 events):
Event: 0.596 Thread 0x000000000239f800 Exception <a 'java/lang/ClassNotFoundException': sysu/consistency/db/config/MongoConfig$$EnhancerBySpringCGLIB$$15caf002Customizer> (0x000000076e8f6cf0) thrown at [C:\re\workspace\8-2-build-windows-amd64-cygwin\jdk8u144\9417\hotspot\src\share\vm\classfile
Event: 0.596 Thread 0x000000000239f800 Exception <a 'java/lang/ClassNotFoundException': org/springframework/context/annotation/ConfigurationClassEnhancer$EnhancedConfigurationCustomizer> (0x000000076e91e1e8) thrown at [C:\re\workspace\8-2-build-windows-amd64-cygwin\jdk8u144\9417\hotspot\src\sh
Event: 0.598 Thread 0x000000000239f800 Exception <a 'java/lang/ClassNotFoundException': sysu/consistency/db/config/WordNetConfig$$EnhancerBySpringCGLIB$$c7d1ace1BeanInfo> (0x000000076e93bcf8) thrown at [C:\re\workspace\8-2-build-windows-amd64-cygwin\jdk8u144\9417\hotspot\src\share\vm\classfile
Event: 0.598 Thread 0x000000000239f800 Exception <a 'java/lang/ClassNotFoundException': sysu/consistency/db/config/WordNetConfigBeanInfo> (0x000000076e94b690) thrown at [C:\re\workspace\8-2-build-windows-amd64-cygwin\jdk8u144\9417\hotspot\src\share\vm\classfile\systemDictionary.cpp, line 210]
Event: 0.598 Thread 0x000000000239f800 Exception <a 'java/lang/ClassNotFoundException': sysu/consistency/db/config/WordNetConfigCustomizer> (0x000000076e95b038) thrown at [C:\re\workspace\8-2-build-windows-amd64-cygwin\jdk8u144\9417\hotspot\src\share\vm\classfile\systemDictionary.cpp, line 210
Event: 0.598 Thread 0x000000000239f800 Exception <a 'java/lang/ClassNotFoundException': sysu/consistency/db/config/WordNetConfig$$EnhancerBySpringCGLIB$$c7d1ace1Customizer> (0x000000076e9763b0) thrown at [C:\re\workspace\8-2-build-windows-amd64-cygwin\jdk8u144\9417\hotspot\src\share\vm\classfi
Event: 0.599 Thread 0x000000000239f800 Exception <a 'java/lang/ClassNotFoundException': org/springframework/context/annotation/ConfigurationClassEnhancer$EnhancedConfigurationCustomizer> (0x000000076e99a830) thrown at [C:\re\workspace\8-2-build-windows-amd64-cygwin\jdk8u144\9417\hotspot\src\sh
Event: 0.637 Thread 0x000000000239f800 Exception <a 'java/lang/ClassNotFoundException': edu/mit/jwi/RAMDictionaryBeanInfo> (0x000000076ec19a48) thrown at [C:\re\workspace\8-2-build-windows-amd64-cygwin\jdk8u144\9417\hotspot\src\share\vm\classfile\systemDictionary.cpp, line 210]
Event: 0.637 Thread 0x000000000239f800 Exception <a 'java/lang/ClassNotFoundException': edu/mit/jwi/RAMDictionaryCustomizer> (0x000000076ec265a8) thrown at [C:\re\workspace\8-2-build-windows-amd64-cygwin\jdk8u144\9417\hotspot\src\share\vm\classfile\systemDictionary.cpp, line 210]
Event: 0.638 Thread 0x000000000239f800 Exception <a 'java/lang/ClassNotFoundException': edu/mit/jwi/IRAMDictionaryCustomizer> (0x000000076ec4c5a8) thrown at [C:\re\workspace\8-2-build-windows-amd64-cygwin\jdk8u144\9417\hotspot\src\share\vm\classfile\systemDictionary.cpp, line 210]

Events (10 events):
Event: 0.673 Thread 0x000000000239f800 DEOPT UNPACKING pc=0x000000000281787f sp=0x00000000027cd490 mode 0
Event: 0.674 Thread 0x000000000239f800 DEOPT PACKING pc=0x0000000002b7d9c6 sp=0x00000000027cd6a0
Event: 0.674 Thread 0x000000000239f800 DEOPT UNPACKING pc=0x000000000281787f sp=0x00000000027cd490 mode 0
Event: 0.711 loading class java/util/ArrayList$1
Event: 0.711 loading class java/util/ArrayList$1 done
Event: 0.792 loading class java/util/AbstractList$1
Event: 0.792 loading class java/util/AbstractList$1 done
Event: 0.829 Thread 0x000000000239f800 Uncommon trap: trap_request=0xffffff65 fr.pc=0x0000000002bd9a8c
Event: 0.829 Thread 0x000000000239f800 DEOPT PACKING pc=0x0000000002bd9a8c sp=0x00000000027cd540
Event: 0.829 Thread 0x000000000239f800 DEOPT UNPACKING pc=0x000000000281582a sp=0x00000000027cd500 mode 2


Dynamic libraries:
0x000000013f570000 - 0x000000013f5a7000 	C:\Program Files\Java\jre1.8.0_144\bin\javaw.exe
0x0000000077900000 - 0x0000000077aaa000 	C:\Windows\SYSTEM32\ntdll.dll
0x00000000777e0000 - 0x00000000778ff000 	C:\Windows\system32\kernel32.dll
0x000007fefd730000 - 0x000007fefd79a000 	C:\Windows\system32\KERNELBASE.dll
0x000007fefec00000 - 0x000007fefecdb000 	C:\Windows\system32\ADVAPI32.dll
0x000007fefe530000 - 0x000007fefe5cf000 	C:\Windows\system32\msvcrt.dll
0x000007feffbf0000 - 0x000007feffc0f000 	C:\Windows\SYSTEM32\sechost.dll
0x000007fefe310000 - 0x000007fefe43d000 	C:\Windows\system32\RPCRT4.dll
0x00000000776e0000 - 0x00000000777da000 	C:\Windows\system32\USER32.dll
0x000007fefddf0000 - 0x000007fefde57000 	C:\Windows\system32\GDI32.dll
0x000007fefe600000 - 0x000007fefe60e000 	C:\Windows\system32\LPK.dll
0x000007fefe240000 - 0x000007fefe30b000 	C:\Windows\system32\USP10.dll
0x000007fefbdf0000 - 0x000007fefbfe4000 	C:\Windows\WinSxS\amd64_microsoft.windows.common-controls_6595b64144ccf1df_6.0.7601.18837_none_fa3b1e3d17594757\COMCTL32.dll
0x000007feffb70000 - 0x000007feffbe1000 	C:\Windows\system32\SHLWAPI.dll
0x000007fefe5d0000 - 0x000007fefe5fe000 	C:\Windows\system32\IMM32.DLL
0x000007fefde60000 - 0x000007fefdf69000 	C:\Windows\system32\MSCTF.dll
0x00000000708e0000 - 0x00000000709b2000 	C:\Program Files\Java\jre1.8.0_144\bin\msvcr100.dll
0x0000000066430000 - 0x0000000066ccd000 	C:\Program Files\Java\jre1.8.0_144\bin\server\jvm.dll
0x000007fefac80000 - 0x000007fefac89000 	C:\Windows\system32\WSOCK32.dll
0x000007fefe440000 - 0x000007fefe48d000 	C:\Windows\system32\WS2_32.dll
0x000007fefe910000 - 0x000007fefe918000 	C:\Windows\system32\NSI.dll
0x000007fefb630000 - 0x000007fefb66b000 	C:\Windows\system32\WINMM.dll
0x000007fefc710000 - 0x000007fefc71c000 	C:\Windows\system32\VERSION.dll
0x0000000077ac0000 - 0x0000000077ac7000 	C:\Windows\system32\PSAPI.DLL
0x0000000073610000 - 0x000000007361f000 	C:\Program Files\Java\jre1.8.0_144\bin\verify.dll
0x00000000735e0000 - 0x0000000073609000 	C:\Program Files\Java\jre1.8.0_144\bin\java.dll
0x00000000735c0000 - 0x00000000735d6000 	C:\Program Files\Java\jre1.8.0_144\bin\zip.dll
0x000007fefece0000 - 0x000007feffa6b000 	C:\Windows\system32\SHELL32.dll
0x000007fefea00000 - 0x000007fefebfc000 	C:\Windows\system32\ole32.dll
0x000007fefd640000 - 0x000007fefd64f000 	C:\Windows\system32\profapi.dll
0x00000000734f0000 - 0x000000007350a000 	C:\Program Files\Java\jre1.8.0_144\bin\net.dll
0x000007fefce00000 - 0x000007fefce55000 	C:\Windows\system32\mswsock.dll
0x000007fefcdf0000 - 0x000007fefcdf7000 	C:\Windows\System32\wship6.dll
0x0000000071480000 - 0x0000000071491000 	C:\Program Files\Java\jre1.8.0_144\bin\nio.dll

VM Arguments:
jvm_args: -Xms2048M -Xmx4096M -Dfile.encoding=GBK 
java_command: sysu.consistency.classify.data.NewDataSet
java_class_path (initial): C:\Users\Administrator\git\consistencyclassify\target\classes;D:\sts-bundle\sts-3.9.0.RELEASE\plugins\org.junit_4.12.0.v201504281640\junit.jar;D:\sts-bundle\sts-3.9.0.RELEASE\plugins\org.hamcrest.core_1.3.0.v201303031735.jar;C:\Users\Administrator\.m2\repository\org\springframework\spring-context\4.3.7.RELEASE\spring-context-4.3.7.RELEASE.jar;C:\Users\Administrator\.m2\repository\org\springframework\spring-beans\4.3.7.RELEASE\spring-beans-4.3.7.RELEASE.jar;C:\Users\Administrator\.m2\repository\org\springframework\spring-core\4.3.7.RELEASE\spring-core-4.3.7.RELEASE.jar;C:\Users\Administrator\.m2\repository\commons-logging\commons-logging\1.2\commons-logging-1.2.jar;C:\Users\Administrator\.m2\repository\org\springframework\spring-expression\4.3.7.RELEASE\spring-expression-4.3.7.RELEASE.jar;C:\Users\Administrator\.m2\repository\org\springframework\spring-aop\4.3.7.RELEASE\spring-aop-4.3.7.RELEASE.jar;C:\Users\Administrator\.m2\repository\org\aspectj\aspectjweaver\1.8.10\aspectjweaver-1.8.10.jar;C:\Users\Administrator\.m2\repository\edu\mit\jwi\2.2.3\jwi-2.2.3.jar;C:\Users\Administrator\.m2\repository\jws\jws11\11\jws11-11.jar;C:\Users\Administrator\.m2\repository\org\mongodb\mongo-java-driver\3.4.2\mongo-java-driver-3.4.2.jar;C:\Users\Administrator\.m2\repository\weka\weka\3\weka-3.jar;C:\Users\Administrator\.m2\repository\nz\ac\waikato\cms\weka\SMOTE\1.0.3\SMOTE-1.0.3.jar;C:\Users\Administrator\.m2\repository\nz\ac\waikato\cms\weka\weka-dev\3.9.1\weka-dev-3.9.1.jar;C:\Users\Administrator\.m2\repository\nz\ac\waikato\cms\weka\thirdparty\java-cup-11b\2015.03.26\java-cup-11b-2015.03.26.jar;C:\Users\Administrator\.m2\repository\nz\ac\waikato\cms\weka\thirdparty\java-cup-11b-runtime\2015.03.26\java-cup-11b-runtime-2015.03.26.jar;C:\Users\Administrator\.m2\repository\nz\ac\waikato\cms\weka\thirdparty\bounce\0.18\bounce-0.18.jar;C:\Users\Administrator\.m2\repository\com\googlecode\matrix-toolkits-java\mtj\1.0.4\mtj-1.0.4.jar;C:\Users\Administrato
Launcher Type: SUN_STANDARD

Environment Variables:
JAVA_HOME=C:\Program Files\Java\jdk1.8.0_144
PATH=C:/Program Files/Java/jre1.8.0_144/bin/server;C:/Program Files/Java/jre1.8.0_144/bin;C:/Program Files/Java/jre1.8.0_144/lib/amd64;C:\ProgramData\Oracle\Java\javapath;C:\Windows\system32;C:\Windows;C:\Windows\System32\Wbem;C:\Windows\System32\WindowsPowerShell\v1.0\;C:\Program Files\Java\jdk1.8.0_144/bin;C:\Program Files\Java\jdk1.8.0_144/jre/bin;C:\Program Files\MongoDB\Server\3.4\bin;C:\Program Files\MiKTeX 2.9\miktex\bin\x64\;D:\sts-bundle\sts-3.9.0.RELEASE;
USERNAME=Administrator
OS=Windows_NT
PROCESSOR_IDENTIFIER=Intel64 Family 6 Model 158 Stepping 9, GenuineIntel



---------------  S Y S T E M  ---------------

OS: Windows 7 , 64 bit Build 7601 (6.1.7601.23807)

CPU:total 4 (initial active 4) (4 cores per cpu, 1 threads per core) family 6 model 158 stepping 9, cmov, cx8, fxsr, mmx, sse, sse2, sse3, ssse3, sse4.1, sse4.2, popcnt, avx, avx2, aes, clmul, erms, 3dnowpref, lzcnt, tsc, tscinvbit, bmi1, bmi2, adx

Memory: 4k page, physical 8273668k(2272088k free), swap 10368960k(3796k free)

vm_info: Java HotSpot(TM) 64-Bit Server VM (25.144-b01) for windows-amd64 JRE (1.8.0_144-b01), built on Jul 21 2017 21:57:33 by "java_re" with MS VC++ 10.0 (VS2010)

time: Thu Oct 19 16:43:39 2017
elapsed time: 0 seconds (0d 0h 0m 0s)

