JvmtiExport can_access_local_variables 0
JvmtiExport can_hotswap_or_post_breakpoint 0
JvmtiExport can_post_on_exceptions 0
# 489 ciObject found
instanceKlass java/util/Collections$UnmodifiableList$1
instanceKlass java/lang/invoke/LambdaForm$BMH
instanceKlass java/lang/invoke/LambdaForm$BMH
instanceKlass java/lang/invoke/LambdaForm$BMH
instanceKlass sun/nio/cs/UTF_8$1
instanceKlass edu/mit/jwi/item/ExceptionEntryProxy
instanceKlass edu/mit/jwi/morph/SimpleStemmer$1
instanceKlass edu/mit/jwi/item/IndexWord
instanceKlass edu/mit/jwi/item/IndexWordID
instanceKlass edu/mit/jwi/item/ExceptionEntryID
instanceKlass sysu/consistency/tools/splitword/WordSpliter
instanceKlass sysu/consistency/classify/feature/CombineFeature
instanceKlass sysu/consistency/classify/feature/DiffFeature
instanceKlass sysu/consistency/classify/feature/TextualFeature
instanceKlass sysu/consistency/classify/feature/Feature
instanceKlass sysu/consistency/db/bean/CommentWord_Accessor_4goq0e
instanceKlass sysu/consistency/db/bean/CodeComment_Accessor_d4b1ea
instanceKlass java/lang/invoke/LambdaForm$BMH
instanceKlass java/lang/invoke/LambdaForm$BMH
instanceKlass java/lang/invoke/LambdaForm$BMH
instanceKlass java/lang/invoke/LambdaForm$BMH
instanceKlass java/lang/invoke/LambdaForm$BMH
instanceKlass java/lang/invoke/LambdaForm$BMH
instanceKlass java/lang/invoke/LambdaForm$BMH
instanceKlass sysu/consistency/db/bean/Line_Accessor_keahlr
instanceKlass sysu/consistency/db/bean/ClassMessage_Accessor_wiptb6
instanceKlass org/springframework/data/mongodb/repository/query/DtoInstantiatingConverter
instanceKlass java/lang/invoke/LambdaForm$BMH
instanceKlass java/lang/invoke/LambdaForm$DMH
instanceKlass java/lang/invoke/LambdaForm$BMH
instanceKlass java/lang/invoke/LambdaForm$BMH
instanceKlass java/lang/invoke/LambdaForm$DMH
instanceKlass java/lang/invoke/LambdaForm$BMH
instanceKlass java/lang/invoke/LambdaForm$BMH
instanceKlass java/lang/invoke/LambdaForm$DMH
instanceKlass java/lang/invoke/LambdaForm$DMH
instanceKlass sysu/consistency/db/bean/DiffType_Accessor_ep215a
instanceKlass org/springframework/data/mongodb/core/convert/DbRefResolverCallback
instanceKlass org/springframework/data/mongodb/core/convert/DbRefProxyHandler
instanceKlass org/springframework/data/mongodb/core/convert/MappingMongoConverter$2
instanceKlass java/lang/invoke/LambdaForm$BMH
instanceKlass java/lang/invoke/LambdaForm$DMH
instanceKlass java/lang/invoke/LambdaForm$BMH
instanceKlass java/lang/invoke/LambdaForm$BMH
instanceKlass java/lang/invoke/LambdaForm$DMH
instanceKlass java/lang/invoke/LambdaForm$BMH
instanceKlass java/lang/invoke/LambdaForm$BMH
instanceKlass java/lang/invoke/LambdaForm$DMH
instanceKlass java/lang/invoke/LambdaForm$DMH
instanceKlass java/lang/invoke/LambdaForm$MH
instanceKlass java/lang/invoke/LambdaForm$MH
instanceKlass sysu/consistency/db/bean/Token_Accessor_xk8hzs
instanceKlass java/lang/invoke/LambdaForm$BMH
instanceKlass java/lang/invoke/LambdaForm$DMH
instanceKlass java/lang/invoke/LambdaForm$BMH
instanceKlass java/lang/invoke/LambdaForm$BMH
instanceKlass java/lang/invoke/LambdaForm$DMH
instanceKlass java/lang/invoke/LambdaForm$BMH
instanceKlass java/lang/invoke/LambdaForm$DMH
instanceKlass java/lang/invoke/MethodHandles$1
instanceKlass java/lang/invoke/LambdaForm$BMH
instanceKlass java/lang/invoke/LambdaForm$DMH
instanceKlass java/lang/invoke/LambdaForm$DMH
instanceKlass sun/invoke/util/ValueConversions$1
instanceKlass java/lang/invoke/LambdaForm$DMH
instanceKlass java/util/EnumMap$1
instanceKlass sun/invoke/util/ValueConversions$WrapperCache
instanceKlass org/springframework/util/NumberUtils
instanceKlass org/springframework/core/convert/support/NumberToNumberConverterFactory$NumberToNumber
instanceKlass org/springframework/data/mongodb/core/convert/MappingMongoConverter$1
instanceKlass org/springframework/data/mongodb/core/convert/ObjectPath$ObjectPathItem
instanceKlass java/lang/invoke/LambdaForm$BMH
instanceKlass java/lang/invoke/LambdaForm$BMH
instanceKlass java/lang/invoke/LambdaForm$BMH
instanceKlass java/lang/invoke/LambdaForm$MH
instanceKlass java/lang/invoke/LambdaForm$DMH
instanceKlass org/springframework/core/convert/support/ConversionUtils
instanceKlass java/lang/invoke/LambdaForm$MH
instanceKlass java/lang/invoke/LambdaForm$MH
instanceKlass java/lang/invoke/LambdaForm$MH
instanceKlass java/lang/invoke/LambdaForm$MH
instanceKlass java/lang/invoke/LambdaForm$MH
instanceKlass java/lang/invoke/LambdaForm$MH
instanceKlass java/lang/invoke/LambdaForm$MH
instanceKlass java/lang/invoke/LambdaForm$MH
instanceKlass java/lang/invoke/LambdaForm$MH
instanceKlass sysu/consistency/db/bean/CommentEntry_Accessor_9x3f2x
instanceKlass org/springframework/data/mapping/model/ClassGeneratingPropertyAccessorFactory$Evil
instanceKlass org/springframework/data/mapping/model/ClassGeneratingPropertyAccessorFactory$PropertyStackAddress
instanceKlass org/springframework/data/mapping/model/ClassGeneratingPropertyAccessorFactory$PropertyAccessorClassGenerator$2
instanceKlass org/springframework/data/mapping/model/ClassGeneratingPropertyAccessorFactory$PropertyAccessorClassGenerator$1
instanceKlass org/springframework/data/mapping/model/ClassGeneratingPropertyAccessorFactory$PropertyAccessorClassGenerator
instanceKlass org/springframework/data/mapping/model/ConvertingPropertyAccessor
instanceKlass org/springframework/data/convert/ClassGeneratingEntityInstantiator$EntityInstantiatorAdapter
instanceKlass org/springframework/data/mapping/model/SpELExpressionParameterValueProvider
instanceKlass org/springframework/data/mapping/model/PersistentEntityParameterValueProvider
instanceKlass org/springframework/data/mongodb/core/convert/DBObjectAccessor
instanceKlass org/springframework/data/mongodb/core/convert/MappingMongoConverter$MongoDbPropertyValueProvider
instanceKlass org/springframework/data/mongodb/core/convert/CustomConversions$3
instanceKlass org/springframework/data/annotation/TypeAlias
instanceKlass com/mongodb/event/ConnectionCheckedInEvent
instanceKlass com/mongodb/operation/QueryBatchCursor
instanceKlass com/mongodb/operation/BsonDocumentWrapperHelper
instanceKlass com/mongodb/connection/QueryResult
instanceKlass com/mongodb/DBObjectCodec$1
instanceKlass org/bson/util/ComputingMap
instanceKlass org/bson/util/ClassMap$ComputeFunction
instanceKlass org/bson/util/AbstractCopyOnWriteMap$View
instanceKlass org/bson/util/CopyOnWriteMap$Builder
instanceKlass org/bson/util/AbstractCopyOnWriteMap
instanceKlass org/bson/util/Function
instanceKlass org/bson/util/ClassMap
instanceKlass org/bson/BSON
instanceKlass org/bson/codecs/BsonDocumentWrapperCodec
instanceKlass com/mongodb/connection/ProtocolHelper
instanceKlass com/mongodb/connection/CommandProtocol
instanceKlass com/mongodb/operation/CommandOperationHelper
instanceKlass com/mongodb/operation/FindOperation$6
instanceKlass com/mongodb/operation/CommandResultCodecProvider
instanceKlass org/bson/BsonDocumentWriter$1
instanceKlass com/mongodb/connection/Protocol
instanceKlass com/mongodb/connection/AbstractReferenceCounted
instanceKlass com/mongodb/connection/DefaultServer$DefaultServerProtocolExecutor
instanceKlass com/mongodb/event/ConnectionPoolWaitQueueExitedEvent
instanceKlass com/mongodb/connection/DefaultConnectionPool$PooledConnection
instanceKlass com/mongodb/event/ConnectionCheckedOutEvent
instanceKlass com/mongodb/event/ConnectionAddedEvent
instanceKlass com/mongodb/connection/UsageTrackingInternalConnection
instanceKlass com/mongodb/event/ConnectionPoolWaitQueueEnteredEvent
instanceKlass com/mongodb/connection/ClusterDescription$5
instanceKlass com/mongodb/selector/CompositeServerSelector
instanceKlass com/mongodb/selector/ReadPreferenceServerSelector
instanceKlass com/mongodb/async/AsyncBatchCursor
instanceKlass com/mongodb/operation/OperationHelper$AsyncCallableWithConnection
instanceKlass com/mongodb/operation/OperationHelper
instanceKlass com/mongodb/operation/BatchCursor
instanceKlass com/mongodb/operation/FindOperation$1
instanceKlass com/mongodb/binding/ConnectionSource
instanceKlass com/mongodb/MongoBatchCursorAdapter
instanceKlass com/mongodb/operation/OperationHelper$AsyncCallableWithConnectionAndSource
instanceKlass com/mongodb/operation/CommandOperationHelper$CommandTransformer
instanceKlass com/mongodb/operation/OperationHelper$CallableWithConnectionAndSource
instanceKlass com/mongodb/operation/FindOperation
instanceKlass com/mongodb/operation/AsyncReadOperation
instanceKlass com/mongodb/DBCursor
instanceKlass com/mongodb/client/model/DBCollectionFindOptions
instanceKlass com/mongodb/CompoundDBObjectCodec
instanceKlass com/mongodb/DBCollectionObjectFactory
instanceKlass com/mongodb/client/MongoCursor
instanceKlass com/mongodb/Cursor
instanceKlass com/mongodb/operation/BaseWriteOperation
instanceKlass com/mongodb/operation/AsyncWriteOperation
instanceKlass com/mongodb/BSONTimestampCodec
instanceKlass org/bson/codecs/ObjectIdGenerator
instanceKlass com/mongodb/BasicDBObjectFactory
instanceKlass com/mongodb/Mongo$2
instanceKlass org/springframework/transaction/support/TransactionSynchronizationUtils$ScopedProxyUnwrapper
instanceKlass org/springframework/core/InfrastructureProxy
instanceKlass org/springframework/transaction/support/TransactionSynchronizationUtils
instanceKlass org/springframework/transaction/support/TransactionSynchronization
instanceKlass org/springframework/transaction/support/ResourceHolder
instanceKlass org/springframework/data/mongodb/core/MongoDbUtils
instanceKlass org/springframework/data/mongodb/core/MongoTemplate$ReadDbObjectCallback
instanceKlass org/springframework/data/mongodb/core/MongoTemplate$FindOneCallback
instanceKlass java/util/AbstractMap$SimpleImmutableEntry
instanceKlass org/springframework/data/util/CacheValue
instanceKlass org/springframework/data/mongodb/core/convert/CustomConversions$1
instanceKlass org/springframework/data/mongodb/core/convert/QueryMapper$MetadataBackedField$KeyMapper
instanceKlass org/springframework/data/mongodb/core/convert/QueryMapper$MetadataBackedField$PositionParameterRetainingPropertyKeyConverter
instanceKlass org/springframework/data/mongodb/repository/query/MongoQueryExecution$SingleEntityExecution
instanceKlass org/springframework/data/mongodb/repository/query/MongoQueryExecution$ResultProcessingExecution
instanceKlass org/springframework/data/mongodb/repository/query/MongoQueryExecution$ResultProcessingConverter
instanceKlass org/springframework/data/mongodb/repository/query/SimpleMongoEntityMetadata
instanceKlass org/springframework/data/mongodb/repository/Meta
instanceKlass org/springframework/data/mongodb/core/query/Meta
instanceKlass org/springframework/data/mongodb/repository/query/MongoQueryCreator$1
instanceKlass org/springframework/data/mapping/context/DefaultPersistentPropertyPath
instanceKlass org/springframework/data/repository/query/ParametersParameterAccessor$BindableParameterIterator
instanceKlass org/springframework/data/mongodb/repository/query/ConvertingParameterAccessor$ConvertingIterator
instanceKlass org/springframework/data/repository/query/parser/AbstractQueryCreator
instanceKlass org/springframework/data/mongodb/repository/query/ConvertingParameterAccessor$PotentiallyConvertingIterator
instanceKlass org/springframework/data/mongodb/repository/query/ConvertingParameterAccessor
instanceKlass org/springframework/data/repository/query/ParametersParameterAccessor
instanceKlass org/springframework/transaction/support/TransactionSynchronizationManager
instanceKlass org/springframework/aop/framework/InterceptorAndDynamicMethodMatcher
instanceKlass org/springframework/aop/framework/ReflectiveMethodInvocation
instanceKlass org/springframework/aop/ProxyMethodInvocation
instanceKlass org/springframework/aop/IntroductionAwareMethodMatcher
instanceKlass org/springframework/aop/support/MethodMatchers
instanceKlass org/springframework/aop/TrueMethodMatcher
instanceKlass org/springframework/aop/MethodMatcher
instanceKlass org/springframework/aop/ThrowsAdvice
instanceKlass org/springframework/aop/TrueClassFilter
instanceKlass org/springframework/aop/ClassFilter
instanceKlass org/springframework/aop/framework/AdvisedSupport$MethodCacheKey
instanceKlass org/apache/commons/io/IOUtils
instanceKlass org/apache/commons/io/Charsets
instanceKlass org/apache/commons/io/filefilter/IOFileFilter
instanceKlass java/io/FilenameFilter
instanceKlass org/apache/commons/io/FileUtils
instanceKlass org/springframework/beans/factory/config/NamedBeanHolder
instanceKlass org/springframework/beans/factory/NamedBean
instanceKlass org/springframework/util/ConcurrentReferenceHashMap$EntryIterator
instanceKlass java/util/AbstractMap$1$1
instanceKlass org/springframework/context/support/LiveBeansView
instanceKlass org/springframework/context/support/LiveBeansViewMBean
instanceKlass org/springframework/context/support/DefaultLifecycleProcessor
instanceKlass org/springframework/util/ErrorHandler
instanceKlass org/springframework/context/MessageSourceResolvable
instanceKlass java/util/Spliterator
instanceKlass java/util/function/BiConsumer
instanceKlass org/springframework/context/event/EventListener
instanceKlass org/springframework/core/MethodIntrospector$1
instanceKlass org/springframework/core/MethodIntrospector
instanceKlass org/springframework/context/event/EventListenerMethodProcessor$1
instanceKlass org/springframework/aop/scope/ScopedObject
instanceKlass org/springframework/aop/RawTargetAccess
instanceKlass org/springframework/aop/scope/ScopedProxyUtils
instanceKlass sysu/consistency/db/bean/CommentEntry
instanceKlass sysu/consistency/db/bean/CodeComment
instanceKlass sysu/consistency/db/bean/Token
instanceKlass sysu/consistency/db/bean/Line
instanceKlass sysu/consistency/db/bean/ClassMessage
instanceKlass sun/misc/ProxyGenerator$1
instanceKlass org/springframework/data/mongodb/core/index/MongoPersistentEntityIndexResolver$2
instanceKlass sysu/consistency/db/bean/DiffType
instanceKlass sysu/consistency/db/bean/MethodBean
instanceKlass org/springframework/beans/factory/SmartFactoryBean
instanceKlass org/springframework/core/DecoratingProxy
instanceKlass org/springframework/aop/framework/AopProxyUtils
instanceKlass org/aopalliance/intercept/MethodInvocation
instanceKlass org/aopalliance/intercept/Invocation
instanceKlass org/aopalliance/intercept/Joinpoint
instanceKlass org/springframework/aop/framework/JdkDynamicAopProxy
instanceKlass org/springframework/data/repository/query/parser/Part
instanceKlass org/springframework/data/repository/query/parser/PartTree$OrPart
instanceKlass java/lang/Character$Subset
instanceKlass org/springframework/data/repository/query/parser/PartTree$Predicate
instanceKlass org/springframework/data/repository/query/parser/PartTree$Subject
instanceKlass java/util/regex/Pattern$CharPropertyNames$CharPropertyFactory
instanceKlass java/util/regex/Pattern$CharPropertyNames
instanceKlass org/springframework/data/repository/query/parser/PartTree
instanceKlass org/springframework/data/mongodb/repository/query/MongoQueryExecution
instanceKlass org/springframework/data/mongodb/repository/query/MongoParameterAccessor
instanceKlass org/springframework/data/repository/query/ParameterAccessor
instanceKlass org/springframework/data/mongodb/repository/query/AbstractMongoQuery
instanceKlass org/springframework/data/mongodb/repository/Query
instanceKlass org/springframework/data/repository/query/ResultProcessor$ProjectingConverter
instanceKlass org/springframework/data/repository/query/ReturnedType
instanceKlass org/springframework/data/repository/query/ResultProcessor
instanceKlass org/springframework/data/domain/Range
instanceKlass org/springframework/data/mongodb/core/query/TextCriteria
instanceKlass org/springframework/data/geo/Distance
instanceKlass org/springframework/data/mongodb/repository/Near
instanceKlass org/springframework/data/repository/query/Parameter
instanceKlass org/springframework/data/repository/query/Param
instanceKlass org/springframework/data/domain/Chunk
instanceKlass org/springframework/data/geo/GeoResult
instanceKlass org/springframework/data/mongodb/repository/query/MongoEntityMetadata
instanceKlass org/springframework/data/projection/MethodInterceptorFactory
instanceKlass org/springframework/data/projection/ProjectionInformation
instanceKlass org/springframework/data/projection/ProxyProjectionFactory
instanceKlass org/springframework/data/annotation/QueryAnnotation
instanceKlass org/springframework/data/repository/query/RepositoryQuery
instanceKlass org/springframework/data/mongodb/repository/support/MongoRepositoryFactory$MongoQueryLookupStrategy
instanceKlass org/springframework/util/concurrent/SuccessCallback
instanceKlass org/springframework/util/concurrent/FailureCallback
instanceKlass org/springframework/scheduling/annotation/AsyncResult
instanceKlass java/util/concurrent/CompletableFuture$AsynchronousCompletionTask
instanceKlass java/util/concurrent/ForkJoinPool$1
instanceKlass java/util/concurrent/ForkJoinPool$DefaultForkJoinWorkerThreadFactory
instanceKlass java/util/concurrent/ForkJoinTask
instanceKlass java/util/concurrent/ForkJoinPool$WorkQueue
instanceKlass java/util/concurrent/ForkJoinPool$ForkJoinWorkerThreadFactory
instanceKlass java/util/concurrent/CompletableFuture$AltResult
instanceKlass java/util/concurrent/CompletableFuture
instanceKlass java/util/concurrent/CompletionStage
instanceKlass org/springframework/data/repository/util/QueryExecutionConverters$AbstractWrapperTypeConverter
instanceKlass org/springframework/util/concurrent/ListenableFuture
instanceKlass org/springframework/data/repository/util/QueryExecutionConverters$WrapperType
instanceKlass org/springframework/data/repository/util/QueryExecutionConverters
instanceKlass org/springframework/data/repository/util/NullableWrapper
instanceKlass org/springframework/data/repository/core/support/QueryExecutionResultHandler
instanceKlass org/springframework/data/projection/ProjectionFactory
instanceKlass org/springframework/data/repository/core/support/RepositoryFactorySupport$QueryExecutorMethodInterceptor
instanceKlass org/springframework/data/projection/DefaultMethodInvokingMethodInterceptor
instanceKlass org/springframework/data/domain/AfterDomainEventPublication
instanceKlass org/springframework/data/domain/DomainEvents
instanceKlass org/springframework/data/util/AnnotationDetectionMethodCallback
instanceKlass org/springframework/data/repository/core/support/EventPublishingRepositoryProxyPostProcessor$EventPublishingMethod
instanceKlass org/springframework/aop/interceptor/ExposeInvocationInterceptor
instanceKlass org/springframework/aop/IntroductionAdvisor
instanceKlass org/springframework/aop/TruePointcut
instanceKlass org/springframework/aop/support/AbstractPointcutAdvisor
instanceKlass org/springframework/aop/PointcutAdvisor
instanceKlass org/springframework/aop/DynamicIntroductionAdvice
instanceKlass org/springframework/aop/IntroductionInfo
instanceKlass org/springframework/aop/target/SingletonTargetSource
instanceKlass org/springframework/aop/framework/AopProxy
instanceKlass org/springframework/aop/framework/DefaultAopProxyFactory
instanceKlass org/springframework/aop/framework/DefaultAdvisorChainFactory
instanceKlass org/springframework/aop/target/EmptyTargetSource
instanceKlass org/springframework/aop/framework/AopProxyFactory
instanceKlass org/springframework/aop/framework/AdvisorChainFactory
instanceKlass org/springframework/data/repository/support/PageableExecutionUtils$TotalSupplier
instanceKlass org/springframework/data/util/ReflectionUtils$DescribedFieldFilter
instanceKlass org/springframework/data/util/ReflectionUtils
instanceKlass org/springframework/data/domain/Persistable
instanceKlass org/springframework/data/repository/core/support/AbstractEntityInformation
instanceKlass org/springframework/data/mongodb/repository/query/MongoEntityInformation
instanceKlass org/springframework/data/mongodb/repository/support/MongoEntityInformationSupport
instanceKlass org/springframework/data/mongodb/core/index/MongoPersistentEntityIndexResolver$4
instanceKlass org/springframework/data/mongodb/core/index/GeoSpatialIndexed
instanceKlass org/springframework/data/mongodb/core/index/Indexed
instanceKlass org/springframework/data/mongodb/core/index/MongoPersistentEntityIndexResolver$1
instanceKlass org/springframework/data/mongodb/core/index/TextIndexed
instanceKlass org/springframework/data/mongodb/core/index/MongoPersistentEntityIndexResolver$CycleGuard$Path
instanceKlass org/springframework/data/mongodb/core/index/MongoPersistentEntityIndexResolver$3
instanceKlass org/springframework/data/mongodb/core/index/MongoPersistentEntityIndexResolver$CycleGuard
instanceKlass org/springframework/data/mongodb/core/index/MongoPersistentEntityIndexResolver$TextIndexIncludeOptions
instanceKlass org/springframework/data/mongodb/core/index/TextIndexDefinition
instanceKlass org/springframework/data/mongodb/core/index/TextIndexDefinition$TextIndexedFieldSpec
instanceKlass org/springframework/data/mongodb/core/index/TextIndexDefinition$TextIndexDefinitionBuilder
instanceKlass org/springframework/data/mongodb/core/index/CompoundIndex
instanceKlass org/springframework/data/mongodb/core/index/CompoundIndexes
instanceKlass org/springframework/core/ResolvableType$WildcardBounds
instanceKlass org/springframework/context/event/GenericApplicationListenerAdapter
instanceKlass org/springframework/context/event/SmartApplicationListener
instanceKlass org/springframework/context/event/AbstractApplicationEventMulticaster$ListenerCacheKey
instanceKlass org/springframework/data/mapping/model/ClassGeneratingPropertyAccessorFactory$2
instanceKlass org/springframework/data/mapping/model/ClassGeneratingPropertyAccessorFactory$1
instanceKlass org/springframework/data/mongodb/core/mapping/DBRef
instanceKlass org/springframework/data/mongodb/core/mapping/Language
instanceKlass org/springframework/data/mongodb/core/mapping/TextScore
instanceKlass org/springframework/data/mongodb/core/mapping/BasicMongoPersistentEntity$PropertyTypeAssertionHandler
instanceKlass org/springframework/data/mongodb/core/mapping/BasicMongoPersistentEntity$AssertFieldNameUniquenessHandler
instanceKlass org/springframework/data/mongodb/core/mapping/Field
instanceKlass org/springframework/data/annotation/Version
instanceKlass org/springframework/data/annotation/AccessType
instanceKlass org/springframework/data/annotation/Reference
instanceKlass org/springframework/data/annotation/Id
instanceKlass org/springframework/data/annotation/Transient
instanceKlass org/springframework/data/util/TypeDiscoverer$ValueHolder
instanceKlass org/springframework/data/mapping/model/AbstractPersistentProperty
instanceKlass org/springframework/data/mapping/context/AbstractMappingContext$PersistentPropertyFilter$PropertyMatch
instanceKlass org/springframework/data/mapping/context/AbstractMappingContext$PersistentPropertyCreator
instanceKlass org/springframework/expression/ParserContext$1
instanceKlass org/springframework/data/mongodb/MongoCollectionUtils
instanceKlass org/springframework/data/mapping/model/BasicPersistentEntity$AssociationComparator
instanceKlass org/springframework/data/annotation/PersistenceConstructor
instanceKlass org/springframework/data/mapping/PreferredConstructor$Parameter
instanceKlass org/springframework/data/mapping/PreferredConstructor
instanceKlass org/springframework/data/mapping/model/PreferredConstructorDiscoverer
instanceKlass org/springframework/data/mapping/IdentifierAccessor
instanceKlass org/springframework/data/domain/Page
instanceKlass org/springframework/data/domain/Slice
instanceKlass org/springframework/data/domain/Pageable
instanceKlass org/springframework/data/domain/Sort
instanceKlass org/springframework/data/domain/Example
instanceKlass org/springframework/data/repository/core/support/DefaultRepositoryInformation
instanceKlass org/springframework/data/mongodb/repository/support/SimpleMongoRepository
instanceKlass org/springframework/data/querydsl/QueryDslUtils
instanceKlass org/springframework/data/repository/core/support/RepositoryFactorySupport$RepositoryInformationCacheKey
instanceKlass org/springframework/core/GenericTypeResolver$TypeVariableMapVariableResolver
instanceKlass sysu/consistency/db/bean/CommentWord
instanceKlass org/springframework/data/repository/core/CrudMethods
instanceKlass org/springframework/data/repository/core/support/AbstractRepositoryMetadata
instanceKlass org/springframework/data/repository/core/support/EventPublishingRepositoryProxyPostProcessor
instanceKlass org/springframework/data/repository/core/support/RepositoryFactorySupport$QueryCollectingQueryCreationListener
instanceKlass org/springframework/transaction/interceptor/TransactionalProxy
instanceKlass org/springframework/aop/SpringProxy
instanceKlass org/springframework/data/repository/query/QueryLookupStrategy
instanceKlass org/springframework/data/repository/query/EvaluationContextExtensionInformation
instanceKlass org/springframework/data/repository/query/spi/EvaluationContextExtension
instanceKlass org/springframework/data/repository/query/Parameters
instanceKlass org/springframework/expression/MethodResolver
instanceKlass org/springframework/core/CollectionFactory
instanceKlass org/springframework/util/DefaultPropertiesPersister
instanceKlass org/springframework/data/repository/query/QueryMethod
instanceKlass org/springframework/data/mapping/context/PersistentEntities
instanceKlass org/springframework/data/support/IsNewStrategy
instanceKlass org/springframework/data/support/IsNewStrategyFactorySupport
instanceKlass org/springframework/data/support/CachingIsNewStrategyFactory
instanceKlass org/springframework/util/MethodInvoker
instanceKlass java/beans/ConstructorProperties
instanceKlass org/springframework/beans/factory/support/ConstructorResolver$ConstructorPropertiesChecker
instanceKlass org/springframework/beans/factory/support/AutowireUtils$1
instanceKlass java/util/Collections$UnmodifiableMap$UnmodifiableEntrySet$UnmodifiableEntry
instanceKlass org/springframework/data/repository/core/RepositoryInformation
instanceKlass org/springframework/data/repository/core/RepositoryMetadata
instanceKlass org/springframework/data/repository/core/EntityInformation
instanceKlass org/springframework/data/repository/core/EntityMetadata
instanceKlass org/springframework/data/repository/core/support/QueryCreationListener
instanceKlass org/springframework/data/repository/core/support/RepositoryProxyPostProcessor
instanceKlass sun/reflect/generics/tree/LongSignature
instanceKlass org/springframework/data/mongodb/core/aggregation/AggregationResults
instanceKlass org/springframework/data/mongodb/core/mapreduce/MapReduceResults
instanceKlass org/springframework/data/mongodb/core/FindAndModifyOptions
instanceKlass org/springframework/data/geo/GeoResults
instanceKlass org/springframework/data/mongodb/core/query/NearQuery
instanceKlass org/springframework/data/mongodb/core/DocumentCallbackHandler
instanceKlass com/mongodb/MapReduceCommand
instanceKlass org/springframework/data/mongodb/core/mapreduce/MapReduceOptions
instanceKlass org/springframework/data/mongodb/core/MongoAction
instanceKlass org/springframework/data/mongodb/core/CollectionOptions
instanceKlass com/mongodb/DBCollection
instanceKlass org/springframework/data/util/CloseableIterator
instanceKlass org/springframework/data/mongodb/core/query/Query
instanceKlass com/mongodb/WriteResult
instanceKlass org/springframework/data/mongodb/core/query/Criteria
instanceKlass org/springframework/data/mongodb/core/mapreduce/GroupByResults
instanceKlass org/springframework/data/mongodb/core/mapreduce/GroupBy
instanceKlass org/springframework/data/mongodb/core/query/Update
instanceKlass org/springframework/data/mongodb/core/index/MongoMappingEventPublisher
instanceKlass org/springframework/data/mongodb/core/index/IndexDefinition
instanceKlass org/springframework/data/mongodb/core/index/MongoPersistentEntityIndexResolver
instanceKlass org/springframework/data/mongodb/core/index/IndexResolver
instanceKlass org/springframework/data/mongodb/core/index/MongoPersistentEntityIndexCreator
instanceKlass java/io/ObjectOutput
instanceKlass java/io/ObjectStreamConstants
instanceKlass java/io/ObjectInput
instanceKlass org/springframework/core/convert/support/GenericConversionService$ConverterCacheKey
instanceKlass org/springframework/data/mapping/model/DefaultSpELExpressionEvaluator
instanceKlass org/springframework/data/mongodb/core/convert/ObjectPath
instanceKlass org/springframework/data/mapping/model/SpELContext
instanceKlass org/springframework/data/mongodb/core/convert/MongoExampleMapper
instanceKlass org/springframework/data/mongodb/core/convert/MappingMongoConverter$NestedDocument
instanceKlass org/springframework/data/mongodb/core/convert/QueryMapper$Field
instanceKlass org/springframework/data/mongodb/core/convert/QueryMapper
instanceKlass org/springframework/data/convert/MappingContextTypeInformationMapper
instanceKlass org/springframework/data/convert/SimpleTypeInformationMapper
instanceKlass org/springframework/data/convert/TypeInformationMapper
instanceKlass org/springframework/data/mongodb/core/convert/DefaultMongoTypeMapper$DBObjectTypeAliasAccessor
instanceKlass org/springframework/data/util/TypeDiscoverer
instanceKlass org/springframework/data/convert/TypeAliasAccessor
instanceKlass org/springframework/data/convert/DefaultTypeMapper
instanceKlass org/springframework/data/convert/ClassGeneratingEntityInstantiator$ObjectInstantiatorClassGenerator$1
instanceKlass org/springframework/data/convert/ClassGeneratingEntityInstantiator$ObjectInstantiator
instanceKlass org/springframework/data/convert/ClassGeneratingEntityInstantiator$ObjectInstantiatorClassGenerator
instanceKlass org/springframework/data/convert/ClassGeneratingEntityInstantiator
instanceKlass org/springframework/data/convert/EntityInstantiator
instanceKlass org/springframework/data/convert/EntityInstantiators
instanceKlass org/springframework/core/convert/support/ObjectToOptionalConverter
instanceKlass org/springframework/core/convert/support/FallbackObjectToStringConverter
instanceKlass org/springframework/core/convert/support/IdToEntityConverter
instanceKlass org/springframework/core/convert/support/ObjectToObjectConverter
instanceKlass java/time/ZonedDateTime
instanceKlass java/time/chrono/ChronoZonedDateTime
instanceKlass org/springframework/core/convert/support/ZonedDateTimeToCalendarConverter
instanceKlass org/springframework/core/convert/support/ZoneIdToTimeZoneConverter
instanceKlass org/springframework/core/convert/support/StringToTimeZoneConverter
instanceKlass org/springframework/core/convert/support/DefaultConversionService$Jsr310ConverterRegistrar
instanceKlass org/springframework/core/convert/support/ByteBufferConverter
instanceKlass org/springframework/core/convert/support/StreamConverter
instanceKlass org/springframework/core/convert/support/ObjectToCollectionConverter
instanceKlass org/springframework/core/convert/support/CollectionToObjectConverter
instanceKlass org/springframework/core/convert/support/StringToCollectionConverter
instanceKlass org/springframework/core/convert/support/ObjectToArrayConverter
instanceKlass org/springframework/core/convert/support/ArrayToObjectConverter
instanceKlass org/springframework/core/convert/support/StringToArrayConverter
instanceKlass org/springframework/core/convert/support/CollectionToStringConverter
instanceKlass org/springframework/core/convert/support/ArrayToStringConverter
instanceKlass org/springframework/core/convert/support/MapToMapConverter
instanceKlass org/springframework/core/convert/support/CollectionToCollectionConverter
instanceKlass org/springframework/core/convert/support/ArrayToArrayConverter
instanceKlass org/springframework/core/convert/support/CollectionToArrayConverter
instanceKlass org/springframework/core/convert/support/ArrayToCollectionConverter
instanceKlass org/springframework/core/convert/support/StringToUUIDConverter
instanceKlass org/springframework/core/convert/support/PropertiesToStringConverter
instanceKlass org/springframework/core/convert/support/StringToPropertiesConverter
instanceKlass org/springframework/core/convert/support/StringToCurrencyConverter
instanceKlass org/springframework/core/convert/support/StringToCharsetConverter
instanceKlass org/springframework/core/convert/support/StringToLocaleConverter
instanceKlass org/springframework/core/convert/support/IntegerToEnumConverterFactory
instanceKlass org/springframework/core/convert/support/AbstractConditionalEnumConverter
instanceKlass org/springframework/core/convert/support/StringToEnumConverterFactory
instanceKlass org/springframework/core/convert/support/StringToBooleanConverter
instanceKlass org/springframework/core/convert/support/CharacterToNumberFactory
instanceKlass org/springframework/core/convert/support/NumberToCharacterConverter
instanceKlass org/springframework/core/convert/support/StringToCharacterConverter
instanceKlass org/springframework/core/convert/support/GenericConversionService$ConverterAdapter
instanceKlass org/springframework/core/convert/support/ObjectToStringConverter
instanceKlass org/springframework/core/convert/support/StringToNumberConverterFactory
instanceKlass org/springframework/core/convert/support/GenericConversionService$ConvertersForPair
instanceKlass org/springframework/core/convert/support/GenericConversionService$ConverterFactoryAdapter
instanceKlass org/springframework/core/convert/converter/ConditionalGenericConverter
instanceKlass org/springframework/core/convert/support/NumberToNumberConverterFactory
instanceKlass org/springframework/core/convert/converter/ConditionalConverter
instanceKlass org/springframework/core/convert/support/GenericConversionService$Converters
instanceKlass org/springframework/core/convert/support/GenericConversionService$NoOpConverter
instanceKlass java/lang/reflect/AnnotatedType
instanceKlass org/springframework/data/mapping/PropertyPath
instanceKlass org/springframework/data/mapping/model/BasicPersistentEntity
instanceKlass sun/reflect/generics/tree/BooleanSignature
instanceKlass java/time/Period
instanceKlass java/time/chrono/ChronoPeriod
instanceKlass java/time/Duration
instanceKlass java/time/temporal/TemporalAmount
instanceKlass java/time/Instant
instanceKlass java/time/LocalTime
instanceKlass java/time/LocalDate
instanceKlass java/time/chrono/ChronoLocalDate
instanceKlass org/springframework/data/mongodb/core/geo/GeoJsonGeometryCollection
instanceKlass org/springframework/data/mongodb/core/geo/GeoJsonMultiPolygon
instanceKlass org/springframework/data/mongodb/core/geo/GeoJsonMultiLineString
instanceKlass org/springframework/data/mongodb/core/geo/GeoJsonMultiPoint
instanceKlass org/springframework/data/mongodb/core/query/GeoCommand
instanceKlass org/springframework/data/mongodb/core/geo/Sphere
instanceKlass org/springframework/data/geo/Circle
instanceKlass org/springframework/data/geo/Polygon
instanceKlass org/springframework/data/geo/Box
instanceKlass org/springframework/data/geo/Shape
instanceKlass org/springframework/data/mongodb/core/script/NamedMongoScript
instanceKlass org/springframework/data/mongodb/core/query/Term
instanceKlass com/mongodb/event/ServerDescriptionChangedEvent
instanceKlass com/mongodb/connection/ChangeEvent
instanceKlass com/mongodb/event/ServerHeartbeatSucceededEvent
instanceKlass com/mongodb/event/ServerHeartbeatStartedEvent
instanceKlass com/mongodb/event/ConnectionOpenedEvent
instanceKlass org/springframework/core/convert/converter/ConverterFactory
instanceKlass org/springframework/data/mongodb/core/convert/ConverterRegistration
instanceKlass org/springframework/core/convert/converter/GenericConverter$ConvertiblePair
instanceKlass org/springframework/data/convert/ReadingConverter
instanceKlass org/springframework/data/convert/WritingConverter
instanceKlass org/springframework/data/convert/ThreeTenBackPortConverters
instanceKlass com/mongodb/connection/DescriptionHelper
instanceKlass java/time/LocalDateTime
instanceKlass java/time/chrono/ChronoLocalDateTime
instanceKlass java/time/temporal/TemporalAdjuster
instanceKlass java/time/temporal/Temporal
instanceKlass java/time/temporal/TemporalAccessor
instanceKlass org/springframework/data/convert/Jsr310Converters
instanceKlass org/springframework/data/mongodb/core/geo/GeoJson
instanceKlass org/springframework/data/geo/Point
instanceKlass org/springframework/data/geo/Metric
instanceKlass org/springframework/data/mongodb/core/convert/GeoConverters
instanceKlass org/springframework/data/convert/JodaTimeConverters
instanceKlass org/bson/AbstractBsonReader$1
instanceKlass org/bson/BsonElement
instanceKlass org/bson/BsonBinaryReader$1
instanceKlass org/bson/codecs/DecoderContext$Builder
instanceKlass org/bson/codecs/DecoderContext
instanceKlass org/springframework/data/mongodb/core/convert/MongoConverters
instanceKlass org/bson/AbstractBsonReader$Context
instanceKlass org/springframework/core/convert/converter/GenericConverter
instanceKlass org/bson/AbstractBsonReader
instanceKlass org/springframework/data/mongodb/core/convert/CustomConversions$Producer
instanceKlass com/mongodb/connection/ReplyMessage
instanceKlass com/mongodb/event/ConnectionMessageReceivedEvent
instanceKlass com/mongodb/connection/ResponseBuffers
instanceKlass com/mongodb/connection/ReplyHeader
instanceKlass org/bson/io/ByteBufferBsonInput
instanceKlass org/springframework/data/annotation/Persistent
instanceKlass org/springframework/data/mongodb/core/mapping/Document
instanceKlass com/mongodb/binding/AbstractReferenceCounted
instanceKlass org/springframework/data/mongodb/util/MongoClientVersion
instanceKlass com/mongodb/DBRef
instanceKlass com/mongodb/event/ConnectionMessagesSentEvent
instanceKlass org/springframework/data/mongodb/core/mapping/MongoSimpleTypes
instanceKlass com/mongodb/connection/RequestMessage$EncodingMetadata
instanceKlass com/mongodb/connection/ByteBufferBsonOutput$BufferPositionPair
instanceKlass org/springframework/data/mapping/model/SimpleTypeHolder
instanceKlass org/bson/ByteBufNIO
instanceKlass org/springframework/data/mapping/SimpleAssociationHandler
instanceKlass org/springframework/data/mapping/SimplePropertyHandler
instanceKlass org/springframework/data/mapping/model/ClassGeneratingPropertyAccessorFactory
instanceKlass com/mongodb/internal/validator/NoOpFieldNameValidator
instanceKlass com/mongodb/connection/MessageSettings$Builder
instanceKlass com/mongodb/connection/MessageSettings
instanceKlass com/mongodb/MongoNamespace
instanceKlass com/mongodb/connection/RequestMessage
instanceKlass com/mongodb/connection/CommandHelper
instanceKlass org/springframework/data/mapping/model/MutablePersistentEntity
instanceKlass java/net/Socket$2
instanceKlass java/net/Socket$3
instanceKlass org/springframework/data/mongodb/core/mapping/MongoPersistentProperty
instanceKlass org/springframework/data/mongodb/core/mapping/MongoPersistentEntity
instanceKlass org/springframework/data/mapping/context/PersistentPropertyPath
instanceKlass org/springframework/data/mapping/model/PersistentPropertyAccessorFactory
instanceKlass org/springframework/data/mapping/model/ParameterValueProvider
instanceKlass org/springframework/data/mapping/model/PropertyValueProvider
instanceKlass org/springframework/data/mapping/AssociationHandler
instanceKlass org/springframework/data/mapping/PropertyHandler
instanceKlass org/springframework/data/mapping/model/SpELExpressionEvaluator
instanceKlass org/springframework/data/mapping/PersistentPropertyAccessor
instanceKlass org/springframework/data/mapping/PersistentEntity
instanceKlass org/springframework/data/util/TypeInformation
instanceKlass org/springframework/data/mongodb/core/convert/MongoTypeMapper
instanceKlass org/springframework/data/convert/TypeMapper
instanceKlass org/springframework/core/convert/support/GenericConversionService
instanceKlass sun/net/NetHooks
instanceKlass java/net/Proxy
instanceKlass sun/net/spi/DefaultProxySelector$3
instanceKlass sun/net/spi/DefaultProxySelector$NonProxyInfo
instanceKlass org/springframework/objenesis/ObjenesisBase
instanceKlass org/springframework/data/mongodb/core/convert/DefaultDbRefResolver
instanceKlass sun/net/NetProperties$1
instanceKlass sun/net/NetProperties
instanceKlass sun/net/spi/DefaultProxySelector$1
instanceKlass java/net/ProxySelector
instanceKlass java/net/SocksSocketImpl$3
instanceKlass sun/net/util/IPAddressUtil
instanceKlass com/mongodb/connection/SocketStreamHelper
instanceKlass java/net/InetSocketAddress$InetSocketAddressHolder
instanceKlass java/net/SocketAddress
instanceKlass java/net/PlainSocketImpl$1
instanceKlass java/net/AbstractPlainSocketImpl$1
instanceKlass java/net/SocketImpl
instanceKlass java/net/SocketOptions
instanceKlass java/net/SocksConsts
instanceKlass java/net/Socket
instanceKlass com/mongodb/DB
instanceKlass com/mongodb/connection/SocketStream
instanceKlass com/mongodb/connection/ConnectionId
instanceKlass com/mongodb/connection/ConnectionDescription
instanceKlass com/mongodb/connection/InternalStreamConnection$ErrorHandlingConnectionListener
instanceKlass com/mongodb/connection/AsyncCompletionHandler
instanceKlass org/springframework/data/mongodb/core/MongoExceptionTranslator
instanceKlass java/util/concurrent/locks/LockSupport
instanceKlass java/util/concurrent/Executors$RunnableAdapter
instanceKlass com/mongodb/connection/InternalStreamConnection
instanceKlass com/mongodb/Mongo$3
instanceKlass java/util/concurrent/RunnableScheduledFuture
instanceKlass java/util/concurrent/ScheduledFuture
instanceKlass java/util/concurrent/Delayed
instanceKlass java/util/concurrent/ThreadPoolExecutor$AbortPolicy
instanceKlass java/util/concurrent/RejectedExecutionHandler
instanceKlass java/util/concurrent/AbstractExecutorService
instanceKlass java/util/concurrent/ScheduledExecutorService
instanceKlass java/util/concurrent/Executors
instanceKlass com/mongodb/Bytes$OptionHolder
instanceKlass java/util/concurrent/ConcurrentLinkedQueue$Node
instanceKlass com/mongodb/event/ClusterDescriptionChangedEvent
instanceKlass com/mongodb/connection/ClusterDescription$Predicate
instanceKlass com/mongodb/connection/ClusterDescription
instanceKlass com/mongodb/connection/ExponentiallyWeightedMovingAverage
instanceKlass com/mongodb/connection/DefaultServerMonitor$ServerMonitorRunnable
instanceKlass com/mongodb/connection/NoOpServerMonitorListener
instanceKlass com/mongodb/event/ServerMonitorListener
instanceKlass com/mongodb/connection/DefaultServerMonitor
instanceKlass com/mongodb/connection/Time
instanceKlass com/mongodb/connection/ServerVersion
instanceKlass com/mongodb/TagSet
instanceKlass com/mongodb/connection/ServerDescription$Builder
instanceKlass com/mongodb/connection/ServerDescription
instanceKlass com/mongodb/event/ServerOpeningEvent
instanceKlass com/mongodb/connection/DefaultServer$DefaultServerStateListener
instanceKlass com/mongodb/event/ServerEventMulticaster
instanceKlass com/mongodb/connection/AsyncConnection
instanceKlass com/mongodb/connection/Connection
instanceKlass com/mongodb/connection/DefaultConnectionFactory
instanceKlass com/mongodb/connection/ProtocolExecutor
instanceKlass com/mongodb/connection/ChangeListener
instanceKlass com/mongodb/connection/DefaultServer
instanceKlass com/mongodb/connection/ServerMonitor
instanceKlass com/mongodb/connection/DefaultServerMonitorFactory
instanceKlass sun/management/Flag$1
instanceKlass sun/management/Flag
instanceKlass sun/management/ExtendedPlatformComponent
instanceKlass sun/management/DiagnosticCommandImpl$Wrapper
instanceKlass sun/management/DiagnosticCommandArgumentInfo
instanceKlass sun/management/DiagnosticCommandInfo
instanceKlass sun/management/DiagnosticCommandImpl$OperationInfoComparator
instanceKlass java/lang/management/ManagementFactory$3
instanceKlass com/sun/management/DiagnosticCommandMBean
instanceKlass com/sun/management/VMOption
instanceKlass sun/management/HotSpotDiagnostic
instanceKlass com/sun/management/HotSpotDiagnosticMXBean
instanceKlass com/sun/management/UnixOperatingSystemMXBean
instanceKlass sun/nio/ch/FileChannelImpl$1
instanceKlass sun/management/ManagementFactoryHelper$1
instanceKlass java/nio/Bits$1$1
instanceKlass sun/misc/JavaNioAccess$BufferPool
instanceKlass java/lang/management/BufferPoolMXBean
instanceKlass javax/management/MBeanInfo$ArrayGettersSafeAction
instanceKlass javax/management/openmbean/OpenMBeanOperationInfo
instanceKlass sun/management/ManagementFactoryHelper$PlatformLoggingImpl
instanceKlass sun/management/ManagementFactoryHelper$LoggingMXBean
instanceKlass java/util/logging/LoggingMXBean
instanceKlass java/lang/management/PlatformLoggingMXBean
instanceKlass java/lang/management/LockInfo
instanceKlass java/lang/management/ThreadInfo
instanceKlass sun/management/ThreadImpl
instanceKlass com/sun/management/ThreadMXBean
instanceKlass java/lang/management/ThreadMXBean
instanceKlass sun/management/BaseOperatingSystemImpl
instanceKlass com/sun/management/OperatingSystemMXBean
instanceKlass java/lang/management/OperatingSystemMXBean
instanceKlass sun/management/Sensor
instanceKlass sun/management/MemoryPoolImpl
instanceKlass java/lang/management/MemoryPoolMXBean
instanceKlass javax/management/DescriptorKey
instanceKlass com/sun/management/GcInfo
instanceKlass javax/management/openmbean/CompositeDataView
instanceKlass jdk/Exported
instanceKlass com/sun/management/GarbageCollectorMXBean
instanceKlass sun/management/ManagementFactory
instanceKlass java/lang/management/GarbageCollectorMXBean
instanceKlass java/lang/management/MemoryManagerMXBean
instanceKlass com/sun/jmx/mbeanserver/PerInterface$MethodAndSig
instanceKlass java/lang/management/MemoryUsage
instanceKlass sun/management/NotificationEmitterSupport
instanceKlass java/lang/management/MemoryMXBean
instanceKlass sun/management/CompilationImpl
instanceKlass sun/management/VMManagementImpl$1
instanceKlass java/lang/management/CompilationMXBean
instanceKlass com/sun/jmx/mbeanserver/WeakIdentityHashMap
instanceKlass com/sun/jmx/mbeanserver/MXBeanLookup
instanceKlass com/sun/jmx/mbeanserver/PerInterface$InitMaps
instanceKlass com/sun/jmx/mbeanserver/PerInterface
instanceKlass javax/management/openmbean/OpenMBeanAttributeInfo
instanceKlass javax/management/openmbean/OpenMBeanParameterInfo
instanceKlass com/sun/jmx/mbeanserver/MBeanIntrospector$MBeanInfoMaker
instanceKlass com/sun/jmx/mbeanserver/MBeanAnalyzer$MBeanVisitor
instanceKlass com/sun/jmx/mbeanserver/MBeanAnalyzer$AttrMethods
instanceKlass com/sun/jmx/mbeanserver/MXBeanMapping
instanceKlass javax/management/openmbean/TabularData
instanceKlass javax/management/openmbean/CompositeData
instanceKlass javax/management/openmbean/OpenType
instanceKlass com/sun/jmx/mbeanserver/MXBeanMappingFactory
instanceKlass com/sun/jmx/mbeanserver/ConvertingMethod
instanceKlass com/sun/jmx/mbeanserver/MBeanAnalyzer$MethodOrder
instanceKlass com/sun/jmx/mbeanserver/MBeanAnalyzer
instanceKlass com/sun/jmx/mbeanserver/MBeanIntrospector
instanceKlass javax/management/MXBean
instanceKlass com/sun/jmx/mbeanserver/MBeanSupport
instanceKlass com/sun/jmx/mbeanserver/DescriptorCache
instanceKlass javax/management/JMX
instanceKlass javax/management/StandardMBean
instanceKlass java/lang/management/ManagementFactory$2
instanceKlass sun/management/Util
instanceKlass sun/management/ClassLoadingImpl
instanceKlass java/lang/management/ClassLoadingMXBean
instanceKlass java/lang/management/PlatformComponent$15
instanceKlass java/lang/management/PlatformComponent$14
instanceKlass java/lang/management/PlatformComponent$13
instanceKlass java/lang/management/PlatformComponent$12
instanceKlass java/lang/management/PlatformComponent$11
instanceKlass java/lang/management/PlatformComponent$10
instanceKlass java/lang/management/PlatformComponent$9
instanceKlass java/lang/management/PlatformComponent$8
instanceKlass java/lang/management/PlatformComponent$7
instanceKlass java/lang/management/PlatformComponent$6
instanceKlass java/lang/management/PlatformComponent$5
instanceKlass java/lang/management/PlatformComponent$4
instanceKlass java/lang/management/PlatformComponent$3
instanceKlass java/lang/management/PlatformComponent$2
instanceKlass java/lang/management/PlatformComponent$1
instanceKlass java/lang/management/PlatformComponent$MXBeanFetcher
instanceKlass com/sun/jmx/mbeanserver/JmxMBeanServer$3
instanceKlass javax/management/ObjectInstance
instanceKlass java/util/concurrent/CopyOnWriteArrayList$COWIterator
instanceKlass com/sun/jmx/mbeanserver/NamedObject
instanceKlass com/sun/jmx/interceptor/DefaultMBeanServerInterceptor$ResourceContext$1
instanceKlass com/sun/jmx/interceptor/DefaultMBeanServerInterceptor$ResourceContext
instanceKlass com/sun/jmx/mbeanserver/Repository$RegistrationContext
instanceKlass com/sun/jmx/mbeanserver/DynamicMBean2
instanceKlass com/sun/jmx/defaults/JmxProperties
instanceKlass com/sun/jmx/mbeanserver/Introspector
instanceKlass com/sun/jmx/mbeanserver/JmxMBeanServer$2
instanceKlass com/sun/jmx/interceptor/DefaultMBeanServerInterceptor
instanceKlass com/sun/jmx/interceptor/MBeanServerInterceptor
instanceKlass java/util/concurrent/locks/ReentrantReadWriteLock$WriteLock
instanceKlass java/util/concurrent/locks/ReentrantReadWriteLock$ReadLock
instanceKlass java/util/concurrent/locks/ReentrantReadWriteLock
instanceKlass java/util/concurrent/locks/ReadWriteLock
instanceKlass com/sun/jmx/mbeanserver/Repository
instanceKlass com/sun/jmx/mbeanserver/JmxMBeanServer$1
instanceKlass com/sun/jmx/mbeanserver/SecureClassLoaderRepository
instanceKlass com/sun/jmx/mbeanserver/MBeanInstantiator
instanceKlass com/sun/jmx/mbeanserver/ClassLoaderRepositorySupport$LoaderEntry
instanceKlass com/sun/jmx/mbeanserver/ClassLoaderRepositorySupport
instanceKlass com/sun/jmx/mbeanserver/ModifiableClassLoaderRepository
instanceKlass javax/management/loading/ClassLoaderRepository
instanceKlass javax/management/ImmutableDescriptor
instanceKlass javax/management/Descriptor
instanceKlass com/sun/jmx/remote/util/ClassLogger
instanceKlass javax/management/NotificationBroadcasterSupport$1
instanceKlass javax/management/NotificationBroadcasterSupport
instanceKlass javax/management/ObjectName$Property
instanceKlass javax/management/ObjectName
instanceKlass javax/management/QueryExp
instanceKlass com/sun/jmx/mbeanserver/Util
instanceKlass javax/management/MBeanInfo
instanceKlass javax/management/MBeanFeatureInfo
instanceKlass javax/management/DescriptorRead
instanceKlass javax/management/MBeanServerDelegate
instanceKlass javax/management/NotificationEmitter
instanceKlass javax/management/NotificationBroadcaster
instanceKlass javax/management/MBeanServerDelegateMBean
instanceKlass javax/management/MBeanRegistration
instanceKlass javax/management/DynamicMBean
instanceKlass com/sun/jmx/mbeanserver/JmxMBeanServer
instanceKlass com/sun/jmx/mbeanserver/SunJmxMBeanServer
instanceKlass javax/management/MBeanServer
instanceKlass javax/management/MBeanServerConnection
instanceKlass javax/management/MBeanServerBuilder
instanceKlass com/sun/jmx/mbeanserver/GetPropertyAction
instanceKlass javax/management/MBeanServerFactory
instanceKlass com/mongodb/internal/management/jmx/JMXMBeanServer
instanceKlass com/mongodb/management/MBeanServer
instanceKlass com/mongodb/management/MBeanServerFactory
instanceKlass com/mongodb/event/ConnectionPoolListenerAdapter
instanceKlass com/mongodb/event/ConnectionPoolOpenedEvent
instanceKlass com/mongodb/connection/DefaultConnectionPool$UsageTrackingInternalConnectionItemFactory
instanceKlass org/bson/codecs/EncoderContext$Builder
instanceKlass org/bson/codecs/EncoderContext
instanceKlass org/bson/NoOpFieldNameValidator
instanceKlass org/bson/BsonBinaryWriterSettings
instanceKlass org/bson/BsonWriterSettings
instanceKlass org/bson/AbstractBsonWriter$Context
instanceKlass org/bson/FieldNameValidator
instanceKlass org/bson/AbstractBsonWriter
instanceKlass org/bson/codecs/BsonJavaScriptWithScopeCodec
instanceKlass org/bson/codecs/configuration/LazyCodec
instanceKlass org/bson/codecs/BsonArrayCodec
instanceKlass org/bson/codecs/configuration/Optional
instanceKlass org/bson/codecs/configuration/ChildCodecRegistry
instanceKlass org/bson/codecs/BsonTypeCodecMap
instanceKlass org/bson/codecs/BsonDocumentCodec
instanceKlass org/bson/BsonDocument$1
instanceKlass com/mongodb/connection/InternalStreamConnectionInitializer
instanceKlass com/mongodb/connection/ClientMetadataHelper
instanceKlass com/mongodb/connection/Authenticator
instanceKlass com/mongodb/connection/InternalConnectionInitializer
instanceKlass com/mongodb/connection/InternalStreamConnectionFactory
instanceKlass com/mongodb/connection/ServerId
instanceKlass com/mongodb/internal/thread/DaemonThreadFactory
instanceKlass com/mongodb/async/SingleResultCallback
instanceKlass com/mongodb/connection/InternalConnection
instanceKlass com/mongodb/connection/DefaultConnectionPool
instanceKlass com/mongodb/connection/SingleServerCluster$1
instanceKlass java/text/DateFormatSymbols
instanceKlass sun/util/locale/provider/CalendarDataUtility$CalendarWeekParameterGetter
instanceKlass sun/util/locale/provider/CalendarDataUtility
instanceKlass java/util/Calendar$Builder
instanceKlass java/util/TimeZone$1
instanceKlass java/util/zip/CRC32
instanceKlass java/util/zip/Checksum
